(Gen. 0) BestSol = Solution: cost=[38090.0], size=[48], elements=[1, 4, 6, 8, 9, 24, 25, 27, 28, 30, 32, 33, 34, 38, 39, 40, 41, 42, 43, 48, 49, 50, 51, 53, 58, 61, 64, 67, 69, 70, 73, 75, 76, 77, 78, 79, 81, 82, 83, 84, 86, 87, 89, 90, 93, 96, 97, 98]
(Gen. 1) BestSol = Solution: cost=[41194.0], size=[47], elements=[4, 7, 12, 13, 20, 22, 23, 25, 27, 28, 30, 31, 32, 37, 39, 40, 42, 43, 44, 46, 47, 48, 49, 50, 54, 55, 57, 58, 61, 64, 65, 68, 69, 70, 73, 75, 76, 81, 83, 85, 86, 87, 89, 96, 97, 98, 99]
(Gen. 2) BestSol = Solution: cost=[41468.0], size=[48], elements=[1, 4, 6, 10, 11, 12, 13, 20, 22, 23, 24, 25, 27, 28, 30, 35, 37, 39, 40, 42, 43, 46, 47, 48, 49, 54, 55, 57, 58, 61, 64, 68, 69, 70, 71, 73, 78, 81, 83, 85, 86, 87, 89, 90, 96, 97, 98, 99]
(Gen. 3) BestSol = Solution: cost=[41638.0], size=[48], elements=[1, 4, 6, 12, 13, 20, 22, 23, 24, 25, 27, 28, 30, 35, 37, 39, 40, 42, 43, 46, 47, 48, 49, 53, 54, 55, 57, 58, 61, 64, 68, 69, 70, 71, 73, 76, 78, 81, 83, 85, 86, 87, 89, 90, 96, 97, 98, 99]
(Gen. 15) BestSol = Solution: cost=[41704.0], size=[48], elements=[6, 11, 12, 13, 21, 22, 23, 24, 25, 27, 28, 30, 32, 35, 37, 39, 40, 42, 43, 46, 47, 48, 49, 50, 54, 57, 58, 61, 64, 65, 68, 69, 70, 73, 75, 76, 78, 81, 83, 85, 86, 87, 89, 90, 96, 97, 98, 99]
(Gen. 16) BestSol = Solution: cost=[41830.0], size=[49], elements=[4, 6, 12, 13, 20, 22, 23, 24, 27, 28, 30, 33, 34, 35, 37, 39, 40, 42, 43, 46, 47, 48, 49, 50, 54, 55, 57, 58, 61, 65, 68, 69, 70, 73, 75, 76, 78, 81, 83, 84, 85, 87, 89, 92, 93, 96, 97, 98, 99]
(Gen. 19) BestSol = Solution: cost=[42037.0], size=[49], elements=[4, 6, 12, 13, 20, 22, 23, 24, 28, 30, 32, 33, 34, 35, 37, 39, 40, 42, 43, 46, 47, 48, 49, 50, 54, 55, 57, 58, 61, 64, 68, 69, 73, 75, 76, 77, 78, 81, 83, 84, 85, 86, 87, 89, 93, 96, 97, 98, 99]
(Gen. 30) BestSol = Solution: cost=[42038.0], size=[50], elements=[4, 6, 10, 11, 12, 13, 20, 22, 23, 24, 25, 27, 28, 30, 33, 34, 35, 37, 38, 39, 40, 42, 43, 46, 47, 48, 49, 50, 54, 55, 57, 58, 61, 63, 68, 69, 70, 73, 75, 76, 78, 83, 85, 86, 87, 89, 96, 97, 98, 99]
(Gen. 31) BestSol = Solution: cost=[42175.0], size=[49], elements=[4, 6, 12, 13, 20, 22, 23, 24, 27, 28, 30, 32, 33, 34, 35, 36, 37, 39, 40, 42, 43, 46, 47, 48, 49, 50, 54, 55, 57, 58, 61, 64, 68, 69, 70, 73, 76, 78, 81, 83, 85, 86, 87, 89, 93, 96, 97, 98, 99]
(Gen. 37) BestSol = Solution: cost=[42327.0], size=[50], elements=[4, 6, 12, 13, 20, 21, 22, 23, 24, 27, 28, 30, 33, 34, 35, 36, 37, 39, 40, 42, 43, 46, 47, 48, 49, 50, 54, 55, 57, 58, 61, 64, 68, 69, 70, 73, 76, 78, 81, 83, 85, 86, 87, 89, 90, 93, 96, 97, 98, 99]
(Gen. 110) BestSol = Solution: cost=[42340.0], size=[50], elements=[4, 6, 11, 12, 13, 21, 22, 23, 24, 27, 28, 30, 32, 33, 34, 35, 37, 39, 40, 42, 43, 46, 47, 48, 49, 50, 51, 54, 55, 57, 58, 61, 64, 68, 70, 73, 76, 77, 78, 81, 83, 85, 86, 87, 89, 93, 96, 97, 98, 99]
(Gen. 112) BestSol = Solution: cost=[42369.0], size=[50], elements=[4, 6, 12, 13, 20, 22, 23, 24, 27, 28, 30, 32, 33, 34, 35, 37, 39, 40, 42, 43, 45, 46, 47, 48, 49, 50, 54, 55, 57, 58, 61, 68, 69, 70, 71, 73, 76, 77, 78, 81, 83, 85, 86, 87, 89, 93, 96, 97, 98, 99]
(Gen. 181) BestSol = Solution: cost=[42388.0], size=[51], elements=[6, 11, 12, 13, 20, 22, 23, 24, 25, 26, 27, 28, 30, 32, 33, 34, 35, 37, 38, 39, 40, 42, 43, 45, 46, 47, 48, 49, 50, 54, 55, 57, 58, 61, 68, 69, 73, 76, 77, 78, 81, 83, 85, 86, 87, 89, 93, 96, 97, 98, 99]
(Gen. 211) BestSol = Solution: cost=[42410.0], size=[50], elements=[4, 6, 11, 12, 13, 20, 22, 23, 24, 27, 28, 30, 32, 33, 34, 35, 37, 38, 39, 40, 42, 43, 46, 47, 48, 49, 50, 54, 55, 57, 58, 61, 64, 68, 69, 73, 76, 77, 78, 81, 83, 85, 86, 87, 89, 93, 96, 97, 98, 99]
(Gen. 313) BestSol = Solution: cost=[42428.0], size=[50], elements=[4, 6, 11, 12, 13, 20, 22, 23, 24, 27, 28, 30, 32, 33, 34, 35, 36, 37, 38, 39, 40, 42, 43, 46, 47, 48, 49, 50, 54, 55, 57, 58, 61, 64, 68, 69, 73, 76, 78, 81, 83, 85, 86, 87, 89, 93, 96, 97, 98, 99]
(Gen. 932) BestSol = Solution: cost=[42444.0], size=[50], elements=[4, 6, 11, 12, 13, 20, 22, 23, 24, 25, 26, 27, 28, 30, 33, 34, 35, 37, 39, 40, 42, 43, 46, 47, 48, 49, 50, 54, 55, 57, 58, 61, 64, 68, 69, 73, 76, 78, 81, 83, 84, 85, 86, 87, 89, 93, 96, 97, 98, 99]
Finished after 1932 generations.
Best solution found: Solution: cost=[42444.0], size=[50], elements=[4, 6, 11, 12, 13, 20, 22, 23, 24, 25, 26, 27, 28, 30, 33, 34, 35, 37, 39, 40, 42, 43, 46, 47, 48, 49, 50, 54, 55, 57, 58, 61, 64, 68, 69, 73, 76, 78, 81, 83, 84, 85, 86, 87, 89, 93, 96, 97, 98, 99] in time: 42.0 s.
Stopping criterion: stagnation_1000.
42444.0
