(Gen. 0) BestSol = Solution: cost=[38224.0], size=[48], elements=[0, 2, 5, 10, 11, 14, 17, 19, 20, 21, 23, 24, 26, 27, 28, 29, 33, 35, 39, 41, 44, 48, 56, 57, 60, 63, 64, 67, 68, 69, 72, 73, 76, 78, 79, 80, 81, 83, 87, 90, 91, 92, 94, 95, 96, 97, 98, 99]
(Gen. 1) BestSol = Solution: cost=[41739.0], size=[48], elements=[1, 2, 3, 5, 10, 14, 17, 18, 19, 20, 21, 22, 23, 31, 32, 33, 34, 40, 41, 42, 44, 48, 50, 51, 52, 54, 57, 58, 60, 61, 62, 63, 64, 65, 66, 68, 70, 71, 72, 73, 75, 76, 78, 80, 81, 93, 96, 98]
(Gen. 2) BestSol = Solution: cost=[41745.0], size=[48], elements=[1, 2, 3, 5, 10, 14, 15, 17, 18, 19, 20, 21, 22, 23, 31, 32, 33, 34, 35, 40, 41, 42, 48, 50, 51, 52, 54, 57, 58, 60, 61, 62, 63, 64, 65, 66, 68, 70, 72, 73, 75, 76, 78, 80, 81, 93, 96, 98]
(Gen. 12) BestSol = Solution: cost=[42136.0], size=[51], elements=[2, 3, 5, 8, 9, 10, 14, 15, 19, 20, 21, 22, 23, 24, 26, 27, 29, 31, 32, 41, 43, 44, 46, 48, 49, 50, 51, 52, 54, 56, 57, 58, 59, 60, 61, 64, 65, 66, 67, 68, 70, 73, 76, 78, 80, 81, 91, 96, 97, 98, 99]
(Gen. 15) BestSol = Solution: cost=[42176.0], size=[49], elements=[1, 2, 3, 5, 7, 10, 14, 15, 18, 19, 20, 21, 22, 23, 24, 26, 31, 32, 33, 34, 40, 41, 44, 46, 48, 50, 51, 52, 54, 56, 57, 58, 60, 61, 64, 65, 66, 68, 69, 70, 75, 76, 78, 80, 81, 83, 90, 96, 98]
(Gen. 16) BestSol = Solution: cost=[42270.0], size=[49], elements=[1, 2, 3, 5, 7, 10, 14, 15, 18, 19, 20, 21, 22, 23, 24, 26, 31, 32, 33, 34, 40, 41, 44, 46, 48, 50, 51, 52, 54, 56, 57, 58, 60, 61, 64, 65, 66, 68, 70, 75, 76, 78, 80, 81, 83, 90, 94, 96, 98]
(Gen. 26) BestSol = Solution: cost=[42728.0], size=[50], elements=[0, 1, 3, 5, 10, 14, 15, 18, 19, 20, 21, 22, 23, 24, 28, 29, 31, 32, 33, 34, 40, 41, 43, 44, 46, 48, 50, 51, 54, 56, 57, 58, 60, 61, 64, 65, 66, 68, 70, 72, 73, 75, 76, 78, 80, 81, 96, 97, 98, 99]
(Gen. 43) BestSol = Solution: cost=[42778.0], size=[51], elements=[1, 2, 5, 7, 10, 14, 15, 18, 19, 20, 21, 22, 24, 29, 31, 32, 33, 34, 41, 43, 44, 48, 49, 50, 51, 52, 54, 56, 58, 59, 60, 61, 64, 65, 66, 68, 70, 71, 72, 73, 76, 78, 80, 81, 82, 83, 91, 96, 97, 98, 99]
(Gen. 60) BestSol = Solution: cost=[42791.0], size=[51], elements=[1, 3, 5, 10, 14, 15, 18, 19, 20, 21, 22, 24, 29, 30, 31, 32, 33, 34, 40, 41, 43, 44, 48, 49, 50, 51, 52, 54, 56, 57, 58, 59, 60, 61, 64, 65, 66, 67, 68, 69, 70, 72, 73, 75, 76, 78, 80, 91, 96, 98, 99]
(Gen. 62) BestSol = Solution: cost=[42812.0], size=[50], elements=[1, 3, 5, 10, 14, 15, 18, 19, 20, 21, 22, 24, 26, 29, 31, 32, 33, 34, 40, 43, 44, 49, 50, 51, 52, 54, 56, 57, 58, 59, 60, 61, 64, 65, 66, 67, 68, 70, 72, 73, 76, 78, 80, 81, 83, 91, 96, 97, 98, 99]
(Gen. 72) BestSol = Solution: cost=[42926.0], size=[50], elements=[1, 3, 5, 7, 10, 14, 15, 18, 19, 20, 21, 22, 24, 27, 29, 31, 32, 33, 34, 40, 43, 44, 49, 50, 51, 52, 54, 56, 57, 58, 60, 61, 64, 65, 66, 68, 70, 72, 73, 76, 78, 80, 81, 83, 85, 91, 96, 97, 98, 99]
(Gen. 73) BestSol = Solution: cost=[42935.0], size=[50], elements=[1, 3, 5, 7, 10, 14, 15, 18, 19, 20, 21, 22, 24, 29, 31, 32, 33, 34, 40, 43, 44, 49, 50, 51, 52, 54, 56, 57, 58, 59, 60, 61, 64, 65, 66, 68, 70, 72, 73, 75, 76, 78, 80, 81, 83, 91, 96, 97, 98, 99]
(Gen. 98) BestSol = Solution: cost=[43051.0], size=[51], elements=[1, 3, 5, 7, 10, 14, 15, 18, 19, 20, 21, 22, 23, 24, 26, 29, 31, 32, 33, 34, 40, 43, 44, 50, 51, 52, 54, 56, 58, 60, 61, 64, 65, 66, 67, 68, 70, 72, 73, 74, 75, 76, 78, 80, 81, 83, 91, 96, 97, 98, 99]
(Gen. 99) BestSol = Solution: cost=[43062.0], size=[51], elements=[1, 3, 5, 7, 10, 14, 15, 18, 19, 20, 21, 22, 24, 26, 29, 31, 32, 33, 34, 40, 43, 44, 49, 50, 51, 52, 54, 56, 57, 58, 60, 61, 64, 65, 66, 68, 70, 72, 73, 74, 75, 76, 78, 80, 81, 83, 91, 96, 97, 98, 99]
(Gen. 139) BestSol = Solution: cost=[43208.0], size=[52], elements=[1, 5, 7, 10, 14, 15, 18, 19, 20, 21, 22, 24, 26, 29, 31, 32, 33, 34, 40, 43, 44, 49, 50, 51, 52, 54, 56, 57, 58, 60, 61, 64, 65, 66, 67, 68, 70, 72, 73, 74, 75, 76, 78, 80, 81, 83, 85, 91, 96, 97, 98, 99]
(Gen. 146) BestSol = Solution: cost=[43274.0], size=[51], elements=[1, 3, 5, 10, 14, 15, 18, 19, 20, 21, 22, 24, 26, 29, 31, 32, 33, 34, 40, 43, 44, 49, 50, 51, 52, 54, 56, 57, 58, 60, 61, 64, 65, 66, 67, 68, 70, 72, 73, 75, 76, 78, 80, 81, 83, 91, 94, 96, 97, 98, 99]
Finished after 1146 generations.
Best solution found: Solution: cost=[43274.0], size=[51], elements=[1, 3, 5, 10, 14, 15, 18, 19, 20, 21, 22, 24, 26, 29, 31, 32, 33, 34, 40, 43, 44, 49, 50, 51, 52, 54, 56, 57, 58, 60, 61, 64, 65, 66, 67, 68, 70, 72, 73, 75, 76, 78, 80, 81, 83, 91, 94, 96, 97, 98, 99] in time: 23.392 s.
Stopping criterion: stagnation_1000.
43274.0
