(Gen. 0) BestSol = Solution: cost=[38062.0], size=[49], elements=[2, 3, 6, 9, 11, 13, 18, 19, 20, 23, 24, 28, 29, 32, 33, 34, 35, 36, 40, 42, 45, 46, 48, 49, 50, 52, 53, 55, 57, 58, 59, 60, 61, 64, 67, 68, 69, 70, 71, 72, 75, 76, 77, 78, 79, 83, 88, 92, 99]
(Gen. 1) BestSol = Solution: cost=[40383.0], size=[49], elements=[2, 3, 4, 8, 9, 11, 13, 18, 19, 20, 23, 24, 28, 29, 32, 34, 35, 36, 40, 45, 47, 48, 49, 52, 53, 56, 57, 58, 60, 61, 64, 67, 68, 70, 71, 75, 76, 77, 78, 79, 83, 84, 86, 88, 91, 92, 94, 95, 99]
(Gen. 2) BestSol = Solution: cost=[40513.0], size=[48], elements=[2, 3, 4, 8, 11, 13, 16, 18, 19, 20, 23, 24, 28, 29, 32, 34, 35, 36, 40, 44, 48, 49, 50, 52, 53, 57, 58, 60, 61, 64, 67, 68, 70, 71, 75, 76, 77, 78, 79, 83, 84, 85, 86, 91, 92, 94, 95, 99]
(Gen. 13) BestSol = Solution: cost=[40678.0], size=[49], elements=[2, 3, 4, 8, 9, 11, 13, 18, 19, 20, 23, 24, 28, 29, 32, 34, 35, 36, 40, 44, 45, 47, 48, 49, 52, 53, 57, 58, 60, 61, 64, 67, 68, 70, 71, 75, 76, 77, 78, 79, 83, 84, 86, 88, 91, 92, 94, 95, 99]
(Gen. 14) BestSol = Solution: cost=[40926.0], size=[50], elements=[2, 3, 4, 8, 9, 13, 16, 18, 19, 20, 23, 24, 28, 29, 32, 36, 40, 41, 42, 44, 45, 48, 49, 50, 52, 53, 57, 58, 60, 61, 64, 65, 67, 70, 71, 75, 76, 77, 78, 79, 83, 84, 85, 86, 88, 91, 92, 94, 95, 99]
(Gen. 19) BestSol = Solution: cost=[41324.0], size=[50], elements=[3, 4, 8, 9, 11, 12, 13, 15, 18, 19, 23, 24, 25, 28, 29, 31, 34, 35, 36, 40, 41, 44, 45, 47, 48, 49, 50, 52, 53, 54, 57, 58, 60, 64, 67, 70, 71, 75, 76, 77, 78, 83, 84, 85, 86, 88, 91, 92, 94, 95]
(Gen. 27) BestSol = Solution: cost=[41341.0], size=[50], elements=[2, 3, 4, 8, 11, 12, 13, 15, 18, 19, 20, 23, 24, 25, 27, 29, 34, 35, 36, 40, 41, 44, 45, 47, 48, 49, 50, 52, 53, 54, 57, 58, 60, 64, 67, 70, 71, 75, 76, 77, 78, 83, 84, 85, 86, 88, 91, 92, 94, 95]
(Gen. 37) BestSol = Solution: cost=[41369.0], size=[50], elements=[3, 4, 8, 11, 12, 13, 16, 18, 19, 20, 23, 24, 25, 28, 29, 31, 34, 35, 36, 39, 40, 41, 44, 45, 48, 49, 50, 52, 54, 57, 58, 60, 61, 64, 67, 70, 75, 76, 77, 78, 81, 83, 84, 85, 86, 88, 91, 92, 94, 95]
(Gen. 39) BestSol = Solution: cost=[41538.0], size=[51], elements=[2, 3, 4, 8, 9, 11, 12, 13, 15, 18, 19, 20, 23, 24, 25, 27, 28, 29, 31, 34, 35, 36, 40, 41, 44, 45, 47, 48, 49, 50, 52, 53, 57, 58, 60, 64, 65, 67, 70, 71, 75, 76, 78, 83, 84, 85, 88, 91, 92, 94, 95]
(Gen. 57) BestSol = Solution: cost=[41698.0], size=[52], elements=[3, 4, 8, 9, 11, 12, 13, 15, 18, 19, 20, 23, 24, 25, 27, 28, 29, 31, 35, 36, 39, 40, 41, 44, 45, 47, 48, 49, 50, 52, 53, 54, 57, 58, 60, 61, 64, 67, 70, 71, 75, 76, 77, 78, 84, 85, 86, 88, 91, 92, 94, 95]
(Gen. 150) BestSol = Solution: cost=[41764.0], size=[52], elements=[3, 4, 8, 9, 11, 12, 13, 15, 16, 18, 19, 20, 23, 24, 25, 27, 28, 29, 31, 35, 36, 39, 40, 41, 44, 45, 47, 48, 49, 50, 52, 53, 54, 57, 58, 60, 61, 64, 67, 70, 71, 75, 77, 78, 84, 85, 86, 88, 91, 92, 94, 95]
(Gen. 612) BestSol = Solution: cost=[41817.0], size=[53], elements=[2, 3, 4, 8, 9, 11, 12, 13, 15, 16, 18, 19, 20, 23, 24, 25, 27, 28, 29, 31, 35, 36, 39, 40, 44, 45, 46, 47, 48, 49, 50, 52, 53, 57, 58, 60, 61, 64, 67, 69, 70, 71, 75, 76, 78, 84, 85, 86, 88, 91, 92, 94, 95]
(Gen. 661) BestSol = Solution: cost=[41818.0], size=[53], elements=[3, 4, 8, 9, 11, 12, 13, 15, 18, 19, 20, 23, 24, 25, 27, 28, 29, 31, 32, 35, 36, 39, 40, 41, 44, 45, 46, 47, 48, 49, 50, 52, 53, 57, 58, 60, 61, 64, 67, 69, 70, 71, 75, 76, 78, 84, 85, 86, 88, 91, 92, 94, 95]
(Gen. 960) BestSol = Solution: cost=[41824.0], size=[53], elements=[3, 4, 8, 9, 11, 12, 13, 15, 18, 19, 20, 23, 24, 25, 26, 27, 29, 31, 32, 35, 36, 39, 40, 41, 44, 45, 46, 47, 48, 49, 50, 52, 53, 57, 58, 60, 64, 67, 68, 69, 70, 71, 75, 76, 78, 83, 84, 85, 88, 91, 92, 94, 95]
(Gen. 1109) BestSol = Solution: cost=[41850.0], size=[54], elements=[3, 4, 8, 9, 11, 12, 13, 15, 18, 19, 20, 23, 24, 25, 26, 27, 29, 31, 32, 35, 36, 39, 40, 41, 42, 44, 45, 46, 47, 48, 49, 50, 52, 53, 57, 58, 60, 64, 65, 67, 68, 69, 70, 71, 75, 76, 78, 84, 85, 88, 91, 92, 94, 95]
(Gen. 1433) BestSol = Solution: cost=[41881.0], size=[54], elements=[3, 4, 8, 9, 11, 12, 13, 15, 18, 19, 20, 23, 24, 25, 26, 27, 29, 31, 32, 33, 35, 36, 39, 40, 41, 44, 45, 47, 48, 49, 50, 52, 53, 57, 58, 60, 64, 65, 67, 68, 69, 70, 71, 75, 76, 78, 81, 84, 85, 88, 91, 92, 94, 95]
Finished after 2433 generations.
Best solution found: Solution: cost=[41881.0], size=[54], elements=[3, 4, 8, 9, 11, 12, 13, 15, 18, 19, 20, 23, 24, 25, 26, 27, 29, 31, 32, 33, 35, 36, 39, 40, 41, 44, 45, 47, 48, 49, 50, 52, 53, 57, 58, 60, 64, 65, 67, 68, 69, 70, 71, 75, 76, 78, 81, 84, 85, 88, 91, 92, 94, 95] in time: 53.011 s.
Stopping criterion: stagnation_1000.
41881.0
