(Gen. 0) BestSol = Solution: cost=[21904.0], size=[26], elements=[1, 2, 4, 6, 7, 8, 12, 15, 17, 18, 25, 28, 34, 39, 56, 63, 65, 68, 73, 79, 81, 84, 85, 92, 93, 98]
(Gen. 1) BestSol = Solution: cost=[22062.0], size=[26], elements=[1, 3, 4, 6, 8, 10, 12, 25, 26, 28, 29, 31, 44, 49, 56, 61, 62, 65, 73, 76, 78, 81, 84, 92, 94, 98]
(Gen. 2) BestSol = Solution: cost=[22535.0], size=[27], elements=[1, 2, 4, 6, 7, 8, 12, 15, 18, 25, 28, 34, 56, 61, 62, 64, 65, 67, 68, 73, 76, 78, 81, 84, 92, 94, 98]
(Gen. 3) BestSol = Solution: cost=[22758.0], size=[27], elements=[1, 6, 7, 8, 10, 12, 15, 23, 28, 31, 41, 43, 49, 56, 61, 62, 65, 68, 73, 76, 78, 81, 84, 85, 91, 92, 94]
(Gen. 5) BestSol = Solution: cost=[22861.0], size=[28], elements=[1, 2, 4, 6, 7, 8, 12, 15, 17, 18, 25, 28, 56, 61, 62, 64, 65, 67, 68, 73, 76, 78, 81, 84, 85, 92, 94, 98]
(Gen. 7) BestSol = Solution: cost=[23336.0], size=[28], elements=[2, 6, 8, 10, 15, 23, 25, 26, 27, 28, 29, 31, 49, 56, 61, 62, 64, 65, 67, 68, 76, 78, 81, 84, 85, 92, 94, 98]
(Gen. 12) BestSol = Solution: cost=[23375.0], size=[28], elements=[1, 4, 6, 7, 8, 12, 15, 18, 25, 26, 28, 29, 31, 43, 56, 61, 62, 65, 68, 73, 76, 78, 81, 84, 85, 92, 94, 98]
(Gen. 13) BestSol = Solution: cost=[23587.0], size=[28], elements=[1, 2, 6, 8, 10, 15, 23, 25, 26, 28, 29, 31, 43, 49, 56, 61, 62, 65, 68, 76, 78, 81, 84, 85, 91, 92, 94, 98]
(Gen. 16) BestSol = Solution: cost=[23776.0], size=[28], elements=[1, 6, 7, 8, 10, 15, 23, 25, 26, 28, 29, 31, 43, 49, 56, 61, 62, 65, 68, 76, 78, 81, 84, 85, 91, 92, 94, 98]
(Gen. 22) BestSol = Solution: cost=[23789.0], size=[28], elements=[1, 2, 6, 7, 8, 10, 15, 23, 25, 26, 28, 29, 31, 43, 49, 56, 61, 62, 65, 68, 76, 78, 84, 85, 91, 92, 94, 98]
(Gen. 23) BestSol = Solution: cost=[23796.0], size=[29], elements=[1, 2, 6, 8, 10, 12, 18, 25, 26, 28, 29, 31, 43, 44, 49, 56, 61, 62, 65, 68, 76, 78, 81, 84, 85, 91, 92, 94, 98]
(Gen. 28) BestSol = Solution: cost=[23941.0], size=[29], elements=[1, 2, 6, 8, 10, 12, 18, 25, 26, 28, 29, 31, 43, 49, 56, 61, 62, 65, 68, 76, 78, 81, 84, 85, 86, 91, 92, 94, 98]
(Gen. 29) BestSol = Solution: cost=[24153.0], size=[29], elements=[1, 2, 6, 8, 10, 12, 18, 23, 25, 26, 28, 29, 31, 43, 49, 56, 61, 62, 65, 68, 76, 78, 84, 85, 86, 91, 92, 94, 98]
(Gen. 176) BestSol = Solution: cost=[24163.0], size=[29], elements=[1, 2, 6, 7, 8, 12, 18, 23, 25, 26, 28, 29, 31, 43, 49, 56, 61, 62, 65, 68, 76, 78, 84, 85, 86, 91, 92, 94, 98]
(Gen. 186) BestSol = Solution: cost=[24168.0], size=[29], elements=[1, 2, 6, 7, 8, 18, 23, 25, 26, 28, 29, 31, 43, 49, 56, 61, 62, 65, 68, 76, 78, 84, 85, 86, 91, 92, 94, 95, 98]
(Gen. 261) BestSol = Solution: cost=[24254.0], size=[29], elements=[1, 2, 6, 8, 18, 23, 25, 26, 28, 29, 31, 34, 43, 49, 56, 61, 62, 65, 68, 76, 78, 84, 85, 86, 91, 92, 94, 95, 98]
(Gen. 322) BestSol = Solution: cost=[24329.0], size=[29], elements=[1, 2, 6, 8, 17, 23, 25, 26, 28, 29, 31, 34, 43, 49, 56, 61, 62, 65, 68, 76, 78, 84, 85, 86, 91, 92, 94, 95, 98]
Finished after 1322 generations.
Best solution found: Solution: cost=[24329.0], size=[29], elements=[1, 2, 6, 8, 17, 23, 25, 26, 28, 29, 31, 34, 43, 49, 56, 61, 62, 65, 68, 76, 78, 84, 85, 86, 91, 92, 94, 95, 98] in time: 13.53 s.
Stopping criterion: stagnation_1000.
24329.0
