(Gen. 0) BestSol = Solution: cost=[23278.0], size=[28], elements=[3, 13, 14, 15, 18, 23, 25, 28, 29, 39, 41, 43, 44, 46, 49, 54, 58, 63, 64, 73, 76, 78, 79, 83, 87, 88, 92, 93]
(Gen. 2) BestSol = Solution: cost=[23544.0], size=[28], elements=[13, 14, 15, 18, 23, 25, 28, 29, 39, 41, 43, 44, 46, 49, 54, 58, 63, 64, 73, 76, 78, 79, 83, 87, 88, 92, 93, 97]
(Gen. 4) BestSol = Solution: cost=[23605.0], size=[28], elements=[13, 14, 15, 18, 23, 25, 28, 29, 39, 41, 43, 44, 46, 49, 54, 59, 60, 63, 64, 73, 76, 78, 81, 83, 87, 88, 92, 97]
(Gen. 5) BestSol = Solution: cost=[23725.0], size=[28], elements=[3, 13, 14, 15, 18, 23, 25, 28, 29, 39, 41, 43, 44, 46, 49, 54, 58, 63, 64, 75, 76, 78, 79, 83, 87, 88, 92, 97]
(Gen. 6) BestSol = Solution: cost=[23811.0], size=[28], elements=[6, 9, 14, 15, 18, 21, 22, 26, 28, 29, 39, 40, 43, 46, 59, 60, 63, 64, 73, 76, 78, 79, 87, 88, 92, 93, 95, 96]
(Gen. 7) BestSol = Solution: cost=[23958.0], size=[29], elements=[6, 8, 13, 18, 22, 25, 26, 28, 29, 33, 39, 40, 41, 43, 46, 54, 58, 63, 64, 65, 73, 78, 81, 87, 88, 92, 93, 96, 98]
(Gen. 8) BestSol = Solution: cost=[24037.0], size=[29], elements=[13, 14, 18, 23, 25, 28, 29, 39, 40, 41, 43, 44, 46, 49, 50, 54, 58, 63, 64, 73, 76, 78, 79, 87, 88, 92, 93, 96, 97]
(Gen. 10) BestSol = Solution: cost=[24480.0], size=[30], elements=[8, 13, 18, 22, 23, 25, 26, 28, 29, 39, 40, 41, 43, 44, 46, 49, 50, 54, 58, 63, 64, 73, 76, 78, 79, 87, 88, 92, 93, 96]
(Gen. 12) BestSol = Solution: cost=[24493.0], size=[29], elements=[13, 14, 15, 18, 23, 25, 28, 29, 39, 41, 43, 44, 46, 49, 54, 63, 64, 73, 76, 78, 79, 81, 87, 88, 92, 93, 95, 96, 97]
(Gen. 13) BestSol = Solution: cost=[24604.0], size=[30], elements=[6, 8, 18, 22, 23, 25, 28, 29, 33, 39, 41, 43, 44, 46, 50, 54, 59, 63, 64, 65, 73, 76, 78, 79, 81, 87, 88, 92, 93, 96]
(Gen. 15) BestSol = Solution: cost=[24625.0], size=[30], elements=[6, 8, 13, 18, 23, 25, 28, 29, 33, 39, 41, 43, 44, 46, 50, 54, 59, 63, 64, 65, 73, 76, 78, 79, 81, 87, 88, 92, 93, 96]
(Gen. 16) BestSol = Solution: cost=[24976.0], size=[30], elements=[8, 13, 18, 22, 23, 25, 26, 28, 29, 39, 41, 43, 46, 49, 50, 54, 59, 60, 63, 64, 65, 73, 76, 78, 79, 87, 88, 92, 93, 96]
(Gen. 17) BestSol = Solution: cost=[25072.0], size=[30], elements=[6, 8, 13, 18, 22, 25, 26, 28, 29, 39, 41, 43, 46, 49, 50, 54, 59, 60, 63, 64, 65, 73, 76, 78, 79, 87, 88, 92, 93, 96]
(Gen. 27) BestSol = Solution: cost=[25183.0], size=[30], elements=[6, 8, 13, 18, 22, 25, 26, 28, 29, 39, 41, 43, 44, 46, 49, 50, 54, 59, 60, 63, 64, 65, 73, 76, 78, 88, 92, 93, 96, 98]
(Gen. 627) BestSol = Solution: cost=[25203.0], size=[30], elements=[6, 8, 13, 14, 18, 22, 25, 26, 28, 29, 39, 41, 44, 46, 49, 50, 54, 59, 60, 63, 64, 65, 73, 76, 78, 79, 88, 92, 93, 96]
(Gen. 789) BestSol = Solution: cost=[25367.0], size=[31], elements=[6, 8, 13, 14, 18, 22, 23, 25, 26, 28, 29, 39, 41, 44, 46, 49, 50, 54, 59, 60, 63, 64, 73, 76, 78, 79, 87, 88, 92, 93, 96]
(Gen. 844) BestSol = Solution: cost=[25521.0], size=[31], elements=[6, 8, 13, 14, 18, 22, 25, 26, 28, 29, 39, 41, 44, 46, 49, 50, 54, 58, 59, 60, 63, 64, 73, 76, 78, 79, 87, 88, 92, 93, 96]
Finished after 1844 generations.
Best solution found: Solution: cost=[25521.0], size=[31], elements=[6, 8, 13, 14, 18, 22, 25, 26, 28, 29, 39, 41, 44, 46, 49, 50, 54, 58, 59, 60, 63, 64, 73, 76, 78, 79, 87, 88, 92, 93, 96] in time: 21.836 s.
Stopping criterion: stagnation_1000.
25521.0
