(Gen. 0) BestSol = Solution: cost=[37263.0], size=[51], elements=[1, 3, 4, 5, 6, 7, 10, 14, 15, 16, 17, 18, 19, 22, 23, 27, 28, 29, 31, 33, 37, 38, 39, 40, 44, 45, 47, 49, 50, 51, 52, 53, 54, 55, 56, 57, 59, 60, 62, 63, 64, 66, 67, 72, 74, 75, 77, 89, 90, 91, 94]
(Gen. 1) BestSol = Solution: cost=[37641.0], size=[51], elements=[4, 5, 6, 9, 10, 11, 14, 17, 19, 20, 21, 23, 24, 27, 28, 29, 33, 35, 38, 39, 41, 44, 46, 48, 50, 52, 53, 54, 55, 57, 60, 61, 65, 66, 67, 68, 72, 79, 80, 81, 83, 84, 86, 90, 91, 92, 94, 96, 97, 98, 99]
(Gen. 2) BestSol = Solution: cost=[38638.0], size=[52], elements=[4, 5, 6, 9, 10, 11, 14, 17, 19, 20, 21, 23, 24, 27, 28, 29, 33, 35, 38, 39, 41, 44, 46, 48, 50, 52, 53, 54, 55, 57, 59, 60, 61, 63, 64, 65, 67, 74, 75, 77, 79, 80, 81, 84, 86, 90, 91, 92, 94, 97, 98, 99]
(Gen. 6) BestSol = Solution: cost=[39239.0], size=[53], elements=[3, 5, 6, 7, 8, 10, 11, 13, 14, 15, 16, 17, 19, 21, 23, 24, 25, 27, 28, 29, 32, 34, 35, 38, 40, 41, 42, 46, 48, 49, 50, 52, 53, 54, 59, 60, 61, 62, 63, 64, 65, 67, 75, 77, 79, 84, 86, 91, 92, 94, 97, 98, 99]
(Gen. 7) BestSol = Solution: cost=[40082.0], size=[54], elements=[3, 5, 6, 7, 8, 10, 11, 14, 15, 16, 17, 19, 21, 23, 24, 25, 27, 28, 29, 32, 34, 35, 38, 40, 41, 42, 46, 48, 49, 50, 52, 53, 54, 59, 60, 61, 62, 63, 64, 65, 67, 68, 75, 77, 79, 82, 84, 85, 89, 92, 94, 97, 98, 99]
(Gen. 13) BestSol = Solution: cost=[40224.0], size=[53], elements=[3, 5, 6, 7, 8, 10, 11, 14, 16, 17, 19, 21, 23, 24, 25, 27, 28, 29, 33, 35, 38, 40, 41, 42, 46, 48, 49, 50, 52, 53, 54, 55, 57, 59, 60, 61, 62, 63, 64, 65, 67, 68, 72, 75, 79, 82, 84, 85, 89, 92, 97, 98, 99]
(Gen. 14) BestSol = Solution: cost=[40246.0], size=[54], elements=[3, 5, 6, 7, 8, 10, 11, 14, 16, 17, 19, 21, 23, 24, 25, 27, 28, 29, 33, 34, 38, 39, 40, 41, 44, 45, 46, 48, 49, 50, 52, 53, 54, 55, 59, 60, 61, 62, 63, 64, 65, 67, 68, 72, 75, 77, 79, 84, 85, 91, 92, 94, 97, 98]
(Gen. 15) BestSol = Solution: cost=[40551.0], size=[52], elements=[3, 5, 6, 7, 8, 10, 11, 14, 16, 18, 19, 20, 21, 22, 23, 24, 27, 28, 33, 35, 39, 40, 41, 42, 46, 48, 49, 50, 52, 53, 54, 55, 57, 59, 60, 61, 62, 63, 64, 65, 67, 68, 75, 79, 84, 85, 86, 92, 94, 97, 98, 99]
(Gen. 16) BestSol = Solution: cost=[41139.0], size=[54], elements=[1, 3, 4, 5, 6, 7, 8, 9, 10, 11, 14, 16, 17, 19, 21, 23, 24, 25, 27, 28, 29, 33, 35, 38, 40, 41, 42, 46, 48, 49, 50, 52, 54, 55, 57, 59, 60, 61, 62, 63, 64, 65, 67, 68, 72, 75, 79, 84, 85, 89, 92, 97, 98, 99]
(Gen. 26) BestSol = Solution: cost=[41223.0], size=[53], elements=[1, 3, 4, 5, 6, 7, 8, 9, 10, 11, 14, 16, 18, 19, 20, 21, 23, 24, 25, 27, 28, 29, 35, 38, 40, 41, 46, 48, 49, 50, 52, 54, 55, 57, 59, 60, 61, 62, 63, 64, 65, 67, 68, 72, 75, 79, 84, 85, 89, 92, 97, 98, 99]
(Gen. 28) BestSol = Solution: cost=[41403.0], size=[54], elements=[4, 5, 6, 7, 8, 9, 10, 11, 14, 16, 17, 18, 19, 21, 23, 24, 25, 27, 28, 29, 35, 38, 40, 41, 42, 45, 46, 48, 49, 50, 52, 53, 54, 57, 59, 60, 61, 62, 63, 64, 65, 67, 68, 72, 75, 79, 84, 85, 86, 89, 92, 97, 98, 99]
(Gen. 36) BestSol = Solution: cost=[41422.0], size=[53], elements=[4, 5, 6, 7, 8, 9, 10, 11, 14, 16, 17, 18, 19, 21, 23, 24, 25, 27, 28, 29, 33, 35, 38, 39, 40, 41, 45, 46, 48, 49, 50, 52, 53, 54, 57, 59, 60, 61, 62, 63, 64, 65, 67, 68, 72, 75, 79, 84, 85, 86, 92, 97, 98]
(Gen. 45) BestSol = Solution: cost=[41499.0], size=[53], elements=[3, 4, 5, 6, 7, 8, 9, 11, 14, 16, 18, 19, 21, 23, 24, 25, 27, 28, 29, 33, 35, 38, 39, 40, 41, 45, 46, 48, 49, 50, 52, 53, 54, 57, 59, 60, 61, 62, 63, 64, 65, 67, 68, 72, 75, 79, 84, 85, 86, 89, 92, 97, 98]
(Gen. 46) BestSol = Solution: cost=[41513.0], size=[53], elements=[4, 5, 6, 7, 8, 9, 10, 11, 14, 16, 18, 19, 21, 23, 24, 25, 27, 28, 29, 35, 38, 39, 40, 41, 42, 45, 46, 48, 49, 50, 52, 53, 54, 57, 59, 60, 61, 62, 63, 64, 65, 67, 68, 72, 75, 79, 84, 85, 86, 92, 97, 98, 99]
(Gen. 60) BestSol = Solution: cost=[41531.0], size=[53], elements=[4, 5, 6, 7, 8, 9, 10, 11, 14, 16, 18, 19, 21, 22, 23, 24, 27, 28, 29, 33, 35, 38, 39, 40, 41, 42, 45, 46, 48, 49, 50, 52, 53, 54, 55, 57, 59, 60, 61, 62, 63, 64, 67, 68, 72, 75, 79, 84, 85, 92, 97, 98, 99]
(Gen. 67) BestSol = Solution: cost=[41551.0], size=[53], elements=[4, 5, 6, 7, 8, 9, 10, 11, 14, 16, 17, 18, 19, 21, 23, 24, 25, 27, 28, 29, 33, 35, 38, 39, 40, 41, 45, 46, 48, 49, 50, 52, 54, 57, 59, 60, 61, 62, 63, 64, 65, 66, 67, 68, 72, 75, 79, 84, 85, 86, 92, 97, 98]
(Gen. 74) BestSol = Solution: cost=[41736.0], size=[53], elements=[4, 5, 6, 7, 8, 9, 10, 11, 14, 16, 18, 19, 21, 23, 24, 25, 27, 28, 29, 33, 35, 38, 39, 40, 41, 42, 45, 46, 48, 49, 50, 52, 53, 54, 57, 59, 60, 61, 62, 63, 64, 65, 67, 68, 72, 75, 79, 84, 85, 86, 92, 97, 98]
(Gen. 234) BestSol = Solution: cost=[41782.0], size=[53], elements=[3, 4, 5, 6, 7, 8, 9, 11, 14, 16, 18, 19, 21, 23, 24, 25, 27, 28, 29, 33, 35, 38, 39, 40, 41, 42, 45, 46, 48, 49, 50, 52, 53, 54, 57, 59, 60, 61, 62, 63, 64, 65, 67, 68, 72, 75, 84, 85, 86, 92, 97, 98, 99]
Finished after 1234 generations.
Best solution found: Solution: cost=[41782.0], size=[53], elements=[3, 4, 5, 6, 7, 8, 9, 11, 14, 16, 18, 19, 21, 23, 24, 25, 27, 28, 29, 33, 35, 38, 39, 40, 41, 42, 45, 46, 48, 49, 50, 52, 53, 54, 57, 59, 60, 61, 62, 63, 64, 65, 67, 68, 72, 75, 84, 85, 86, 92, 97, 98, 99] in time: 14.124 s.
Stopping criterion: stagnation_1000.
41782.0
