(Gen. 0) BestSol = Solution: cost=[40287.0], size=[48], elements=[0, 2, 6, 7, 11, 12, 13, 17, 19, 21, 22, 25, 26, 28, 33, 35, 36, 37, 40, 41, 42, 44, 51, 52, 54, 55, 57, 59, 63, 64, 65, 66, 68, 70, 74, 78, 79, 80, 82, 83, 84, 87, 92, 93, 95, 96, 97, 99]
(Gen. 1) BestSol = Solution: cost=[40509.0], size=[49], elements=[0, 2, 3, 4, 6, 8, 13, 14, 16, 17, 20, 26, 28, 31, 33, 35, 37, 38, 40, 41, 42, 44, 47, 49, 51, 53, 54, 55, 58, 59, 60, 61, 64, 66, 68, 70, 71, 73, 74, 75, 78, 79, 82, 87, 91, 92, 93, 96, 97]
(Gen. 2) BestSol = Solution: cost=[40593.0], size=[50], elements=[0, 2, 3, 5, 6, 7, 11, 13, 17, 19, 21, 24, 25, 26, 28, 29, 31, 35, 36, 38, 40, 41, 43, 44, 49, 51, 53, 54, 57, 58, 59, 60, 62, 63, 64, 65, 69, 73, 77, 78, 79, 80, 84, 86, 87, 89, 91, 92, 93, 99]
(Gen. 4) BestSol = Solution: cost=[41062.0], size=[51], elements=[0, 2, 3, 5, 6, 7, 11, 13, 16, 17, 19, 22, 24, 25, 26, 28, 29, 31, 36, 37, 40, 41, 42, 44, 47, 49, 50, 51, 53, 54, 55, 56, 58, 59, 62, 64, 66, 68, 69, 70, 71, 74, 76, 79, 80, 83, 85, 87, 89, 91, 93]
(Gen. 5) BestSol = Solution: cost=[41255.0], size=[53], elements=[0, 1, 4, 6, 8, 11, 12, 13, 17, 20, 21, 24, 25, 26, 27, 28, 29, 30, 31, 35, 37, 38, 39, 41, 42, 43, 44, 46, 49, 51, 54, 55, 56, 60, 62, 63, 64, 65, 70, 71, 74, 76, 77, 78, 79, 80, 82, 83, 84, 87, 93, 95, 96]
(Gen. 6) BestSol = Solution: cost=[41388.0], size=[48], elements=[2, 5, 6, 8, 12, 13, 16, 17, 19, 21, 24, 25, 26, 28, 29, 31, 35, 37, 38, 40, 41, 42, 44, 47, 51, 53, 54, 58, 59, 60, 62, 63, 64, 65, 70, 71, 73, 74, 78, 79, 82, 87, 91, 92, 93, 95, 96, 99]
(Gen. 7) BestSol = Solution: cost=[42665.0], size=[51], elements=[0, 2, 3, 5, 6, 7, 11, 13, 17, 19, 21, 22, 24, 25, 26, 28, 31, 33, 37, 38, 40, 42, 43, 44, 47, 49, 51, 53, 54, 59, 60, 62, 63, 68, 69, 70, 73, 74, 77, 78, 79, 80, 82, 83, 85, 87, 91, 92, 93, 95, 99]
(Gen. 8) BestSol = Solution: cost=[42955.0], size=[52], elements=[0, 2, 3, 5, 6, 7, 11, 13, 17, 19, 21, 22, 24, 25, 26, 28, 31, 33, 36, 37, 40, 41, 42, 43, 44, 47, 49, 51, 53, 54, 55, 56, 57, 59, 60, 63, 66, 68, 69, 70, 74, 76, 79, 80, 82, 83, 87, 91, 92, 93, 95, 99]
(Gen. 9) BestSol = Solution: cost=[43191.0], size=[52], elements=[0, 2, 3, 5, 6, 7, 13, 17, 19, 21, 22, 24, 25, 26, 28, 31, 33, 37, 38, 40, 42, 43, 44, 47, 49, 51, 53, 54, 59, 60, 62, 63, 68, 69, 70, 73, 74, 76, 77, 78, 79, 80, 82, 83, 85, 87, 91, 92, 93, 95, 97, 99]
(Gen. 11) BestSol = Solution: cost=[43349.0], size=[53], elements=[2, 5, 6, 8, 11, 12, 13, 17, 19, 21, 24, 25, 26, 28, 29, 31, 35, 37, 38, 40, 41, 42, 44, 47, 49, 50, 51, 53, 54, 55, 56, 58, 59, 62, 63, 64, 68, 69, 70, 74, 76, 79, 80, 83, 85, 87, 91, 92, 93, 95, 96, 97, 99]
(Gen. 12) BestSol = Solution: cost=[43567.0], size=[51], elements=[0, 2, 3, 5, 6, 7, 8, 12, 13, 17, 19, 21, 22, 24, 25, 28, 31, 33, 37, 38, 40, 42, 44, 47, 49, 51, 53, 54, 59, 60, 62, 63, 68, 70, 73, 74, 76, 77, 78, 79, 80, 82, 83, 87, 91, 92, 93, 95, 96, 97, 99]
(Gen. 14) BestSol = Solution: cost=[43651.0], size=[53], elements=[0, 2, 3, 5, 6, 7, 11, 13, 17, 19, 21, 22, 24, 25, 26, 28, 31, 37, 38, 40, 41, 42, 44, 47, 49, 51, 53, 54, 55, 56, 58, 59, 60, 62, 63, 66, 68, 69, 70, 74, 76, 79, 80, 83, 85, 87, 91, 92, 93, 95, 96, 97, 99]
(Gen. 15) BestSol = Solution: cost=[43800.0], size=[53], elements=[0, 2, 3, 5, 6, 7, 11, 12, 13, 17, 19, 21, 24, 25, 26, 28, 29, 31, 37, 38, 40, 41, 42, 44, 47, 49, 51, 53, 54, 55, 56, 58, 59, 62, 63, 66, 68, 69, 70, 74, 76, 79, 80, 83, 85, 87, 91, 92, 93, 95, 96, 97, 99]
(Gen. 17) BestSol = Solution: cost=[44060.0], size=[51], elements=[0, 2, 3, 5, 6, 7, 8, 12, 13, 17, 19, 21, 22, 25, 26, 28, 31, 33, 36, 37, 38, 40, 42, 44, 47, 49, 51, 53, 54, 59, 60, 62, 63, 68, 70, 73, 74, 76, 77, 78, 79, 82, 83, 87, 91, 92, 93, 95, 96, 97, 99]
(Gen. 19) BestSol = Solution: cost=[44168.0], size=[50], elements=[0, 2, 3, 5, 7, 8, 12, 13, 17, 19, 21, 22, 25, 26, 28, 31, 33, 36, 37, 38, 40, 41, 42, 44, 47, 49, 51, 53, 54, 56, 58, 59, 60, 62, 63, 66, 68, 70, 73, 74, 78, 79, 83, 87, 91, 92, 93, 95, 96, 99]
(Gen. 26) BestSol = Solution: cost=[44189.0], size=[51], elements=[0, 2, 3, 5, 6, 7, 8, 12, 13, 17, 19, 25, 26, 28, 31, 33, 36, 37, 38, 40, 41, 42, 44, 47, 49, 51, 53, 54, 56, 58, 59, 60, 62, 63, 66, 68, 70, 73, 74, 76, 77, 79, 83, 87, 91, 92, 93, 95, 96, 97, 99]
(Gen. 30) BestSol = Solution: cost=[44206.0], size=[51], elements=[0, 2, 3, 5, 6, 7, 8, 12, 13, 17, 21, 22, 25, 26, 28, 31, 33, 36, 37, 38, 40, 41, 42, 44, 47, 49, 51, 53, 54, 56, 58, 60, 62, 63, 68, 70, 73, 74, 76, 77, 79, 82, 83, 87, 91, 92, 93, 95, 96, 97, 99]
(Gen. 31) BestSol = Solution: cost=[44344.0], size=[51], elements=[0, 2, 3, 5, 6, 7, 8, 12, 13, 17, 21, 22, 25, 26, 28, 31, 33, 36, 37, 38, 40, 41, 42, 44, 47, 49, 51, 53, 54, 56, 58, 59, 60, 62, 63, 65, 68, 70, 73, 74, 76, 78, 79, 83, 87, 91, 92, 93, 95, 96, 99]
(Gen. 33) BestSol = Solution: cost=[44365.0], size=[51], elements=[0, 2, 3, 4, 5, 6, 7, 8, 12, 13, 17, 19, 25, 26, 28, 31, 33, 36, 37, 38, 40, 41, 42, 44, 47, 49, 51, 53, 54, 56, 58, 59, 60, 62, 63, 66, 68, 70, 73, 74, 76, 78, 79, 83, 87, 91, 93, 95, 96, 97, 99]
(Gen. 34) BestSol = Solution: cost=[44407.0], size=[52], elements=[0, 2, 3, 4, 5, 6, 7, 8, 12, 13, 17, 19, 21, 24, 25, 26, 28, 31, 36, 37, 38, 40, 41, 42, 44, 47, 49, 51, 53, 54, 59, 60, 62, 63, 66, 68, 70, 73, 74, 76, 78, 79, 80, 83, 87, 91, 92, 93, 95, 96, 97, 99]
(Gen. 38) BestSol = Solution: cost=[44436.0], size=[52], elements=[0, 2, 3, 4, 6, 7, 8, 11, 12, 13, 17, 19, 22, 25, 26, 28, 29, 31, 33, 36, 37, 38, 40, 41, 42, 44, 47, 49, 51, 53, 54, 56, 58, 59, 60, 62, 63, 64, 70, 73, 74, 76, 77, 79, 83, 87, 91, 92, 93, 95, 96, 99]
(Gen. 40) BestSol = Solution: cost=[44832.0], size=[52], elements=[0, 2, 3, 4, 5, 6, 7, 8, 11, 12, 13, 17, 21, 22, 25, 26, 28, 31, 33, 36, 37, 38, 40, 41, 42, 44, 47, 49, 51, 53, 54, 56, 58, 59, 60, 62, 63, 70, 73, 74, 76, 77, 79, 83, 87, 91, 92, 93, 95, 96, 97, 99]
Finished after 1040 generations.
Best solution found: Solution: cost=[44832.0], size=[52], elements=[0, 2, 3, 4, 5, 6, 7, 8, 11, 12, 13, 17, 21, 22, 25, 26, 28, 31, 33, 36, 37, 38, 40, 41, 42, 44, 47, 49, 51, 53, 54, 56, 58, 59, 60, 62, 63, 70, 73, 74, 76, 77, 79, 83, 87, 91, 92, 93, 95, 96, 97, 99] in time: 12.556 s.
Stopping criterion: stagnation_1000.
44832.0
