(Gen. 0) BestSol = Solution: cost=[38224.0], size=[48], elements=[0, 2, 5, 10, 11, 14, 17, 19, 20, 21, 23, 24, 26, 27, 28, 29, 33, 35, 39, 41, 44, 48, 56, 57, 60, 63, 64, 67, 68, 69, 72, 73, 76, 78, 79, 80, 81, 83, 87, 90, 91, 92, 94, 95, 96, 97, 98, 99]
(Gen. 1) BestSol = Solution: cost=[39230.0], size=[49], elements=[0, 2, 3, 13, 15, 18, 19, 20, 21, 22, 23, 24, 26, 29, 32, 34, 35, 39, 40, 42, 44, 48, 51, 52, 58, 60, 61, 62, 63, 65, 66, 68, 70, 72, 73, 74, 75, 76, 77, 78, 80, 81, 88, 91, 92, 93, 94, 98, 99]
(Gen. 2) BestSol = Solution: cost=[40491.0], size=[50], elements=[2, 5, 10, 14, 17, 19, 20, 21, 23, 24, 26, 27, 28, 29, 33, 35, 39, 40, 42, 44, 46, 48, 50, 52, 54, 57, 60, 61, 65, 66, 67, 68, 69, 72, 73, 76, 78, 80, 81, 83, 87, 90, 91, 92, 94, 95, 96, 97, 98, 99]
(Gen. 8) BestSol = Solution: cost=[40771.0], size=[49], elements=[2, 5, 10, 14, 15, 18, 19, 21, 23, 26, 27, 28, 29, 31, 34, 37, 40, 42, 43, 44, 46, 48, 50, 51, 52, 58, 60, 61, 62, 64, 65, 66, 67, 68, 69, 72, 73, 76, 78, 80, 81, 83, 91, 94, 95, 96, 97, 98, 99]
(Gen. 10) BestSol = Solution: cost=[40943.0], size=[49], elements=[1, 2, 3, 5, 7, 10, 14, 15, 18, 19, 21, 23, 24, 26, 27, 28, 29, 31, 32, 33, 34, 40, 41, 43, 49, 50, 51, 52, 56, 57, 58, 60, 64, 65, 66, 67, 70, 72, 73, 75, 76, 78, 80, 91, 94, 95, 96, 97, 98]
(Gen. 11) BestSol = Solution: cost=[40990.0], size=[51], elements=[2, 5, 10, 14, 18, 19, 20, 21, 23, 24, 26, 27, 28, 29, 31, 32, 34, 35, 40, 41, 43, 44, 46, 50, 51, 52, 56, 57, 60, 61, 62, 64, 65, 67, 68, 69, 72, 74, 75, 76, 77, 78, 80, 81, 87, 91, 94, 96, 97, 98, 99]
(Gen. 12) BestSol = Solution: cost=[41518.0], size=[49], elements=[1, 2, 3, 10, 14, 15, 18, 20, 21, 24, 26, 27, 28, 29, 31, 32, 34, 40, 42, 43, 46, 50, 51, 52, 54, 56, 57, 58, 60, 63, 64, 65, 66, 68, 72, 73, 74, 76, 78, 80, 81, 83, 91, 94, 95, 96, 97, 98, 99]
(Gen. 18) BestSol = Solution: cost=[41646.0], size=[51], elements=[1, 2, 3, 10, 14, 15, 18, 20, 21, 24, 26, 27, 28, 29, 31, 32, 34, 40, 42, 43, 44, 48, 49, 50, 52, 54, 57, 60, 61, 65, 66, 67, 68, 69, 72, 74, 75, 76, 78, 80, 81, 83, 87, 91, 92, 94, 95, 96, 97, 98, 99]
(Gen. 19) BestSol = Solution: cost=[41737.0], size=[49], elements=[2, 3, 5, 10, 14, 15, 18, 20, 21, 22, 23, 24, 26, 27, 28, 29, 31, 32, 34, 40, 43, 44, 48, 50, 51, 52, 57, 60, 61, 64, 65, 66, 67, 68, 70, 72, 73, 76, 78, 80, 81, 83, 91, 94, 95, 96, 97, 98, 99]
(Gen. 21) BestSol = Solution: cost=[41829.0], size=[50], elements=[1, 2, 5, 10, 14, 15, 18, 20, 21, 23, 24, 26, 27, 29, 31, 32, 34, 40, 43, 44, 48, 49, 50, 51, 52, 54, 56, 57, 58, 60, 61, 64, 65, 66, 69, 70, 72, 73, 75, 76, 78, 80, 81, 83, 91, 94, 96, 97, 98, 99]
(Gen. 26) BestSol = Solution: cost=[42082.0], size=[50], elements=[1, 2, 5, 10, 14, 15, 18, 20, 21, 23, 24, 26, 27, 28, 29, 31, 32, 34, 40, 43, 44, 48, 49, 50, 51, 52, 54, 56, 57, 58, 60, 61, 64, 65, 66, 68, 70, 72, 73, 76, 78, 80, 83, 91, 94, 95, 96, 97, 98, 99]
(Gen. 29) BestSol = Solution: cost=[42085.0], size=[50], elements=[1, 2, 5, 7, 10, 14, 15, 18, 20, 21, 22, 23, 26, 27, 28, 29, 31, 32, 34, 40, 43, 44, 48, 49, 50, 51, 52, 54, 56, 57, 58, 60, 61, 64, 65, 66, 68, 70, 72, 73, 76, 78, 80, 83, 91, 94, 96, 97, 98, 99]
(Gen. 30) BestSol = Solution: cost=[42552.0], size=[51], elements=[1, 2, 5, 7, 10, 14, 15, 18, 20, 21, 23, 24, 26, 27, 28, 29, 31, 32, 34, 40, 43, 44, 48, 49, 50, 51, 52, 54, 56, 58, 60, 61, 64, 65, 66, 67, 68, 70, 72, 73, 76, 78, 80, 83, 91, 94, 95, 96, 97, 98, 99]
(Gen. 53) BestSol = Solution: cost=[42597.0], size=[52], elements=[1, 2, 3, 5, 7, 10, 14, 15, 18, 20, 21, 22, 23, 24, 26, 27, 29, 31, 32, 34, 40, 41, 43, 44, 48, 49, 50, 51, 52, 54, 58, 60, 61, 64, 65, 66, 67, 68, 69, 70, 72, 73, 76, 77, 78, 80, 91, 94, 96, 97, 98, 99]
(Gen. 59) BestSol = Solution: cost=[42644.0], size=[51], elements=[1, 2, 5, 7, 10, 14, 15, 18, 20, 21, 22, 23, 24, 26, 27, 28, 29, 31, 32, 34, 40, 43, 44, 48, 49, 50, 51, 52, 54, 56, 58, 60, 61, 64, 65, 66, 67, 68, 72, 73, 76, 78, 80, 83, 91, 94, 95, 96, 97, 98, 99]
(Gen. 78) BestSol = Solution: cost=[42729.0], size=[51], elements=[1, 2, 5, 7, 10, 14, 15, 18, 20, 21, 22, 23, 24, 26, 27, 29, 31, 32, 34, 40, 41, 43, 44, 48, 49, 50, 51, 52, 54, 56, 58, 60, 61, 64, 65, 66, 68, 69, 70, 72, 73, 75, 76, 78, 80, 83, 91, 96, 97, 98, 99]
(Gen. 83) BestSol = Solution: cost=[42805.0], size=[51], elements=[1, 2, 5, 7, 10, 14, 15, 18, 20, 21, 22, 23, 24, 26, 27, 29, 31, 32, 34, 40, 41, 43, 44, 49, 50, 51, 52, 54, 56, 58, 60, 61, 64, 65, 66, 67, 68, 69, 70, 72, 73, 76, 78, 80, 83, 91, 95, 96, 97, 98, 99]
(Gen. 120) BestSol = Solution: cost=[42816.0], size=[51], elements=[1, 2, 5, 10, 14, 15, 18, 19, 20, 21, 22, 23, 24, 26, 27, 29, 31, 32, 34, 40, 41, 43, 44, 49, 50, 51, 52, 54, 56, 58, 60, 61, 63, 64, 65, 66, 67, 68, 70, 72, 73, 76, 77, 78, 80, 83, 91, 96, 97, 98, 99]
(Gen. 132) BestSol = Solution: cost=[42906.0], size=[52], elements=[1, 5, 7, 10, 14, 15, 18, 19, 20, 21, 22, 23, 24, 26, 27, 29, 31, 32, 34, 40, 41, 43, 44, 48, 49, 50, 51, 52, 54, 56, 58, 60, 61, 64, 65, 66, 67, 68, 70, 72, 73, 76, 77, 80, 83, 85, 91, 94, 96, 97, 98, 99]
(Gen. 144) BestSol = Solution: cost=[43072.0], size=[52], elements=[1, 2, 5, 7, 10, 14, 15, 18, 19, 20, 21, 22, 23, 24, 26, 27, 29, 31, 32, 34, 40, 41, 43, 44, 48, 49, 50, 51, 52, 54, 58, 60, 61, 64, 65, 66, 67, 68, 69, 70, 72, 73, 76, 78, 80, 83, 91, 94, 96, 97, 98, 99]
(Gen. 828) BestSol = Solution: cost=[43127.0], size=[52], elements=[1, 2, 5, 7, 10, 14, 15, 18, 19, 20, 21, 22, 23, 24, 26, 29, 31, 32, 33, 34, 40, 43, 44, 48, 49, 50, 51, 52, 54, 58, 59, 60, 61, 64, 65, 66, 67, 68, 69, 70, 72, 73, 76, 78, 80, 83, 91, 94, 96, 97, 98, 99]
Finished after 1828 generations.
Best solution found: Solution: cost=[43127.0], size=[52], elements=[1, 2, 5, 7, 10, 14, 15, 18, 19, 20, 21, 22, 23, 24, 26, 29, 31, 32, 33, 34, 40, 43, 44, 48, 49, 50, 51, 52, 54, 58, 59, 60, 61, 64, 65, 66, 67, 68, 69, 70, 72, 73, 76, 78, 80, 83, 91, 94, 96, 97, 98, 99] in time: 22.04 s.
Stopping criterion: stagnation_1000.
43127.0
