(Gen. 0) BestSol = Solution: cost=[39106.0], size=[50], elements=[0, 2, 7, 11, 12, 13, 14, 18, 19, 22, 26, 27, 28, 32, 35, 36, 37, 40, 42, 44, 45, 51, 54, 55, 57, 59, 63, 64, 65, 66, 67, 68, 70, 71, 72, 74, 75, 78, 80, 82, 83, 84, 87, 90, 92, 93, 95, 96, 98, 99]
(Gen. 1) BestSol = Solution: cost=[39483.0], size=[49], elements=[0, 2, 7, 11, 12, 13, 14, 19, 22, 26, 27, 28, 32, 35, 36, 37, 38, 40, 44, 45, 47, 49, 50, 51, 54, 55, 57, 59, 60, 61, 66, 67, 68, 71, 74, 75, 78, 80, 82, 83, 84, 87, 90, 92, 93, 95, 96, 98, 99]
(Gen. 3) BestSol = Solution: cost=[39558.0], size=[49], elements=[0, 2, 7, 11, 12, 13, 14, 19, 22, 24, 26, 27, 28, 32, 35, 36, 37, 38, 40, 44, 45, 47, 49, 50, 51, 54, 55, 57, 59, 62, 66, 67, 68, 71, 74, 75, 78, 80, 82, 83, 84, 87, 90, 92, 93, 95, 96, 98, 99]
(Gen. 5) BestSol = Solution: cost=[40114.0], size=[51], elements=[0, 2, 7, 11, 12, 13, 14, 18, 19, 22, 26, 27, 28, 32, 35, 36, 37, 40, 42, 44, 45, 47, 50, 51, 54, 55, 57, 59, 64, 65, 66, 67, 68, 70, 71, 72, 74, 75, 78, 81, 83, 84, 87, 90, 92, 93, 94, 95, 96, 98, 99]
(Gen. 6) BestSol = Solution: cost=[40412.0], size=[50], elements=[0, 2, 5, 11, 12, 13, 14, 19, 24, 26, 27, 28, 29, 32, 35, 36, 38, 40, 43, 44, 47, 49, 50, 51, 54, 55, 56, 57, 59, 60, 64, 66, 67, 68, 71, 72, 74, 77, 78, 80, 82, 83, 84, 87, 89, 92, 93, 94, 98, 99]
(Gen. 9) BestSol = Solution: cost=[40640.0], size=[51], elements=[0, 2, 5, 7, 10, 11, 13, 14, 19, 20, 22, 23, 24, 26, 27, 28, 29, 32, 35, 36, 40, 42, 43, 44, 49, 50, 51, 54, 56, 57, 60, 62, 64, 66, 67, 68, 71, 72, 74, 75, 77, 78, 80, 83, 84, 85, 86, 87, 92, 94, 95]
(Gen. 10) BestSol = Solution: cost=[40939.0], size=[50], elements=[0, 2, 4, 7, 11, 12, 13, 14, 22, 23, 24, 26, 27, 28, 29, 32, 35, 36, 37, 40, 42, 43, 44, 47, 49, 50, 51, 54, 55, 56, 57, 59, 60, 62, 64, 66, 67, 68, 71, 74, 75, 78, 80, 82, 83, 84, 87, 92, 93, 98]
(Gen. 12) BestSol = Solution: cost=[41108.0], size=[51], elements=[0, 2, 7, 11, 12, 13, 14, 19, 22, 24, 26, 27, 28, 29, 32, 35, 36, 37, 38, 40, 42, 43, 45, 47, 49, 51, 56, 57, 59, 60, 62, 64, 66, 67, 68, 71, 74, 75, 77, 82, 83, 84, 85, 87, 90, 92, 93, 95, 96, 98, 99]
(Gen. 14) BestSol = Solution: cost=[41379.0], size=[51], elements=[0, 2, 7, 11, 12, 13, 14, 19, 22, 24, 26, 27, 28, 29, 32, 35, 36, 37, 38, 40, 42, 43, 47, 49, 51, 56, 57, 59, 60, 62, 64, 66, 67, 68, 71, 72, 74, 75, 77, 82, 83, 84, 85, 87, 90, 92, 93, 95, 96, 98, 99]
(Gen. 16) BestSol = Solution: cost=[41678.0], size=[51], elements=[0, 2, 5, 8, 11, 12, 13, 14, 19, 20, 22, 24, 26, 27, 28, 29, 30, 32, 35, 36, 38, 40, 42, 43, 44, 47, 49, 50, 51, 55, 56, 57, 59, 60, 62, 66, 67, 68, 71, 72, 74, 75, 77, 83, 84, 85, 87, 92, 93, 98, 99]
(Gen. 17) BestSol = Solution: cost=[41945.0], size=[52], elements=[0, 2, 5, 7, 8, 11, 12, 13, 14, 19, 20, 22, 24, 26, 27, 28, 29, 30, 32, 35, 36, 38, 40, 42, 43, 44, 47, 49, 50, 51, 55, 56, 57, 60, 62, 66, 67, 68, 71, 72, 74, 75, 77, 83, 84, 85, 86, 87, 92, 94, 98, 99]
(Gen. 19) BestSol = Solution: cost=[42293.0], size=[52], elements=[0, 2, 5, 7, 8, 11, 12, 13, 14, 19, 20, 22, 24, 27, 28, 29, 30, 32, 35, 36, 38, 40, 42, 43, 44, 47, 49, 50, 51, 56, 57, 59, 60, 62, 66, 67, 68, 71, 72, 74, 75, 77, 83, 84, 85, 86, 87, 92, 93, 94, 98, 99]
(Gen. 22) BestSol = Solution: cost=[42532.0], size=[52], elements=[0, 2, 5, 7, 8, 11, 12, 13, 14, 19, 22, 24, 26, 27, 28, 32, 35, 36, 38, 40, 42, 43, 44, 49, 50, 51, 54, 55, 56, 57, 59, 60, 62, 64, 66, 67, 68, 71, 72, 74, 75, 77, 78, 82, 83, 84, 85, 87, 92, 93, 98, 99]
(Gen. 31) BestSol = Solution: cost=[42555.0], size=[52], elements=[0, 2, 7, 10, 11, 12, 13, 19, 22, 24, 26, 27, 28, 29, 32, 35, 36, 38, 40, 42, 43, 44, 47, 49, 50, 51, 54, 55, 56, 57, 59, 60, 62, 66, 67, 68, 71, 72, 74, 75, 77, 82, 83, 84, 85, 86, 87, 92, 93, 94, 98, 99]
(Gen. 33) BestSol = Solution: cost=[42596.0], size=[52], elements=[0, 2, 5, 7, 8, 11, 12, 13, 14, 19, 20, 22, 24, 26, 27, 28, 32, 35, 36, 38, 40, 42, 43, 44, 49, 50, 51, 54, 55, 56, 57, 59, 60, 62, 64, 66, 67, 68, 71, 72, 74, 75, 77, 82, 83, 84, 85, 87, 92, 93, 98, 99]
(Gen. 203) BestSol = Solution: cost=[42610.0], size=[52], elements=[0, 2, 5, 7, 8, 11, 12, 13, 14, 19, 20, 22, 24, 26, 27, 28, 30, 32, 35, 36, 38, 40, 42, 44, 47, 49, 50, 51, 54, 55, 56, 57, 59, 60, 62, 66, 67, 68, 71, 72, 74, 75, 77, 82, 83, 84, 85, 87, 92, 93, 98, 99]
(Gen. 250) BestSol = Solution: cost=[42662.0], size=[52], elements=[0, 2, 5, 7, 8, 11, 12, 13, 14, 19, 20, 22, 24, 27, 28, 32, 35, 36, 38, 40, 42, 44, 47, 49, 50, 51, 54, 55, 56, 57, 59, 60, 62, 66, 67, 68, 71, 72, 74, 75, 77, 78, 82, 83, 84, 85, 87, 92, 93, 94, 98, 99]
(Gen. 283) BestSol = Solution: cost=[42708.0], size=[52], elements=[0, 2, 5, 7, 8, 10, 12, 13, 14, 19, 20, 22, 24, 26, 27, 28, 32, 35, 36, 38, 40, 42, 44, 47, 49, 50, 51, 54, 55, 56, 57, 59, 60, 62, 66, 67, 68, 71, 72, 74, 75, 77, 78, 83, 84, 85, 87, 92, 93, 94, 98, 99]
Finished after 1283 generations.
Best solution found: Solution: cost=[42708.0], size=[52], elements=[0, 2, 5, 7, 8, 10, 12, 13, 14, 19, 20, 22, 24, 26, 27, 28, 32, 35, 36, 38, 40, 42, 44, 47, 49, 50, 51, 54, 55, 56, 57, 59, 60, 62, 66, 67, 68, 71, 72, 74, 75, 77, 78, 83, 84, 85, 87, 92, 93, 94, 98, 99] in time: 14.632 s.
Stopping criterion: stagnation_1000.
42708.0
