(Gen. 0) BestSol = Solution: cost=[38062.0], size=[49], elements=[2, 3, 6, 9, 11, 13, 18, 19, 20, 23, 24, 28, 29, 32, 33, 34, 35, 36, 40, 42, 45, 46, 48, 49, 50, 52, 53, 55, 57, 58, 59, 60, 61, 64, 67, 68, 69, 70, 71, 72, 75, 76, 77, 78, 79, 83, 88, 92, 99]
(Gen. 2) BestSol = Solution: cost=[38237.0], size=[51], elements=[2, 3, 5, 6, 7, 11, 13, 15, 16, 17, 19, 23, 24, 25, 26, 27, 28, 29, 39, 40, 41, 42, 44, 46, 48, 49, 54, 57, 58, 60, 61, 62, 63, 64, 65, 67, 68, 69, 70, 71, 72, 75, 78, 83, 84, 85, 86, 88, 91, 92, 96]
(Gen. 3) BestSol = Solution: cost=[38786.0], size=[50], elements=[2, 3, 6, 9, 11, 13, 18, 19, 20, 23, 24, 28, 29, 32, 33, 34, 35, 36, 40, 42, 45, 46, 48, 49, 50, 52, 53, 55, 57, 58, 59, 60, 61, 64, 67, 68, 69, 70, 71, 72, 75, 76, 77, 78, 79, 83, 88, 92, 96, 99]
(Gen. 5) BestSol = Solution: cost=[38998.0], size=[49], elements=[2, 3, 5, 6, 9, 11, 12, 13, 18, 19, 20, 23, 24, 28, 29, 31, 32, 33, 34, 35, 36, 40, 45, 46, 48, 49, 52, 53, 54, 57, 58, 60, 61, 64, 67, 68, 69, 70, 71, 75, 76, 77, 78, 79, 85, 86, 88, 92, 94]
(Gen. 6) BestSol = Solution: cost=[39111.0], size=[49], elements=[3, 4, 5, 6, 8, 11, 12, 13, 17, 20, 24, 25, 27, 28, 29, 31, 32, 34, 35, 36, 40, 41, 44, 45, 48, 50, 54, 57, 58, 60, 61, 64, 65, 67, 68, 69, 70, 71, 75, 76, 77, 83, 84, 85, 88, 91, 92, 94, 95]
(Gen. 7) BestSol = Solution: cost=[39392.0], size=[51], elements=[2, 3, 6, 9, 11, 13, 20, 23, 24, 28, 29, 32, 33, 34, 35, 36, 40, 42, 45, 46, 48, 49, 50, 52, 53, 55, 57, 58, 59, 60, 61, 64, 65, 67, 68, 69, 70, 71, 72, 75, 76, 77, 79, 81, 85, 86, 88, 91, 92, 94, 95]
(Gen. 8) BestSol = Solution: cost=[39907.0], size=[50], elements=[2, 5, 6, 8, 9, 11, 12, 18, 19, 20, 23, 24, 27, 28, 29, 31, 32, 34, 35, 36, 40, 41, 44, 45, 48, 50, 54, 57, 58, 60, 61, 64, 65, 67, 68, 69, 70, 71, 75, 76, 77, 83, 84, 85, 88, 91, 92, 94, 95, 99]
(Gen. 9) BestSol = Solution: cost=[40048.0], size=[51], elements=[2, 3, 5, 6, 11, 13, 15, 16, 17, 18, 19, 20, 23, 24, 29, 33, 35, 36, 40, 42, 45, 46, 47, 48, 49, 50, 52, 53, 57, 58, 60, 61, 64, 67, 69, 71, 75, 76, 77, 78, 79, 83, 84, 85, 86, 88, 91, 92, 94, 95, 99]
(Gen. 10) BestSol = Solution: cost=[40154.0], size=[51], elements=[3, 4, 5, 6, 8, 11, 12, 13, 18, 19, 20, 23, 24, 29, 31, 32, 33, 34, 35, 36, 40, 42, 45, 46, 48, 49, 50, 52, 53, 57, 58, 60, 61, 64, 67, 68, 69, 70, 71, 75, 76, 77, 78, 79, 81, 84, 85, 88, 91, 92, 94]
(Gen. 11) BestSol = Solution: cost=[40271.0], size=[51], elements=[2, 3, 4, 9, 11, 13, 15, 16, 17, 18, 19, 20, 23, 24, 26, 27, 28, 29, 32, 34, 35, 36, 39, 40, 41, 44, 45, 48, 50, 57, 58, 60, 61, 64, 65, 67, 69, 70, 71, 75, 76, 77, 78, 79, 84, 85, 88, 91, 92, 94, 95]
(Gen. 12) BestSol = Solution: cost=[40570.0], size=[51], elements=[3, 4, 6, 9, 11, 12, 13, 15, 18, 19, 20, 23, 24, 28, 29, 31, 32, 33, 34, 35, 36, 40, 45, 46, 47, 48, 49, 50, 54, 57, 58, 60, 64, 67, 68, 69, 70, 71, 75, 76, 77, 78, 79, 83, 85, 86, 88, 91, 92, 94, 95]
(Gen. 16) BestSol = Solution: cost=[40690.0], size=[51], elements=[3, 4, 6, 9, 11, 12, 13, 15, 18, 19, 20, 23, 24, 28, 29, 31, 32, 33, 34, 35, 36, 39, 40, 41, 45, 47, 48, 49, 52, 54, 57, 58, 60, 64, 67, 68, 69, 70, 71, 75, 76, 77, 78, 83, 85, 86, 88, 91, 92, 94, 95]
(Gen. 17) BestSol = Solution: cost=[40694.0], size=[51], elements=[2, 3, 6, 8, 9, 11, 13, 15, 18, 19, 20, 23, 24, 28, 29, 32, 33, 34, 35, 36, 40, 45, 47, 48, 49, 52, 53, 54, 57, 58, 60, 61, 64, 67, 68, 69, 70, 71, 75, 76, 77, 78, 79, 84, 85, 88, 91, 92, 94, 95, 99]
(Gen. 19) BestSol = Solution: cost=[40708.0], size=[52], elements=[3, 4, 6, 9, 11, 12, 13, 15, 17, 18, 19, 20, 23, 24, 26, 27, 28, 29, 34, 35, 36, 39, 40, 41, 44, 45, 47, 48, 49, 50, 54, 57, 58, 60, 64, 67, 68, 69, 70, 71, 75, 76, 77, 78, 79, 84, 85, 88, 91, 92, 94, 95]
(Gen. 20) BestSol = Solution: cost=[40993.0], size=[52], elements=[3, 4, 6, 8, 11, 13, 15, 18, 19, 20, 23, 24, 26, 27, 28, 29, 34, 35, 36, 39, 40, 41, 44, 45, 47, 48, 49, 50, 53, 57, 58, 60, 61, 64, 67, 68, 69, 70, 71, 75, 76, 77, 78, 79, 84, 85, 86, 88, 91, 92, 94, 95]
(Gen. 23) BestSol = Solution: cost=[41053.0], size=[52], elements=[3, 4, 6, 9, 11, 12, 13, 15, 18, 19, 20, 23, 24, 28, 29, 31, 32, 33, 34, 35, 36, 40, 44, 45, 47, 48, 49, 50, 54, 57, 58, 60, 63, 64, 67, 68, 69, 70, 71, 75, 76, 77, 78, 79, 84, 85, 86, 88, 91, 92, 94, 95]
(Gen. 24) BestSol = Solution: cost=[41104.0], size=[53], elements=[3, 4, 6, 9, 11, 12, 13, 15, 18, 19, 20, 23, 24, 28, 29, 31, 32, 33, 35, 36, 39, 40, 41, 45, 47, 48, 49, 50, 52, 53, 57, 58, 60, 63, 64, 67, 68, 69, 70, 71, 75, 76, 77, 79, 81, 84, 85, 86, 88, 91, 92, 94, 95]
(Gen. 26) BestSol = Solution: cost=[41122.0], size=[52], elements=[3, 4, 9, 11, 12, 13, 15, 18, 19, 20, 23, 24, 28, 29, 31, 32, 33, 34, 35, 36, 39, 40, 44, 45, 47, 48, 49, 50, 54, 57, 58, 60, 63, 64, 67, 68, 70, 71, 75, 76, 77, 78, 79, 81, 84, 85, 86, 88, 91, 92, 94, 95]
(Gen. 31) BestSol = Solution: cost=[41379.0], size=[52], elements=[2, 3, 4, 6, 8, 9, 11, 12, 13, 15, 18, 19, 20, 23, 24, 27, 28, 29, 31, 32, 35, 36, 40, 41, 45, 47, 48, 49, 50, 52, 53, 57, 58, 60, 64, 68, 69, 70, 71, 75, 76, 77, 78, 79, 84, 85, 86, 88, 91, 92, 94, 95]
(Gen. 40) BestSol = Solution: cost=[41479.0], size=[52], elements=[3, 4, 6, 8, 9, 11, 12, 13, 15, 18, 19, 20, 23, 24, 27, 28, 29, 31, 32, 34, 35, 36, 40, 41, 45, 47, 48, 49, 50, 52, 53, 57, 58, 60, 64, 68, 69, 70, 71, 75, 76, 77, 78, 79, 84, 85, 86, 88, 91, 92, 94, 95]
(Gen. 55) BestSol = Solution: cost=[41537.0], size=[51], elements=[3, 4, 8, 9, 11, 12, 13, 15, 18, 19, 20, 23, 24, 25, 28, 29, 31, 34, 35, 36, 40, 41, 44, 45, 46, 47, 48, 49, 50, 52, 53, 54, 57, 58, 60, 64, 67, 70, 71, 75, 76, 77, 78, 79, 84, 85, 88, 91, 92, 94, 95]
(Gen. 73) BestSol = Solution: cost=[41549.0], size=[52], elements=[3, 4, 8, 9, 11, 12, 13, 15, 18, 19, 20, 23, 24, 27, 28, 29, 31, 32, 34, 35, 36, 40, 42, 44, 45, 47, 48, 49, 50, 52, 53, 57, 58, 60, 64, 68, 69, 70, 71, 75, 76, 77, 78, 79, 81, 84, 85, 88, 91, 92, 94, 95]
(Gen. 83) BestSol = Solution: cost=[41608.0], size=[53], elements=[3, 4, 6, 8, 9, 11, 12, 13, 15, 18, 20, 23, 24, 27, 28, 29, 31, 32, 35, 36, 40, 42, 44, 45, 47, 48, 49, 50, 52, 53, 57, 58, 60, 61, 64, 67, 68, 69, 70, 71, 75, 76, 77, 78, 79, 81, 84, 85, 88, 91, 92, 94, 95]
(Gen. 85) BestSol = Solution: cost=[41713.0], size=[52], elements=[3, 4, 8, 9, 11, 12, 13, 15, 18, 19, 20, 23, 24, 27, 28, 29, 31, 32, 34, 35, 36, 40, 41, 42, 44, 45, 47, 48, 49, 50, 52, 53, 57, 58, 60, 64, 67, 68, 69, 70, 71, 75, 76, 77, 78, 84, 85, 88, 91, 92, 94, 95]
(Gen. 88) BestSol = Solution: cost=[41718.0], size=[53], elements=[3, 4, 8, 9, 11, 12, 13, 15, 18, 19, 20, 23, 24, 27, 28, 29, 31, 32, 35, 36, 40, 41, 42, 44, 45, 46, 47, 48, 49, 50, 52, 53, 57, 58, 60, 64, 67, 68, 69, 70, 71, 75, 76, 77, 78, 81, 84, 85, 88, 91, 92, 94, 95]
(Gen. 137) BestSol = Solution: cost=[41723.0], size=[53], elements=[3, 4, 8, 9, 11, 12, 13, 15, 18, 19, 20, 23, 24, 28, 29, 31, 32, 35, 36, 39, 40, 41, 42, 44, 45, 46, 47, 48, 49, 50, 52, 53, 57, 58, 60, 64, 67, 68, 69, 70, 71, 75, 76, 77, 78, 84, 85, 86, 88, 91, 92, 94, 95]
(Gen. 145) BestSol = Solution: cost=[41739.0], size=[53], elements=[3, 4, 8, 9, 11, 12, 13, 15, 16, 18, 19, 20, 23, 24, 28, 29, 31, 32, 35, 36, 39, 40, 41, 42, 44, 45, 46, 47, 48, 49, 50, 52, 57, 58, 60, 64, 67, 68, 69, 70, 71, 75, 76, 77, 78, 84, 85, 86, 88, 91, 92, 94, 95]
(Gen. 171) BestSol = Solution: cost=[41758.0], size=[53], elements=[3, 4, 8, 9, 11, 12, 13, 15, 18, 19, 20, 23, 24, 27, 28, 29, 31, 32, 35, 36, 39, 40, 41, 44, 45, 46, 47, 48, 49, 50, 52, 53, 57, 58, 60, 64, 68, 69, 70, 71, 75, 76, 77, 78, 84, 85, 86, 88, 91, 92, 94, 95, 99]
(Gen. 201) BestSol = Solution: cost=[41820.0], size=[53], elements=[3, 4, 8, 9, 11, 12, 15, 16, 18, 19, 20, 23, 24, 27, 28, 29, 31, 32, 35, 36, 39, 40, 41, 44, 45, 46, 47, 48, 49, 50, 52, 53, 57, 58, 60, 64, 67, 68, 69, 70, 71, 75, 76, 77, 78, 84, 85, 86, 88, 91, 92, 94, 95]
(Gen. 505) BestSol = Solution: cost=[41838.0], size=[53], elements=[3, 4, 8, 9, 11, 12, 13, 15, 18, 19, 20, 23, 24, 27, 28, 29, 31, 32, 35, 36, 39, 40, 41, 42, 44, 45, 47, 48, 49, 50, 52, 53, 54, 57, 58, 60, 64, 67, 68, 69, 70, 71, 75, 76, 77, 78, 84, 85, 88, 91, 92, 94, 95]
(Gen. 1166) BestSol = Solution: cost=[41841.0], size=[53], elements=[3, 4, 8, 9, 11, 12, 13, 15, 18, 19, 20, 23, 24, 25, 26, 27, 29, 31, 32, 35, 36, 39, 40, 41, 42, 44, 45, 47, 48, 49, 50, 52, 53, 57, 58, 60, 64, 67, 68, 69, 70, 71, 75, 76, 77, 78, 84, 85, 88, 91, 92, 94, 95]
(Gen. 1960) BestSol = Solution: cost=[41858.0], size=[53], elements=[3, 4, 8, 9, 11, 12, 13, 15, 16, 18, 19, 20, 23, 24, 25, 26, 27, 29, 31, 33, 35, 36, 39, 40, 41, 44, 45, 47, 48, 49, 50, 52, 53, 57, 58, 60, 64, 67, 69, 70, 71, 75, 76, 77, 78, 84, 85, 86, 88, 91, 92, 94, 95]
Finished after 2960 generations.
Best solution found: Solution: cost=[41858.0], size=[53], elements=[3, 4, 8, 9, 11, 12, 13, 15, 16, 18, 19, 20, 23, 24, 25, 26, 27, 29, 31, 33, 35, 36, 39, 40, 41, 44, 45, 47, 48, 49, 50, 52, 53, 57, 58, 60, 64, 67, 69, 70, 71, 75, 76, 77, 78, 84, 85, 86, 88, 91, 92, 94, 95] in time: 31.766 s.
Stopping criterion: stagnation_1000.
41858.0
