(Gen. 0) BestSol = Solution: cost=[39673.0], size=[48], elements=[2, 5, 7, 8, 9, 11, 17, 20, 21, 22, 23, 25, 27, 30, 31, 32, 36, 40, 41, 42, 44, 45, 47, 50, 51, 53, 54, 56, 58, 61, 62, 64, 66, 67, 68, 69, 70, 71, 72, 74, 76, 77, 82, 83, 86, 87, 88, 91]
(Gen. 1) BestSol = Solution: cost=[41075.0], size=[51], elements=[2, 3, 5, 7, 8, 10, 16, 19, 20, 22, 23, 24, 25, 27, 30, 32, 33, 34, 39, 41, 42, 44, 46, 47, 50, 54, 57, 58, 61, 62, 63, 64, 65, 66, 67, 68, 69, 71, 72, 73, 76, 77, 79, 81, 82, 85, 86, 88, 92, 94, 99]
(Gen. 2) BestSol = Solution: cost=[41586.0], size=[49], elements=[2, 3, 5, 6, 7, 10, 16, 17, 19, 21, 23, 24, 25, 26, 27, 28, 29, 31, 32, 34, 36, 38, 40, 41, 42, 46, 50, 52, 56, 57, 62, 63, 64, 65, 67, 68, 69, 71, 72, 74, 77, 82, 85, 86, 87, 88, 89, 91, 96]
(Gen. 4) BestSol = Solution: cost=[41754.0], size=[49], elements=[2, 3, 5, 6, 7, 10, 16, 17, 19, 21, 23, 24, 25, 26, 27, 28, 29, 30, 31, 32, 34, 40, 41, 42, 46, 47, 50, 54, 56, 57, 58, 61, 62, 63, 66, 68, 69, 71, 72, 74, 77, 82, 85, 86, 87, 88, 89, 91, 96]
(Gen. 5) BestSol = Solution: cost=[42109.0], size=[49], elements=[2, 3, 5, 6, 7, 10, 16, 17, 19, 21, 23, 24, 25, 26, 27, 28, 29, 30, 31, 32, 34, 36, 38, 40, 41, 42, 46, 47, 50, 54, 56, 57, 58, 61, 62, 63, 66, 68, 69, 71, 72, 74, 77, 82, 85, 86, 87, 90, 96]
(Gen. 9) BestSol = Solution: cost=[42598.0], size=[50], elements=[2, 3, 5, 7, 8, 10, 16, 17, 19, 23, 24, 25, 27, 30, 31, 32, 33, 34, 37, 40, 41, 42, 45, 46, 47, 52, 53, 54, 57, 58, 61, 64, 65, 66, 67, 68, 69, 71, 72, 73, 77, 80, 82, 83, 85, 87, 88, 89, 90, 99]
(Gen. 11) BestSol = Solution: cost=[43012.0], size=[50], elements=[2, 3, 5, 7, 10, 16, 17, 19, 21, 23, 24, 25, 27, 28, 29, 31, 32, 34, 40, 41, 42, 44, 45, 50, 52, 53, 55, 57, 58, 61, 62, 64, 65, 66, 67, 68, 69, 71, 72, 77, 79, 80, 82, 83, 85, 86, 87, 89, 96, 99]
(Gen. 12) BestSol = Solution: cost=[43424.0], size=[51], elements=[2, 3, 5, 7, 8, 10, 16, 17, 19, 21, 23, 24, 25, 27, 28, 29, 31, 32, 34, 40, 41, 42, 45, 46, 47, 52, 53, 54, 57, 58, 61, 64, 65, 66, 67, 68, 69, 71, 72, 73, 77, 80, 82, 83, 85, 87, 88, 89, 90, 96, 99]
(Gen. 14) BestSol = Solution: cost=[43843.0], size=[50], elements=[2, 3, 5, 7, 8, 10, 16, 17, 19, 21, 23, 24, 25, 27, 28, 29, 30, 31, 32, 34, 40, 42, 44, 46, 47, 50, 52, 53, 54, 57, 58, 61, 62, 64, 65, 66, 67, 68, 69, 71, 72, 77, 80, 82, 83, 87, 88, 89, 90, 99]
(Gen. 16) BestSol = Solution: cost=[43856.0], size=[50], elements=[2, 3, 5, 7, 8, 10, 16, 17, 19, 21, 23, 24, 25, 27, 28, 29, 30, 31, 33, 34, 40, 42, 44, 45, 47, 50, 52, 53, 54, 57, 58, 61, 64, 65, 66, 67, 68, 69, 72, 77, 79, 80, 82, 83, 85, 87, 88, 90, 96, 99]
(Gen. 18) BestSol = Solution: cost=[44107.0], size=[51], elements=[2, 3, 5, 7, 8, 10, 16, 17, 19, 21, 23, 24, 25, 27, 28, 29, 30, 31, 33, 34, 40, 42, 44, 45, 47, 50, 52, 53, 54, 57, 58, 61, 62, 64, 65, 66, 68, 69, 71, 72, 77, 79, 80, 82, 83, 85, 87, 88, 90, 96, 99]
(Gen. 21) BestSol = Solution: cost=[44160.0], size=[51], elements=[2, 3, 5, 7, 8, 10, 12, 16, 17, 21, 23, 24, 25, 28, 29, 30, 31, 32, 34, 40, 42, 44, 45, 46, 47, 50, 52, 53, 54, 56, 57, 58, 61, 62, 64, 65, 66, 67, 68, 69, 71, 77, 80, 82, 83, 87, 88, 89, 90, 96, 99]
(Gen. 22) BestSol = Solution: cost=[44261.0], size=[51], elements=[2, 3, 5, 7, 8, 10, 12, 16, 17, 19, 21, 23, 24, 25, 27, 28, 29, 30, 31, 32, 34, 40, 42, 44, 46, 47, 50, 53, 54, 56, 57, 58, 61, 62, 64, 65, 66, 68, 69, 71, 72, 77, 80, 82, 83, 87, 88, 89, 90, 96, 99]
(Gen. 25) BestSol = Solution: cost=[44383.0], size=[51], elements=[2, 3, 5, 7, 8, 10, 12, 16, 17, 21, 23, 25, 27, 28, 29, 31, 32, 34, 40, 42, 44, 46, 47, 50, 52, 53, 54, 57, 58, 61, 62, 64, 65, 66, 67, 68, 69, 71, 72, 77, 80, 82, 83, 85, 86, 87, 88, 89, 90, 96, 99]
(Gen. 26) BestSol = Solution: cost=[44514.0], size=[52], elements=[2, 3, 5, 8, 10, 12, 16, 17, 19, 21, 23, 24, 25, 27, 28, 29, 31, 32, 33, 34, 40, 41, 42, 44, 45, 46, 50, 52, 53, 54, 57, 58, 61, 62, 64, 65, 66, 68, 69, 71, 72, 77, 80, 82, 83, 85, 87, 88, 89, 90, 96, 99]
(Gen. 28) BestSol = Solution: cost=[44702.0], size=[52], elements=[2, 3, 5, 7, 8, 10, 16, 17, 19, 21, 23, 24, 25, 27, 28, 29, 30, 31, 33, 34, 40, 41, 42, 44, 46, 47, 50, 52, 53, 54, 57, 58, 61, 62, 64, 65, 66, 67, 68, 69, 71, 77, 80, 82, 83, 85, 87, 88, 89, 90, 96, 99]
(Gen. 37) BestSol = Solution: cost=[44754.0], size=[52], elements=[2, 3, 5, 7, 8, 10, 16, 17, 19, 21, 23, 24, 25, 27, 28, 29, 30, 31, 33, 34, 40, 41, 42, 44, 46, 47, 50, 52, 54, 57, 58, 61, 62, 64, 65, 66, 67, 68, 69, 71, 72, 77, 80, 82, 83, 85, 87, 88, 89, 90, 96, 99]
Finished after 1037 generations.
Best solution found: Solution: cost=[44754.0], size=[52], elements=[2, 3, 5, 7, 8, 10, 16, 17, 19, 21, 23, 24, 25, 27, 28, 29, 30, 31, 33, 34, 40, 41, 42, 44, 46, 47, 50, 52, 54, 57, 58, 61, 62, 64, 65, 66, 67, 68, 69, 71, 72, 77, 80, 82, 83, 85, 87, 88, 89, 90, 96, 99] in time: 13.587 s.
Stopping criterion: stagnation_1000.
44754.0
