(Gen. 0) BestSol = Solution: cost=[39673.0], size=[48], elements=[2, 5, 7, 8, 9, 11, 17, 20, 21, 22, 23, 25, 27, 30, 31, 32, 36, 40, 41, 42, 44, 45, 47, 50, 51, 53, 54, 56, 58, 61, 62, 64, 66, 67, 68, 69, 70, 71, 72, 74, 76, 77, 82, 83, 86, 87, 88, 91]
(Gen. 1) BestSol = Solution: cost=[42924.0], size=[49], elements=[2, 3, 5, 7, 10, 16, 17, 19, 21, 22, 23, 24, 27, 29, 30, 32, 34, 37, 38, 39, 40, 42, 44, 47, 50, 52, 53, 54, 57, 58, 61, 62, 63, 64, 65, 66, 67, 68, 69, 71, 72, 76, 77, 80, 82, 85, 88, 96, 99]
(Gen. 2) BestSol = Solution: cost=[43251.0], size=[48], elements=[2, 3, 5, 7, 12, 14, 16, 17, 21, 22, 24, 25, 26, 27, 29, 30, 31, 32, 34, 40, 42, 44, 47, 50, 53, 54, 57, 58, 61, 62, 63, 64, 66, 67, 68, 69, 72, 77, 80, 82, 83, 85, 87, 88, 89, 90, 96, 99]
(Gen. 3) BestSol = Solution: cost=[43297.0], size=[48], elements=[2, 3, 5, 7, 12, 14, 16, 17, 21, 22, 24, 25, 26, 27, 29, 30, 31, 32, 34, 40, 42, 46, 47, 50, 53, 54, 57, 58, 61, 62, 63, 64, 66, 67, 68, 69, 72, 77, 80, 82, 83, 85, 87, 88, 89, 90, 96, 99]
(Gen. 6) BestSol = Solution: cost=[43340.0], size=[49], elements=[2, 3, 5, 7, 10, 12, 16, 17, 19, 21, 23, 24, 25, 27, 29, 30, 31, 32, 34, 37, 38, 40, 42, 44, 47, 50, 52, 53, 54, 57, 58, 62, 64, 65, 67, 68, 69, 72, 73, 76, 77, 80, 82, 85, 87, 88, 89, 96, 99]
(Gen. 7) BestSol = Solution: cost=[43640.0], size=[49], elements=[2, 3, 5, 7, 10, 12, 16, 17, 19, 21, 23, 24, 25, 27, 29, 30, 31, 32, 34, 37, 38, 40, 41, 42, 45, 47, 50, 52, 53, 54, 57, 58, 62, 64, 65, 67, 68, 69, 72, 76, 77, 80, 82, 85, 87, 88, 89, 96, 99]
(Gen. 12) BestSol = Solution: cost=[43995.0], size=[50], elements=[2, 3, 5, 7, 8, 10, 12, 16, 17, 19, 21, 23, 24, 27, 29, 30, 31, 32, 34, 40, 42, 44, 47, 50, 52, 54, 55, 57, 61, 62, 63, 64, 65, 66, 67, 68, 69, 71, 72, 76, 77, 80, 82, 83, 85, 87, 88, 90, 96, 99]
(Gen. 14) BestSol = Solution: cost=[44095.0], size=[50], elements=[2, 3, 5, 8, 10, 12, 16, 17, 19, 21, 23, 24, 25, 27, 28, 29, 30, 31, 32, 34, 40, 42, 44, 46, 47, 50, 52, 53, 54, 57, 61, 62, 64, 65, 66, 67, 68, 69, 72, 76, 80, 82, 83, 85, 86, 87, 88, 90, 96, 99]
(Gen. 17) BestSol = Solution: cost=[44221.0], size=[50], elements=[2, 3, 5, 8, 10, 12, 16, 17, 19, 21, 23, 24, 25, 27, 29, 30, 31, 32, 37, 40, 41, 42, 45, 46, 47, 50, 52, 53, 54, 57, 58, 61, 62, 64, 65, 66, 67, 68, 69, 72, 76, 80, 82, 83, 85, 87, 88, 90, 96, 99]
(Gen. 22) BestSol = Solution: cost=[44253.0], size=[50], elements=[2, 3, 5, 7, 8, 10, 12, 16, 17, 19, 21, 23, 24, 25, 27, 29, 30, 31, 32, 34, 40, 41, 42, 44, 47, 50, 52, 53, 54, 57, 58, 61, 62, 64, 65, 66, 67, 68, 69, 72, 77, 80, 82, 83, 85, 87, 88, 89, 96, 99]
(Gen. 25) BestSol = Solution: cost=[44429.0], size=[52], elements=[2, 3, 5, 8, 10, 17, 19, 21, 23, 24, 25, 27, 28, 29, 31, 32, 33, 34, 37, 40, 41, 42, 44, 47, 50, 52, 54, 55, 56, 57, 58, 61, 62, 64, 65, 66, 67, 68, 69, 71, 72, 76, 77, 80, 82, 83, 85, 87, 88, 90, 96, 99]
(Gen. 42) BestSol = Solution: cost=[44453.0], size=[51], elements=[2, 3, 5, 7, 8, 10, 12, 16, 17, 19, 21, 23, 24, 25, 27, 29, 30, 31, 32, 34, 40, 42, 44, 46, 47, 50, 52, 53, 57, 58, 61, 62, 64, 65, 66, 67, 68, 69, 71, 72, 77, 80, 82, 83, 85, 87, 88, 89, 91, 96, 99]
(Gen. 48) BestSol = Solution: cost=[44618.0], size=[52], elements=[2, 3, 5, 7, 8, 10, 12, 16, 17, 19, 21, 24, 25, 27, 28, 29, 30, 31, 32, 33, 34, 37, 40, 42, 44, 46, 47, 50, 52, 54, 57, 58, 61, 62, 64, 65, 66, 67, 68, 69, 71, 72, 77, 80, 82, 83, 88, 89, 90, 91, 96, 99]
(Gen. 56) BestSol = Solution: cost=[44807.0], size=[52], elements=[2, 3, 5, 7, 8, 10, 12, 16, 17, 19, 21, 23, 24, 25, 27, 28, 29, 30, 31, 33, 34, 40, 41, 42, 44, 45, 46, 47, 50, 52, 54, 56, 57, 58, 61, 62, 64, 65, 66, 67, 68, 69, 72, 77, 80, 82, 83, 87, 88, 89, 96, 99]
(Gen. 106) BestSol = Solution: cost=[44833.0], size=[53], elements=[2, 3, 5, 7, 8, 10, 12, 16, 17, 19, 21, 23, 24, 25, 27, 28, 29, 30, 31, 33, 34, 40, 41, 42, 44, 45, 46, 47, 50, 52, 54, 56, 57, 58, 61, 62, 64, 65, 66, 67, 68, 69, 71, 72, 77, 79, 82, 83, 87, 88, 89, 96, 99]
(Gen. 150) BestSol = Solution: cost=[44848.0], size=[52], elements=[2, 3, 5, 7, 8, 10, 12, 16, 17, 19, 21, 23, 24, 25, 28, 29, 30, 31, 32, 33, 34, 37, 40, 41, 42, 44, 45, 46, 47, 50, 52, 54, 56, 57, 58, 61, 62, 64, 65, 66, 67, 68, 69, 72, 77, 80, 82, 83, 88, 89, 96, 99]
Finished after 1150 generations.
Best solution found: Solution: cost=[44848.0], size=[52], elements=[2, 3, 5, 7, 8, 10, 12, 16, 17, 19, 21, 23, 24, 25, 28, 29, 30, 31, 32, 33, 34, 37, 40, 41, 42, 44, 45, 46, 47, 50, 52, 54, 56, 57, 58, 61, 62, 64, 65, 66, 67, 68, 69, 72, 77, 80, 82, 83, 88, 89, 96, 99] in time: 30.709 s.
Stopping criterion: stagnation_1000.
44848.0
