(Gen. 0) BestSol = Solution: cost=[39950.0], size=[52], elements=[0, 2, 3, 5, 6, 7, 9, 11, 13, 14, 15, 16, 17, 21, 23, 25, 26, 27, 28, 29, 31, 32, 34, 35, 36, 38, 41, 43, 45, 48, 50, 54, 55, 57, 59, 60, 61, 64, 65, 67, 74, 76, 77, 79, 87, 88, 89, 91, 94, 95, 96, 98]
(Gen. 1) BestSol = Solution: cost=[43046.0], size=[49], elements=[0, 3, 4, 5, 6, 7, 8, 9, 12, 13, 14, 15, 16, 17, 18, 20, 21, 23, 27, 28, 29, 32, 34, 37, 38, 39, 42, 48, 51, 57, 59, 64, 66, 68, 69, 73, 74, 76, 78, 81, 83, 84, 87, 88, 91, 93, 94, 96, 98]
(Gen. 3) BestSol = Solution: cost=[43345.0], size=[50], elements=[0, 2, 3, 4, 5, 6, 7, 9, 12, 13, 14, 15, 16, 17, 18, 20, 21, 23, 27, 28, 29, 32, 37, 38, 39, 42, 44, 47, 48, 51, 53, 55, 59, 61, 69, 74, 75, 76, 77, 78, 81, 83, 86, 87, 88, 89, 91, 93, 94, 98]
(Gen. 4) BestSol = Solution: cost=[43423.0], size=[50], elements=[0, 3, 4, 5, 6, 7, 9, 12, 13, 14, 15, 16, 17, 20, 21, 23, 27, 28, 29, 32, 37, 38, 39, 42, 43, 44, 47, 48, 51, 55, 59, 61, 65, 66, 69, 72, 74, 75, 76, 77, 78, 81, 83, 87, 88, 89, 91, 93, 94, 98]
(Gen. 11) BestSol = Solution: cost=[43594.0], size=[51], elements=[0, 2, 3, 4, 5, 6, 7, 8, 12, 13, 14, 15, 16, 17, 18, 20, 21, 23, 27, 28, 29, 31, 32, 34, 35, 38, 39, 42, 48, 53, 59, 61, 64, 66, 68, 69, 70, 73, 74, 75, 77, 78, 81, 83, 87, 88, 91, 93, 94, 95, 98]
(Gen. 14) BestSol = Solution: cost=[43679.0], size=[51], elements=[0, 2, 3, 4, 5, 6, 7, 8, 9, 12, 13, 14, 15, 16, 17, 20, 21, 23, 27, 28, 29, 32, 35, 38, 39, 42, 43, 47, 48, 51, 53, 55, 59, 64, 66, 69, 72, 74, 75, 76, 77, 78, 81, 83, 84, 87, 88, 91, 93, 94, 98]
(Gen. 15) BestSol = Solution: cost=[43921.0], size=[51], elements=[0, 2, 3, 4, 5, 6, 7, 8, 9, 12, 13, 14, 15, 16, 17, 18, 20, 21, 23, 25, 27, 28, 29, 32, 34, 38, 39, 42, 46, 48, 50, 59, 61, 64, 66, 68, 69, 70, 74, 75, 76, 77, 78, 81, 83, 87, 88, 91, 93, 94, 98]
(Gen. 21) BestSol = Solution: cost=[43997.0], size=[54], elements=[0, 3, 4, 5, 6, 7, 9, 12, 13, 14, 15, 16, 20, 21, 23, 25, 26, 27, 28, 29, 31, 32, 35, 38, 39, 42, 43, 45, 46, 48, 50, 53, 55, 59, 64, 65, 66, 69, 72, 74, 75, 77, 78, 81, 83, 84, 87, 88, 89, 91, 93, 94, 95, 98]
(Gen. 28) BestSol = Solution: cost=[44073.0], size=[53], elements=[0, 3, 4, 5, 6, 7, 9, 12, 13, 14, 16, 17, 18, 20, 21, 23, 25, 26, 27, 28, 29, 31, 32, 35, 38, 39, 42, 45, 46, 48, 50, 53, 55, 59, 61, 64, 68, 69, 70, 74, 75, 76, 77, 78, 81, 83, 87, 88, 91, 93, 94, 95, 98]
(Gen. 30) BestSol = Solution: cost=[44126.0], size=[51], elements=[0, 3, 4, 5, 6, 7, 8, 9, 12, 13, 14, 15, 16, 17, 20, 21, 23, 25, 27, 28, 29, 31, 32, 34, 37, 38, 39, 42, 48, 55, 59, 61, 64, 65, 66, 69, 73, 74, 75, 76, 77, 78, 81, 83, 87, 88, 91, 93, 94, 96, 98]
(Gen. 31) BestSol = Solution: cost=[44254.0], size=[53], elements=[0, 3, 4, 5, 6, 7, 9, 12, 13, 14, 16, 17, 18, 20, 21, 23, 25, 26, 27, 28, 29, 31, 32, 35, 38, 39, 42, 46, 48, 50, 53, 55, 59, 61, 64, 65, 66, 69, 70, 74, 75, 76, 77, 78, 81, 83, 87, 88, 91, 93, 94, 95, 98]
(Gen. 37) BestSol = Solution: cost=[44288.0], size=[53], elements=[0, 3, 4, 5, 6, 7, 8, 9, 12, 13, 14, 15, 16, 17, 18, 20, 21, 23, 25, 27, 28, 29, 32, 35, 38, 39, 42, 46, 48, 50, 53, 55, 59, 64, 65, 66, 68, 69, 70, 74, 75, 76, 77, 78, 81, 83, 87, 88, 91, 93, 94, 95, 98]
(Gen. 43) BestSol = Solution: cost=[44376.0], size=[53], elements=[0, 3, 4, 5, 6, 7, 8, 9, 12, 13, 14, 15, 16, 17, 18, 20, 21, 23, 25, 27, 28, 29, 31, 32, 35, 38, 39, 42, 46, 48, 50, 53, 55, 59, 61, 64, 65, 66, 68, 69, 70, 75, 76, 77, 78, 81, 83, 87, 88, 91, 93, 94, 98]
(Gen. 51) BestSol = Solution: cost=[44437.0], size=[54], elements=[0, 3, 4, 5, 6, 7, 8, 9, 12, 13, 14, 15, 16, 17, 18, 20, 21, 23, 25, 27, 28, 29, 31, 32, 35, 38, 39, 42, 46, 48, 50, 52, 53, 55, 59, 64, 65, 66, 68, 69, 70, 74, 75, 76, 78, 81, 83, 87, 88, 91, 93, 94, 95, 98]
(Gen. 108) BestSol = Solution: cost=[44444.0], size=[53], elements=[0, 3, 4, 5, 6, 7, 9, 12, 13, 14, 15, 16, 17, 18, 20, 21, 23, 25, 27, 28, 29, 31, 32, 35, 38, 39, 42, 46, 48, 50, 53, 55, 59, 61, 64, 65, 66, 68, 70, 74, 75, 76, 77, 78, 81, 83, 87, 88, 91, 93, 94, 95, 98]
(Gen. 125) BestSol = Solution: cost=[44494.0], size=[53], elements=[0, 3, 4, 5, 6, 7, 9, 12, 13, 14, 15, 16, 17, 18, 20, 21, 23, 25, 27, 28, 29, 32, 35, 38, 39, 42, 46, 48, 50, 53, 55, 59, 64, 65, 66, 68, 69, 70, 74, 75, 76, 77, 78, 81, 83, 84, 87, 88, 91, 93, 94, 95, 98]
(Gen. 130) BestSol = Solution: cost=[44511.0], size=[53], elements=[0, 3, 4, 5, 6, 7, 9, 12, 13, 14, 15, 16, 17, 18, 20, 21, 23, 25, 27, 28, 29, 31, 32, 35, 38, 39, 42, 46, 48, 50, 53, 55, 59, 61, 64, 65, 66, 69, 70, 74, 75, 76, 77, 78, 81, 83, 87, 88, 91, 93, 94, 95, 98]
Finished after 1130 generations.
Best solution found: Solution: cost=[44511.0], size=[53], elements=[0, 3, 4, 5, 6, 7, 9, 12, 13, 14, 15, 16, 17, 18, 20, 21, 23, 25, 27, 28, 29, 31, 32, 35, 38, 39, 42, 46, 48, 50, 53, 55, 59, 61, 64, 65, 66, 69, 70, 74, 75, 76, 77, 78, 81, 83, 87, 88, 91, 93, 94, 95, 98] in time: 30.75 s.
Stopping criterion: stagnation_1000.
44511.0
