(Gen. 0) BestSol = Solution: cost=[38062.0], size=[49], elements=[2, 3, 6, 9, 11, 13, 18, 19, 20, 23, 24, 28, 29, 32, 33, 34, 35, 36, 40, 42, 45, 46, 48, 49, 50, 52, 53, 55, 57, 58, 59, 60, 61, 64, 67, 68, 69, 70, 71, 72, 75, 76, 77, 78, 79, 83, 88, 92, 99]
(Gen. 1) BestSol = Solution: cost=[40383.0], size=[49], elements=[2, 3, 4, 8, 9, 11, 13, 18, 19, 20, 23, 24, 28, 29, 32, 34, 35, 36, 40, 45, 47, 48, 49, 52, 53, 56, 57, 58, 60, 61, 64, 67, 68, 70, 71, 75, 76, 77, 78, 79, 83, 84, 86, 88, 91, 92, 94, 95, 99]
(Gen. 2) BestSol = Solution: cost=[40513.0], size=[48], elements=[2, 3, 4, 8, 11, 13, 16, 18, 19, 20, 23, 24, 28, 29, 32, 34, 35, 36, 40, 44, 48, 49, 50, 52, 53, 57, 58, 60, 61, 64, 67, 68, 70, 71, 75, 76, 77, 78, 79, 83, 84, 85, 86, 91, 92, 94, 95, 99]
(Gen. 13) BestSol = Solution: cost=[40678.0], size=[49], elements=[2, 3, 4, 8, 9, 11, 13, 18, 19, 20, 23, 24, 28, 29, 32, 34, 35, 36, 40, 44, 45, 47, 48, 49, 52, 53, 57, 58, 60, 61, 64, 67, 68, 70, 71, 75, 76, 77, 78, 79, 83, 84, 86, 88, 91, 92, 94, 95, 99]
(Gen. 14) BestSol = Solution: cost=[40926.0], size=[50], elements=[2, 3, 4, 8, 9, 13, 16, 18, 19, 20, 23, 24, 28, 29, 32, 36, 40, 41, 42, 44, 45, 48, 49, 50, 52, 53, 57, 58, 60, 61, 64, 65, 67, 70, 71, 75, 76, 77, 78, 79, 83, 84, 85, 86, 88, 91, 92, 94, 95, 99]
(Gen. 19) BestSol = Solution: cost=[40980.0], size=[50], elements=[2, 3, 4, 8, 9, 11, 13, 16, 18, 19, 20, 23, 24, 28, 29, 32, 36, 40, 41, 42, 44, 45, 48, 49, 50, 52, 53, 57, 58, 60, 61, 64, 67, 68, 69, 70, 71, 75, 76, 77, 78, 79, 83, 84, 85, 88, 91, 92, 94, 95]
(Gen. 20) BestSol = Solution: cost=[41060.0], size=[50], elements=[2, 3, 4, 6, 8, 9, 11, 12, 13, 15, 18, 20, 23, 24, 25, 28, 29, 31, 34, 35, 36, 40, 44, 45, 47, 48, 49, 52, 53, 57, 58, 60, 61, 64, 65, 67, 70, 71, 75, 76, 77, 79, 83, 84, 85, 88, 91, 92, 94, 95]
(Gen. 25) BestSol = Solution: cost=[41118.0], size=[51], elements=[2, 3, 4, 6, 8, 9, 11, 12, 13, 15, 18, 19, 20, 23, 24, 28, 29, 32, 35, 36, 39, 40, 41, 42, 44, 45, 47, 48, 49, 52, 53, 57, 58, 60, 61, 64, 65, 67, 70, 71, 75, 77, 79, 83, 84, 85, 88, 91, 92, 94, 95]
(Gen. 31) BestSol = Solution: cost=[41249.0], size=[51], elements=[2, 3, 4, 6, 8, 9, 11, 12, 13, 15, 18, 19, 20, 23, 24, 28, 29, 31, 35, 36, 39, 40, 41, 44, 45, 47, 48, 49, 50, 52, 53, 57, 58, 60, 61, 64, 67, 70, 71, 75, 76, 77, 79, 83, 84, 85, 88, 91, 92, 94, 95]
(Gen. 37) BestSol = Solution: cost=[41486.0], size=[51], elements=[2, 3, 4, 8, 9, 11, 12, 13, 15, 18, 20, 23, 24, 25, 28, 29, 31, 32, 35, 36, 40, 44, 45, 47, 48, 49, 50, 52, 53, 57, 58, 60, 61, 64, 67, 70, 71, 75, 76, 77, 78, 79, 84, 85, 86, 87, 88, 91, 92, 94, 95]
(Gen. 52) BestSol = Solution: cost=[41487.0], size=[51], elements=[2, 3, 4, 8, 9, 11, 12, 13, 15, 18, 20, 23, 24, 25, 28, 29, 32, 35, 36, 40, 41, 44, 45, 47, 48, 49, 50, 52, 53, 57, 58, 60, 61, 64, 67, 69, 70, 71, 75, 76, 77, 78, 79, 84, 85, 86, 88, 91, 92, 94, 95]
(Gen. 63) BestSol = Solution: cost=[41588.0], size=[51], elements=[2, 3, 4, 8, 9, 11, 12, 13, 16, 18, 19, 20, 23, 24, 25, 29, 31, 35, 36, 40, 41, 44, 45, 47, 48, 49, 50, 52, 53, 57, 58, 60, 61, 64, 67, 69, 70, 71, 75, 76, 77, 78, 79, 81, 84, 85, 88, 91, 92, 94, 95]
(Gen. 91) BestSol = Solution: cost=[41617.0], size=[51], elements=[2, 3, 4, 8, 9, 11, 12, 15, 16, 18, 19, 20, 23, 24, 25, 29, 31, 32, 35, 36, 40, 41, 44, 45, 47, 48, 49, 50, 52, 53, 57, 58, 60, 61, 64, 67, 69, 70, 71, 75, 76, 77, 78, 79, 84, 85, 88, 91, 92, 94, 95]
(Gen. 105) BestSol = Solution: cost=[41699.0], size=[52], elements=[2, 3, 4, 8, 9, 11, 12, 13, 15, 16, 18, 19, 20, 23, 24, 25, 29, 31, 35, 36, 40, 41, 44, 45, 46, 47, 48, 49, 50, 52, 53, 57, 58, 60, 64, 67, 69, 70, 71, 75, 76, 77, 78, 79, 81, 84, 85, 88, 91, 92, 94, 95]
(Gen. 182) BestSol = Solution: cost=[41700.0], size=[52], elements=[2, 3, 4, 8, 9, 11, 12, 13, 15, 18, 19, 20, 23, 24, 25, 29, 31, 35, 36, 40, 41, 44, 45, 46, 47, 48, 49, 50, 52, 53, 54, 57, 58, 60, 64, 65, 67, 69, 70, 71, 75, 76, 77, 78, 79, 84, 85, 88, 91, 92, 94, 95]
(Gen. 184) BestSol = Solution: cost=[41742.0], size=[52], elements=[2, 3, 4, 8, 9, 11, 12, 13, 15, 16, 18, 19, 20, 23, 24, 25, 29, 31, 35, 36, 39, 40, 41, 44, 45, 47, 48, 49, 50, 52, 53, 57, 58, 60, 64, 67, 68, 69, 70, 71, 75, 76, 77, 78, 79, 84, 85, 88, 91, 92, 94, 95]
(Gen. 224) BestSol = Solution: cost=[41760.0], size=[53], elements=[2, 3, 4, 6, 8, 9, 11, 12, 13, 15, 16, 18, 19, 20, 23, 24, 25, 29, 31, 35, 36, 39, 40, 41, 44, 45, 47, 48, 49, 50, 52, 53, 57, 58, 60, 63, 64, 67, 69, 70, 71, 75, 76, 77, 78, 84, 85, 86, 88, 91, 92, 94, 95]
(Gen. 245) BestSol = Solution: cost=[41822.0], size=[53], elements=[2, 3, 4, 6, 8, 9, 11, 12, 13, 15, 16, 18, 19, 20, 23, 24, 25, 29, 31, 35, 36, 39, 40, 41, 44, 45, 47, 48, 49, 50, 52, 53, 57, 58, 60, 64, 65, 67, 69, 70, 71, 75, 76, 77, 78, 84, 85, 86, 88, 91, 92, 94, 95]
(Gen. 412) BestSol = Solution: cost=[41946.0], size=[53], elements=[3, 4, 6, 8, 9, 11, 12, 13, 15, 16, 18, 19, 20, 23, 24, 25, 29, 31, 35, 36, 39, 40, 41, 44, 45, 46, 47, 48, 49, 50, 52, 53, 57, 58, 60, 64, 67, 69, 70, 71, 75, 76, 77, 78, 83, 84, 85, 86, 88, 91, 92, 94, 95]
Finished after 1412 generations.
Best solution found: Solution: cost=[41946.0], size=[53], elements=[3, 4, 6, 8, 9, 11, 12, 13, 15, 16, 18, 19, 20, 23, 24, 25, 29, 31, 35, 36, 39, 40, 41, 44, 45, 46, 47, 48, 49, 50, 52, 53, 57, 58, 60, 64, 67, 69, 70, 71, 75, 76, 77, 78, 83, 84, 85, 86, 88, 91, 92, 94, 95] in time: 56.52 s.
Stopping criterion: stagnation_1000.
41946.0
