(Gen. 0) BestSol = Solution: cost=[38556.0], size=[50], elements=[0, 2, 3, 5, 7, 9, 10, 11, 15, 16, 17, 19, 23, 24, 25, 26, 27, 28, 29, 31, 32, 34, 35, 36, 38, 40, 41, 43, 44, 45, 50, 55, 57, 59, 65, 67, 71, 74, 76, 79, 80, 87, 88, 89, 91, 92, 94, 95, 96, 98]
(Gen. 1) BestSol = Solution: cost=[40904.0], size=[48], elements=[0, 2, 3, 5, 7, 8, 10, 11, 12, 15, 17, 18, 19, 24, 26, 29, 32, 34, 37, 39, 44, 45, 46, 48, 49, 50, 52, 53, 55, 57, 59, 68, 69, 71, 74, 76, 79, 80, 82, 84, 86, 87, 88, 91, 92, 95, 96, 98]
(Gen. 2) BestSol = Solution: cost=[41054.0], size=[47], elements=[0, 2, 3, 7, 8, 10, 12, 14, 17, 18, 19, 24, 26, 28, 29, 34, 36, 37, 39, 42, 44, 46, 49, 50, 52, 55, 56, 57, 59, 67, 68, 71, 74, 75, 76, 80, 82, 83, 84, 86, 87, 88, 92, 93, 96, 98, 99]
(Gen. 3) BestSol = Solution: cost=[41101.0], size=[49], elements=[2, 3, 7, 8, 10, 11, 12, 15, 17, 18, 19, 22, 24, 27, 29, 32, 34, 35, 37, 39, 42, 44, 45, 46, 48, 49, 50, 52, 57, 59, 68, 69, 70, 71, 73, 74, 75, 76, 79, 80, 82, 84, 86, 88, 92, 93, 95, 96, 98]
(Gen. 4) BestSol = Solution: cost=[41279.0], size=[49], elements=[0, 2, 3, 5, 7, 8, 9, 10, 11, 12, 14, 15, 17, 18, 19, 24, 25, 26, 29, 31, 34, 36, 37, 39, 41, 42, 44, 46, 49, 50, 52, 53, 55, 56, 57, 59, 70, 71, 74, 79, 80, 83, 84, 86, 87, 92, 93, 98, 99]
(Gen. 10) BestSol = Solution: cost=[41588.0], size=[49], elements=[0, 2, 3, 5, 7, 8, 10, 15, 17, 18, 19, 24, 26, 27, 29, 31, 32, 34, 37, 39, 43, 44, 45, 46, 49, 50, 52, 53, 57, 59, 67, 70, 71, 73, 74, 75, 76, 79, 80, 82, 83, 84, 85, 86, 87, 88, 92, 93, 98]
(Gen. 16) BestSol = Solution: cost=[41971.0], size=[50], elements=[0, 2, 3, 7, 8, 10, 12, 15, 17, 18, 19, 24, 25, 26, 27, 29, 31, 32, 34, 35, 36, 37, 39, 40, 42, 44, 45, 46, 49, 50, 52, 53, 55, 57, 67, 70, 71, 73, 74, 76, 80, 82, 83, 84, 85, 86, 88, 92, 93, 98]
(Gen. 17) BestSol = Solution: cost=[42428.0], size=[51], elements=[0, 2, 3, 5, 7, 8, 10, 12, 15, 17, 18, 19, 24, 25, 26, 27, 29, 31, 32, 34, 35, 36, 37, 38, 39, 42, 44, 46, 49, 50, 52, 53, 55, 57, 59, 65, 67, 70, 71, 74, 76, 79, 80, 82, 83, 84, 86, 92, 93, 98, 99]
(Gen. 28) BestSol = Solution: cost=[42430.0], size=[51], elements=[0, 2, 3, 5, 7, 8, 9, 10, 12, 15, 17, 18, 19, 24, 25, 26, 27, 29, 31, 32, 34, 35, 36, 37, 39, 42, 44, 46, 49, 50, 52, 53, 55, 57, 59, 70, 71, 73, 74, 76, 79, 80, 82, 84, 85, 86, 89, 92, 93, 98, 99]
(Gen. 30) BestSol = Solution: cost=[42435.0], size=[51], elements=[0, 2, 3, 5, 7, 8, 10, 12, 15, 17, 18, 19, 24, 25, 26, 27, 29, 31, 32, 34, 35, 36, 37, 39, 40, 42, 44, 46, 49, 50, 52, 53, 55, 57, 59, 67, 70, 71, 73, 74, 76, 79, 80, 82, 83, 84, 86, 92, 93, 98, 99]
(Gen. 35) BestSol = Solution: cost=[42456.0], size=[51], elements=[0, 2, 3, 5, 7, 8, 9, 10, 12, 15, 17, 18, 19, 24, 25, 27, 29, 31, 32, 34, 35, 36, 37, 39, 40, 42, 44, 45, 46, 49, 50, 52, 53, 55, 57, 59, 70, 71, 73, 74, 76, 79, 80, 82, 83, 84, 86, 92, 93, 98, 99]
(Gen. 51) BestSol = Solution: cost=[42568.0], size=[51], elements=[0, 2, 3, 5, 7, 8, 10, 12, 15, 17, 18, 19, 24, 25, 27, 29, 31, 32, 34, 35, 36, 37, 39, 40, 42, 43, 44, 46, 49, 50, 52, 53, 55, 57, 59, 70, 71, 73, 74, 76, 79, 80, 82, 83, 84, 85, 86, 92, 93, 98, 99]
(Gen. 103) BestSol = Solution: cost=[42593.0], size=[51], elements=[0, 2, 3, 5, 7, 8, 10, 12, 15, 17, 18, 19, 24, 25, 26, 27, 29, 31, 32, 34, 35, 36, 37, 40, 42, 43, 44, 46, 49, 50, 52, 53, 55, 57, 59, 67, 70, 71, 73, 74, 76, 80, 82, 83, 84, 85, 86, 92, 93, 98, 99]
(Gen. 114) BestSol = Solution: cost=[42631.0], size=[52], elements=[0, 2, 3, 5, 7, 8, 9, 10, 12, 15, 17, 18, 19, 24, 25, 26, 27, 29, 31, 32, 34, 35, 36, 37, 40, 42, 43, 44, 46, 49, 50, 52, 53, 55, 57, 59, 67, 70, 71, 73, 74, 76, 80, 82, 83, 84, 86, 89, 92, 93, 98, 99]
(Gen. 149) BestSol = Solution: cost=[42656.0], size=[51], elements=[0, 2, 3, 5, 7, 8, 9, 10, 12, 15, 17, 18, 19, 24, 25, 26, 29, 31, 32, 34, 35, 36, 37, 40, 42, 44, 46, 49, 50, 52, 53, 55, 57, 59, 67, 68, 70, 71, 73, 74, 76, 79, 80, 82, 83, 84, 86, 92, 93, 98, 99]
(Gen. 516) BestSol = Solution: cost=[42710.0], size=[51], elements=[0, 2, 3, 7, 8, 9, 10, 12, 15, 17, 18, 19, 24, 25, 26, 29, 32, 34, 35, 36, 37, 40, 42, 44, 46, 49, 50, 52, 53, 55, 57, 59, 65, 67, 68, 70, 71, 73, 74, 75, 76, 79, 80, 82, 83, 84, 86, 92, 93, 98, 99]
Finished after 1516 generations.
Best solution found: Solution: cost=[42710.0], size=[51], elements=[0, 2, 3, 7, 8, 9, 10, 12, 15, 17, 18, 19, 24, 25, 26, 29, 32, 34, 35, 36, 37, 40, 42, 44, 46, 49, 50, 52, 53, 55, 57, 59, 65, 67, 68, 70, 71, 73, 74, 75, 76, 79, 80, 82, 83, 84, 86, 92, 93, 98, 99] in time: 56.012 s.
Stopping criterion: stagnation_1000.
42710.0
