(Gen. 0) BestSol = Solution: cost=[21742.0], size=[25], elements=[0, 3, 8, 11, 12, 13, 24, 27, 28, 31, 36, 49, 53, 55, 58, 61, 62, 63, 79, 86, 90, 91, 93, 94, 95]
(Gen. 1) BestSol = Solution: cost=[22277.0], size=[24], elements=[0, 4, 5, 10, 11, 12, 13, 15, 22, 26, 27, 28, 30, 35, 53, 54, 55, 61, 74, 79, 82, 87, 90, 93]
(Gen. 2) BestSol = Solution: cost=[22364.0], size=[25], elements=[1, 3, 4, 5, 8, 10, 11, 13, 15, 22, 27, 30, 53, 54, 55, 58, 61, 62, 65, 74, 76, 86, 90, 91, 94]
(Gen. 3) BestSol = Solution: cost=[22466.0], size=[23], elements=[0, 1, 3, 4, 5, 8, 11, 15, 22, 24, 28, 30, 35, 54, 56, 61, 65, 74, 86, 87, 90, 91, 94]
(Gen. 4) BestSol = Solution: cost=[22679.0], size=[27], elements=[0, 5, 11, 12, 13, 15, 22, 26, 27, 28, 30, 31, 35, 42, 53, 54, 55, 58, 61, 64, 68, 70, 74, 78, 90, 91, 95]
(Gen. 16) BestSol = Solution: cost=[22807.0], size=[25], elements=[3, 5, 8, 11, 13, 15, 22, 26, 27, 28, 30, 31, 35, 53, 54, 55, 56, 61, 63, 65, 74, 78, 79, 91, 94]
(Gen. 17) BestSol = Solution: cost=[22811.0], size=[25], elements=[1, 3, 5, 8, 11, 13, 15, 22, 26, 27, 28, 30, 31, 35, 53, 54, 56, 61, 63, 65, 71, 74, 79, 91, 94]
(Gen. 21) BestSol = Solution: cost=[22908.0], size=[27], elements=[0, 1, 3, 5, 8, 11, 15, 22, 26, 27, 28, 30, 31, 35, 36, 49, 53, 55, 56, 58, 61, 63, 70, 79, 90, 91, 95]
(Gen. 25) BestSol = Solution: cost=[22941.0], size=[26], elements=[0, 1, 5, 11, 13, 15, 22, 24, 26, 27, 28, 30, 35, 36, 42, 53, 54, 55, 56, 58, 61, 63, 65, 74, 78, 94]
(Gen. 28) BestSol = Solution: cost=[22979.0], size=[26], elements=[0, 5, 11, 13, 15, 22, 26, 27, 30, 34, 35, 53, 54, 55, 56, 58, 61, 63, 70, 74, 78, 79, 90, 91, 93, 94]
(Gen. 31) BestSol = Solution: cost=[23070.0], size=[27], elements=[0, 1, 3, 5, 8, 11, 12, 13, 22, 26, 27, 28, 30, 31, 35, 42, 53, 54, 56, 61, 63, 65, 76, 78, 79, 91, 95]
(Gen. 58) BestSol = Solution: cost=[23092.0], size=[28], elements=[0, 1, 3, 5, 8, 10, 11, 22, 26, 27, 28, 30, 35, 42, 49, 53, 54, 55, 56, 61, 63, 65, 70, 76, 78, 79, 91, 95]
(Gen. 61) BestSol = Solution: cost=[23095.0], size=[28], elements=[0, 1, 3, 5, 8, 10, 11, 22, 26, 27, 28, 30, 35, 42, 49, 53, 54, 55, 56, 61, 63, 65, 70, 76, 78, 79, 90, 95]
(Gen. 76) BestSol = Solution: cost=[23232.0], size=[29], elements=[0, 1, 3, 5, 8, 11, 20, 22, 26, 27, 28, 30, 35, 49, 53, 54, 55, 56, 58, 61, 63, 68, 70, 78, 79, 86, 91, 95, 96]
(Gen. 112) BestSol = Solution: cost=[23297.0], size=[28], elements=[0, 3, 5, 8, 11, 13, 20, 22, 26, 27, 28, 30, 35, 42, 49, 53, 54, 55, 56, 58, 61, 63, 70, 78, 79, 86, 90, 95]
(Gen. 121) BestSol = Solution: cost=[23434.0], size=[29], elements=[0, 1, 3, 5, 8, 11, 12, 22, 26, 27, 30, 35, 42, 49, 53, 54, 55, 56, 58, 61, 63, 64, 70, 76, 78, 79, 86, 90, 95]
Finished after 1121 generations.
Best solution found: Solution: cost=[23434.0], size=[29], elements=[0, 1, 3, 5, 8, 11, 12, 22, 26, 27, 30, 35, 42, 49, 53, 54, 55, 56, 58, 61, 63, 64, 70, 76, 78, 79, 86, 90, 95] in time: 32.404 s.
Stopping criterion: stagnation_1000.
23434.0
