(Gen. 0) BestSol = Solution: cost=[37263.0], size=[51], elements=[1, 3, 4, 5, 6, 7, 10, 14, 15, 16, 17, 18, 19, 22, 23, 27, 28, 29, 31, 33, 37, 38, 39, 40, 44, 45, 47, 49, 50, 51, 52, 53, 54, 55, 56, 57, 59, 60, 62, 63, 64, 66, 67, 72, 74, 75, 77, 89, 90, 91, 94]
(Gen. 1) BestSol = Solution: cost=[39887.0], size=[48], elements=[2, 3, 4, 5, 7, 8, 9, 10, 11, 16, 17, 18, 20, 23, 24, 27, 29, 32, 33, 35, 38, 39, 40, 41, 45, 46, 48, 50, 52, 53, 54, 56, 57, 59, 60, 61, 62, 64, 65, 66, 67, 68, 72, 75, 81, 82, 84, 98]
(Gen. 2) BestSol = Solution: cost=[40099.0], size=[47], elements=[1, 2, 4, 5, 7, 8, 9, 10, 11, 16, 20, 21, 22, 23, 24, 27, 29, 32, 33, 35, 40, 41, 46, 48, 50, 52, 53, 54, 56, 57, 59, 60, 61, 62, 63, 64, 65, 66, 67, 68, 72, 75, 81, 84, 85, 97, 98]
(Gen. 3) BestSol = Solution: cost=[40197.0], size=[50], elements=[3, 4, 5, 7, 8, 9, 11, 15, 16, 17, 18, 21, 22, 23, 24, 25, 27, 28, 29, 31, 32, 35, 38, 39, 40, 41, 46, 48, 50, 52, 54, 57, 58, 59, 60, 61, 62, 63, 64, 65, 66, 67, 75, 81, 82, 85, 92, 97, 98, 99]
(Gen. 6) BestSol = Solution: cost=[40730.0], size=[50], elements=[1, 4, 5, 7, 8, 9, 10, 11, 15, 16, 17, 20, 21, 23, 24, 27, 28, 29, 33, 35, 39, 40, 41, 45, 46, 48, 49, 50, 52, 53, 54, 56, 57, 59, 60, 61, 62, 63, 64, 65, 67, 68, 72, 75, 82, 84, 85, 97, 98, 99]
(Gen. 7) BestSol = Solution: cost=[40768.0], size=[49], elements=[4, 5, 7, 8, 9, 10, 11, 15, 16, 18, 20, 21, 23, 24, 27, 28, 29, 32, 33, 35, 39, 40, 41, 44, 45, 46, 48, 50, 52, 53, 54, 56, 57, 59, 60, 61, 62, 63, 64, 65, 67, 68, 72, 75, 82, 84, 85, 97, 98]
(Gen. 8) BestSol = Solution: cost=[40776.0], size=[49], elements=[1, 4, 5, 7, 8, 9, 10, 11, 15, 16, 18, 20, 21, 23, 24, 27, 28, 29, 32, 33, 35, 39, 40, 41, 45, 46, 48, 50, 52, 53, 54, 56, 57, 59, 60, 61, 62, 63, 64, 65, 67, 68, 72, 75, 82, 84, 85, 97, 98]
(Gen. 15) BestSol = Solution: cost=[40800.0], size=[51], elements=[3, 4, 5, 6, 7, 8, 9, 10, 11, 14, 16, 17, 18, 21, 22, 23, 24, 27, 28, 29, 32, 35, 39, 40, 41, 44, 45, 46, 48, 50, 52, 53, 54, 57, 59, 60, 61, 62, 63, 64, 65, 66, 67, 68, 72, 75, 82, 85, 97, 98, 99]
(Gen. 16) BestSol = Solution: cost=[40848.0], size=[51], elements=[3, 4, 5, 6, 7, 8, 9, 10, 11, 14, 16, 17, 18, 22, 23, 24, 27, 28, 29, 32, 35, 37, 39, 40, 41, 44, 45, 46, 48, 50, 52, 53, 54, 57, 59, 60, 61, 62, 63, 64, 65, 66, 67, 68, 72, 75, 82, 85, 97, 98, 99]
(Gen. 17) BestSol = Solution: cost=[41121.0], size=[51], elements=[3, 4, 5, 6, 7, 8, 9, 11, 14, 16, 18, 21, 22, 23, 24, 27, 28, 29, 33, 35, 38, 39, 40, 41, 45, 46, 48, 49, 50, 52, 53, 54, 57, 59, 60, 61, 62, 63, 64, 65, 67, 68, 72, 75, 82, 84, 85, 86, 97, 98, 99]
(Gen. 18) BestSol = Solution: cost=[41149.0], size=[52], elements=[3, 4, 5, 6, 7, 8, 9, 10, 11, 14, 16, 18, 19, 20, 21, 23, 25, 27, 28, 29, 33, 35, 37, 39, 40, 41, 44, 45, 46, 48, 49, 50, 52, 54, 57, 60, 61, 62, 63, 64, 66, 67, 68, 72, 75, 84, 85, 86, 94, 97, 98, 99]
(Gen. 24) BestSol = Solution: cost=[41342.0], size=[51], elements=[1, 3, 4, 5, 6, 7, 8, 9, 10, 11, 14, 16, 19, 20, 21, 23, 24, 27, 28, 29, 33, 35, 38, 39, 40, 41, 45, 46, 48, 50, 52, 53, 54, 57, 59, 60, 61, 62, 63, 64, 65, 66, 67, 68, 72, 75, 84, 85, 92, 97, 98]
(Gen. 33) BestSol = Solution: cost=[41644.0], size=[52], elements=[3, 4, 5, 6, 7, 8, 9, 11, 14, 16, 19, 20, 21, 23, 24, 27, 28, 29, 33, 35, 38, 39, 40, 41, 44, 45, 46, 48, 50, 52, 53, 54, 57, 59, 60, 61, 62, 63, 64, 65, 66, 67, 68, 72, 75, 79, 84, 85, 86, 92, 97, 98]
(Gen. 92) BestSol = Solution: cost=[41686.0], size=[52], elements=[3, 4, 5, 6, 7, 8, 9, 11, 14, 16, 18, 19, 20, 21, 23, 24, 27, 28, 29, 33, 35, 38, 39, 40, 41, 44, 45, 46, 48, 50, 52, 53, 54, 57, 59, 60, 61, 62, 63, 64, 65, 66, 67, 68, 72, 75, 79, 84, 85, 92, 97, 98]
(Gen. 115) BestSol = Solution: cost=[41802.0], size=[54], elements=[3, 4, 5, 6, 7, 8, 9, 11, 14, 16, 17, 18, 19, 20, 21, 23, 24, 27, 28, 29, 33, 35, 38, 39, 40, 41, 44, 45, 46, 48, 49, 50, 52, 53, 54, 57, 59, 60, 61, 62, 63, 64, 65, 66, 67, 68, 75, 79, 85, 86, 92, 94, 97, 98]
(Gen. 266) BestSol = Solution: cost=[41818.0], size=[53], elements=[3, 4, 5, 6, 7, 8, 9, 11, 14, 16, 18, 19, 20, 21, 23, 24, 25, 27, 28, 29, 33, 35, 38, 39, 40, 41, 42, 44, 46, 48, 49, 50, 52, 54, 57, 59, 60, 61, 62, 63, 64, 65, 66, 67, 68, 75, 79, 84, 85, 86, 92, 97, 98]
(Gen. 363) BestSol = Solution: cost=[41980.0], size=[53], elements=[3, 4, 5, 6, 7, 8, 9, 10, 11, 14, 16, 18, 19, 20, 21, 23, 24, 27, 28, 29, 33, 35, 38, 39, 40, 41, 42, 45, 46, 48, 49, 50, 52, 54, 57, 59, 60, 61, 62, 63, 64, 65, 66, 67, 68, 75, 79, 84, 85, 86, 92, 97, 98]
(Gen. 977) BestSol = Solution: cost=[42009.0], size=[55], elements=[3, 4, 5, 6, 7, 8, 9, 10, 11, 14, 16, 17, 18, 19, 20, 21, 23, 24, 27, 28, 29, 33, 35, 38, 39, 40, 41, 42, 45, 46, 48, 49, 50, 52, 54, 55, 57, 59, 60, 61, 62, 63, 64, 65, 67, 68, 75, 79, 84, 85, 86, 89, 92, 97, 98]
Finished after 1977 generations.
Best solution found: Solution: cost=[42009.0], size=[55], elements=[3, 4, 5, 6, 7, 8, 9, 10, 11, 14, 16, 17, 18, 19, 20, 21, 23, 24, 27, 28, 29, 33, 35, 38, 39, 40, 41, 42, 45, 46, 48, 49, 50, 52, 54, 55, 57, 59, 60, 61, 62, 63, 64, 65, 67, 68, 75, 79, 84, 85, 86, 89, 92, 97, 98] in time: 52.072 s.
Stopping criterion: stagnation_1000.
42009.0
