(Gen. 0) BestSol = Solution: cost=[37959.0], size=[48], elements=[0, 1, 3, 4, 5, 6, 8, 10, 13, 17, 20, 21, 24, 25, 26, 27, 28, 31, 32, 34, 36, 37, 40, 41, 42, 46, 49, 51, 52, 53, 55, 56, 57, 62, 63, 65, 67, 73, 75, 76, 77, 78, 80, 84, 94, 95, 96, 98]
(Gen. 1) BestSol = Solution: cost=[40366.0], size=[49], elements=[1, 2, 3, 4, 6, 9, 10, 13, 16, 17, 18, 20, 21, 23, 24, 25, 26, 27, 28, 31, 34, 36, 37, 39, 40, 41, 42, 46, 48, 51, 52, 56, 57, 62, 65, 66, 67, 70, 73, 76, 77, 78, 80, 91, 92, 94, 95, 96, 98]
(Gen. 2) BestSol = Solution: cost=[40385.0], size=[49], elements=[1, 2, 3, 4, 6, 9, 10, 13, 16, 17, 18, 20, 21, 23, 24, 25, 26, 27, 28, 31, 32, 34, 36, 37, 39, 40, 41, 42, 46, 48, 51, 52, 56, 57, 62, 65, 66, 67, 70, 73, 76, 77, 78, 80, 92, 94, 95, 96, 98]
(Gen. 4) BestSol = Solution: cost=[40584.0], size=[49], elements=[1, 2, 3, 6, 9, 11, 13, 16, 17, 18, 20, 21, 23, 25, 26, 28, 30, 31, 34, 35, 36, 37, 38, 39, 40, 41, 46, 48, 50, 51, 52, 53, 56, 57, 59, 62, 65, 66, 67, 77, 80, 83, 84, 85, 91, 92, 94, 95, 98]
(Gen. 5) BestSol = Solution: cost=[40649.0], size=[49], elements=[1, 2, 3, 4, 6, 9, 13, 16, 17, 18, 20, 21, 23, 25, 26, 28, 30, 31, 34, 36, 37, 39, 40, 41, 46, 48, 50, 51, 52, 55, 56, 57, 59, 62, 65, 66, 67, 73, 77, 80, 83, 84, 85, 91, 92, 94, 95, 96, 98]
(Gen. 6) BestSol = Solution: cost=[40742.0], size=[49], elements=[1, 2, 3, 4, 6, 9, 13, 16, 17, 18, 20, 21, 23, 25, 26, 28, 30, 31, 34, 36, 37, 39, 40, 41, 46, 48, 50, 51, 52, 53, 56, 57, 59, 62, 65, 66, 67, 73, 77, 80, 83, 84, 85, 91, 92, 94, 95, 96, 98]
(Gen. 9) BestSol = Solution: cost=[40843.0], size=[51], elements=[1, 2, 5, 6, 9, 10, 16, 18, 20, 21, 23, 24, 25, 26, 27, 28, 30, 31, 34, 35, 36, 38, 40, 41, 43, 46, 48, 51, 52, 53, 55, 56, 57, 58, 62, 64, 65, 66, 67, 72, 76, 77, 78, 80, 83, 85, 92, 94, 95, 96, 98]
(Gen. 13) BestSol = Solution: cost=[41551.0], size=[52], elements=[1, 2, 3, 4, 9, 10, 16, 18, 20, 21, 23, 25, 26, 28, 30, 31, 32, 34, 36, 37, 38, 40, 41, 43, 46, 48, 51, 52, 53, 55, 56, 57, 62, 65, 66, 67, 72, 73, 76, 77, 78, 80, 82, 83, 84, 85, 91, 92, 94, 95, 96, 98]
(Gen. 24) BestSol = Solution: cost=[41718.0], size=[53], elements=[1, 2, 3, 5, 6, 9, 10, 16, 18, 20, 21, 23, 24, 25, 26, 27, 28, 30, 31, 32, 34, 36, 37, 38, 39, 41, 43, 46, 48, 51, 52, 55, 56, 57, 59, 63, 65, 66, 67, 73, 76, 77, 78, 80, 82, 83, 85, 86, 91, 92, 94, 95, 98]
(Gen. 27) BestSol = Solution: cost=[41741.0], size=[52], elements=[1, 2, 3, 4, 6, 9, 10, 16, 18, 20, 21, 23, 25, 26, 28, 30, 31, 32, 34, 35, 36, 37, 38, 40, 41, 46, 48, 51, 52, 53, 55, 57, 62, 63, 65, 66, 67, 72, 76, 77, 78, 80, 82, 83, 85, 86, 91, 92, 94, 95, 96, 98]
(Gen. 28) BestSol = Solution: cost=[41783.0], size=[53], elements=[1, 2, 3, 4, 6, 9, 10, 16, 18, 20, 21, 23, 25, 26, 28, 30, 31, 32, 34, 36, 37, 38, 40, 41, 43, 46, 48, 49, 51, 52, 53, 55, 56, 57, 65, 66, 67, 72, 73, 76, 77, 78, 80, 82, 83, 85, 86, 91, 92, 94, 95, 96, 98]
(Gen. 29) BestSol = Solution: cost=[41849.0], size=[53], elements=[1, 2, 3, 4, 5, 6, 9, 16, 18, 20, 21, 23, 24, 25, 26, 27, 28, 30, 31, 32, 34, 37, 38, 40, 41, 43, 46, 48, 51, 52, 53, 55, 56, 57, 63, 66, 67, 72, 73, 76, 77, 78, 80, 82, 83, 85, 86, 91, 92, 94, 95, 96, 98]
(Gen. 31) BestSol = Solution: cost=[42053.0], size=[53], elements=[1, 2, 3, 4, 5, 6, 9, 16, 18, 20, 21, 23, 24, 25, 26, 27, 28, 30, 31, 32, 34, 36, 38, 40, 41, 43, 46, 48, 51, 52, 53, 55, 56, 57, 63, 65, 66, 67, 72, 73, 76, 77, 78, 80, 82, 83, 85, 86, 91, 92, 95, 96, 98]
(Gen. 47) BestSol = Solution: cost=[42065.0], size=[53], elements=[1, 2, 3, 4, 6, 9, 16, 18, 20, 21, 23, 24, 25, 26, 27, 28, 30, 31, 32, 34, 36, 37, 38, 40, 41, 43, 46, 48, 51, 52, 53, 55, 56, 57, 63, 65, 66, 67, 72, 73, 76, 77, 78, 80, 82, 83, 85, 86, 91, 92, 95, 96, 98]
(Gen. 103) BestSol = Solution: cost=[42071.0], size=[53], elements=[1, 2, 3, 4, 6, 9, 16, 18, 20, 21, 23, 24, 25, 26, 27, 28, 30, 31, 32, 34, 36, 37, 38, 39, 40, 41, 43, 46, 48, 51, 52, 53, 55, 56, 57, 63, 65, 66, 67, 72, 73, 76, 77, 78, 82, 83, 85, 86, 91, 92, 95, 96, 98]
(Gen. 118) BestSol = Solution: cost=[42123.0], size=[53], elements=[1, 2, 3, 4, 6, 9, 16, 18, 20, 21, 23, 24, 25, 26, 27, 28, 30, 31, 32, 34, 36, 37, 38, 39, 40, 41, 43, 46, 48, 51, 52, 55, 56, 57, 63, 65, 66, 67, 72, 73, 76, 77, 78, 80, 82, 83, 85, 86, 91, 92, 95, 96, 98]
(Gen. 695) BestSol = Solution: cost=[42145.0], size=[53], elements=[0, 1, 2, 4, 6, 9, 16, 18, 20, 21, 23, 24, 25, 26, 27, 28, 30, 31, 32, 34, 36, 37, 38, 39, 40, 41, 46, 48, 51, 52, 53, 55, 56, 57, 63, 65, 66, 67, 73, 76, 77, 78, 80, 82, 83, 85, 86, 91, 92, 94, 95, 96, 98]
(Gen. 872) BestSol = Solution: cost=[42171.0], size=[54], elements=[0, 1, 2, 3, 4, 6, 9, 15, 16, 18, 20, 21, 23, 25, 26, 27, 28, 30, 31, 32, 34, 36, 37, 38, 39, 40, 41, 43, 46, 48, 49, 51, 52, 55, 57, 63, 65, 66, 67, 72, 73, 76, 77, 78, 80, 82, 83, 85, 86, 91, 92, 95, 96, 98]
(Gen. 1031) BestSol = Solution: cost=[42218.0], size=[54], elements=[1, 2, 3, 4, 5, 9, 16, 18, 20, 21, 23, 24, 25, 26, 27, 28, 30, 31, 32, 34, 36, 37, 38, 39, 40, 41, 43, 46, 48, 51, 52, 55, 57, 63, 65, 66, 67, 72, 73, 76, 77, 78, 80, 82, 83, 85, 86, 88, 91, 92, 94, 95, 96, 98]
Finished after 2031 generations.
Best solution found: Solution: cost=[42218.0], size=[54], elements=[1, 2, 3, 4, 5, 9, 16, 18, 20, 21, 23, 24, 25, 26, 27, 28, 30, 31, 32, 34, 36, 37, 38, 39, 40, 41, 43, 46, 48, 51, 52, 55, 57, 63, 65, 66, 67, 72, 73, 76, 77, 78, 80, 82, 83, 85, 86, 88, 91, 92, 94, 95, 96, 98] in time: 56.933 s.
Stopping criterion: stagnation_1000.
42218.0
