(Gen. 0) BestSol = Solution: cost=[21904.0], size=[26], elements=[1, 2, 4, 6, 7, 8, 12, 15, 17, 18, 25, 28, 34, 39, 56, 63, 65, 68, 73, 79, 81, 84, 85, 92, 93, 98]
(Gen. 1) BestSol = Solution: cost=[23268.0], size=[27], elements=[1, 2, 3, 4, 6, 8, 9, 10, 12, 25, 26, 28, 29, 31, 39, 49, 56, 61, 62, 65, 70, 73, 76, 78, 84, 92, 98]
(Gen. 2) BestSol = Solution: cost=[23298.0], size=[27], elements=[1, 2, 3, 4, 6, 8, 9, 10, 12, 18, 25, 26, 28, 29, 31, 39, 49, 56, 61, 62, 65, 73, 76, 78, 84, 92, 98]
(Gen. 3) BestSol = Solution: cost=[23322.0], size=[26], elements=[1, 3, 4, 6, 9, 10, 12, 26, 28, 29, 31, 39, 56, 61, 62, 65, 68, 70, 76, 78, 79, 80, 84, 85, 92, 98]
(Gen. 6) BestSol = Solution: cost=[23474.0], size=[27], elements=[1, 4, 6, 7, 9, 12, 15, 25, 28, 29, 31, 34, 41, 43, 49, 56, 62, 65, 68, 70, 76, 78, 84, 91, 92, 95, 98]
(Gen. 11) BestSol = Solution: cost=[23548.0], size=[28], elements=[1, 2, 3, 6, 8, 17, 23, 25, 26, 28, 29, 31, 34, 41, 56, 62, 65, 68, 73, 75, 76, 78, 81, 84, 85, 92, 94, 98]
(Gen. 15) BestSol = Solution: cost=[23639.0], size=[27], elements=[1, 3, 4, 6, 8, 10, 12, 15, 18, 26, 28, 29, 31, 34, 43, 49, 56, 61, 62, 65, 68, 76, 78, 84, 91, 92, 98]
(Gen. 18) BestSol = Solution: cost=[23680.0], size=[28], elements=[1, 2, 4, 6, 8, 10, 12, 15, 24, 26, 28, 29, 31, 43, 49, 56, 61, 62, 65, 68, 73, 76, 78, 84, 85, 92, 95, 98]
(Gen. 19) BestSol = Solution: cost=[23861.0], size=[28], elements=[1, 2, 4, 6, 8, 10, 12, 15, 26, 28, 29, 31, 43, 49, 56, 61, 62, 65, 67, 68, 73, 76, 78, 84, 85, 92, 95, 98]
(Gen. 21) BestSol = Solution: cost=[23868.0], size=[29], elements=[1, 2, 4, 6, 7, 8, 10, 12, 15, 17, 18, 25, 26, 28, 31, 49, 56, 61, 62, 65, 68, 73, 76, 78, 84, 85, 92, 94, 98]
(Gen. 28) BestSol = Solution: cost=[23876.0], size=[28], elements=[1, 4, 6, 7, 10, 12, 15, 17, 23, 25, 26, 28, 29, 31, 43, 49, 56, 61, 62, 65, 68, 70, 76, 78, 84, 92, 95, 98]
(Gen. 33) BestSol = Solution: cost=[23893.0], size=[28], elements=[1, 2, 3, 4, 6, 8, 10, 12, 18, 23, 25, 26, 28, 29, 31, 43, 49, 56, 61, 62, 65, 68, 76, 78, 84, 92, 95, 98]
(Gen. 36) BestSol = Solution: cost=[23947.0], size=[28], elements=[1, 4, 6, 7, 10, 12, 15, 17, 23, 25, 26, 28, 31, 43, 49, 56, 61, 62, 65, 67, 68, 76, 78, 84, 85, 92, 95, 98]
(Gen. 38) BestSol = Solution: cost=[24094.0], size=[29], elements=[1, 2, 3, 6, 7, 8, 10, 17, 23, 25, 28, 29, 31, 41, 43, 49, 56, 61, 62, 65, 68, 70, 76, 78, 81, 84, 85, 92, 98]
(Gen. 43) BestSol = Solution: cost=[24170.0], size=[29], elements=[1, 2, 4, 6, 7, 8, 10, 12, 15, 23, 25, 26, 28, 31, 43, 49, 56, 58, 61, 62, 65, 68, 75, 76, 78, 84, 85, 92, 98]
(Gen. 203) BestSol = Solution: cost=[24212.0], size=[29], elements=[1, 6, 7, 8, 10, 12, 15, 17, 23, 25, 26, 28, 31, 43, 49, 56, 58, 61, 62, 65, 68, 76, 78, 84, 85, 91, 92, 94, 98]
(Gen. 471) BestSol = Solution: cost=[24266.0], size=[29], elements=[1, 6, 7, 8, 12, 15, 17, 23, 25, 26, 28, 29, 31, 43, 49, 56, 58, 61, 62, 65, 68, 76, 78, 84, 85, 91, 92, 94, 98]
Finished after 1471 generations.
Best solution found: Solution: cost=[24266.0], size=[29], elements=[1, 6, 7, 8, 12, 15, 17, 23, 25, 26, 28, 29, 31, 43, 49, 56, 58, 61, 62, 65, 68, 76, 78, 84, 85, 91, 92, 94, 98] in time: 41.206 s.
Stopping criterion: stagnation_1000.
24266.0
