(Gen. 0) BestSol = Solution: cost=[38062.0], size=[49], elements=[2, 3, 6, 9, 11, 13, 18, 19, 20, 23, 24, 28, 29, 32, 33, 34, 35, 36, 40, 42, 45, 46, 48, 49, 50, 52, 53, 55, 57, 58, 59, 60, 61, 64, 67, 68, 69, 70, 71, 72, 75, 76, 77, 78, 79, 83, 88, 92, 99]
(Gen. 1) BestSol = Solution: cost=[40131.0], size=[47], elements=[2, 3, 4, 8, 9, 11, 12, 13, 15, 16, 18, 19, 20, 23, 24, 25, 28, 32, 34, 35, 36, 40, 41, 43, 44, 49, 52, 53, 57, 58, 60, 61, 64, 67, 70, 71, 75, 77, 79, 83, 85, 88, 91, 92, 94, 95, 98]
(Gen. 2) BestSol = Solution: cost=[40391.0], size=[48], elements=[2, 3, 4, 8, 11, 12, 13, 16, 18, 19, 20, 21, 23, 24, 25, 27, 28, 32, 35, 36, 40, 41, 44, 48, 49, 50, 52, 53, 57, 58, 60, 61, 64, 67, 70, 71, 75, 78, 79, 83, 85, 86, 88, 91, 92, 94, 95, 98]
(Gen. 3) BestSol = Solution: cost=[40453.0], size=[50], elements=[3, 4, 11, 13, 18, 19, 20, 23, 25, 26, 27, 28, 29, 31, 32, 33, 34, 35, 36, 39, 40, 44, 45, 47, 48, 49, 50, 52, 53, 54, 57, 58, 60, 62, 64, 67, 68, 70, 71, 75, 77, 78, 84, 86, 88, 91, 92, 94, 95, 96]
(Gen. 4) BestSol = Solution: cost=[40705.0], size=[49], elements=[3, 4, 8, 9, 11, 13, 18, 19, 23, 24, 25, 28, 29, 31, 32, 34, 35, 36, 40, 41, 44, 45, 49, 50, 52, 53, 54, 57, 58, 60, 61, 62, 64, 67, 70, 71, 75, 76, 77, 78, 84, 85, 86, 88, 91, 92, 94, 95, 96]
(Gen. 6) BestSol = Solution: cost=[40724.0], size=[50], elements=[2, 3, 4, 8, 11, 12, 13, 15, 18, 19, 20, 23, 24, 25, 27, 28, 29, 31, 34, 35, 36, 39, 40, 41, 44, 47, 48, 49, 50, 52, 53, 54, 57, 58, 60, 61, 67, 70, 71, 75, 76, 77, 84, 85, 86, 88, 91, 92, 94, 95]
(Gen. 8) BestSol = Solution: cost=[41006.0], size=[50], elements=[3, 4, 8, 9, 11, 12, 16, 18, 19, 20, 22, 23, 24, 27, 28, 29, 31, 34, 35, 36, 39, 40, 41, 44, 47, 48, 49, 50, 52, 53, 57, 58, 60, 61, 64, 67, 70, 71, 75, 76, 77, 78, 83, 85, 86, 88, 91, 92, 94, 95]
(Gen. 9) BestSol = Solution: cost=[41247.0], size=[50], elements=[2, 3, 4, 8, 9, 11, 12, 13, 18, 19, 20, 23, 24, 25, 28, 32, 35, 36, 40, 41, 44, 45, 46, 48, 49, 50, 52, 53, 57, 58, 60, 61, 64, 67, 69, 70, 71, 75, 76, 77, 78, 83, 84, 85, 86, 88, 91, 92, 94, 95]
(Gen. 11) BestSol = Solution: cost=[41354.0], size=[51], elements=[3, 4, 8, 9, 11, 12, 13, 16, 18, 19, 20, 23, 24, 25, 28, 29, 31, 33, 35, 36, 40, 41, 44, 45, 47, 48, 49, 50, 52, 53, 57, 58, 60, 64, 67, 68, 69, 70, 75, 76, 77, 78, 79, 84, 85, 86, 88, 91, 92, 94, 95]
(Gen. 12) BestSol = Solution: cost=[41423.0], size=[51], elements=[3, 4, 8, 9, 11, 12, 13, 15, 18, 19, 20, 23, 24, 25, 27, 28, 29, 31, 34, 35, 36, 39, 40, 41, 44, 45, 47, 48, 49, 52, 53, 57, 58, 60, 61, 64, 67, 70, 71, 75, 76, 78, 83, 84, 85, 86, 88, 91, 92, 94, 95]
(Gen. 16) BestSol = Solution: cost=[41446.0], size=[51], elements=[3, 4, 8, 9, 11, 12, 13, 15, 18, 19, 20, 23, 24, 25, 28, 29, 31, 34, 35, 36, 39, 40, 41, 44, 45, 47, 48, 49, 52, 53, 57, 58, 60, 64, 67, 68, 69, 70, 75, 76, 77, 78, 83, 84, 85, 86, 88, 91, 92, 94, 95]
(Gen. 17) BestSol = Solution: cost=[41462.0], size=[52], elements=[3, 4, 8, 9, 11, 12, 13, 15, 16, 18, 19, 20, 23, 24, 25, 29, 31, 34, 35, 36, 39, 40, 44, 45, 46, 48, 49, 50, 52, 53, 57, 58, 59, 60, 61, 64, 67, 69, 70, 71, 75, 76, 78, 83, 84, 85, 86, 88, 91, 92, 94, 95]
(Gen. 19) BestSol = Solution: cost=[41580.0], size=[52], elements=[3, 4, 6, 8, 9, 11, 12, 13, 15, 16, 18, 19, 20, 23, 24, 25, 29, 31, 34, 35, 36, 39, 40, 41, 44, 45, 47, 48, 49, 52, 53, 57, 58, 60, 61, 64, 67, 69, 70, 71, 75, 76, 77, 78, 84, 85, 86, 88, 91, 92, 94, 95]
(Gen. 33) BestSol = Solution: cost=[41684.0], size=[52], elements=[3, 4, 6, 8, 9, 11, 12, 13, 15, 16, 18, 19, 20, 23, 24, 25, 29, 31, 34, 35, 36, 39, 40, 41, 44, 45, 47, 48, 49, 50, 52, 53, 57, 58, 60, 64, 67, 69, 70, 75, 76, 77, 78, 83, 84, 85, 86, 88, 91, 92, 94, 95]
(Gen. 36) BestSol = Solution: cost=[41693.0], size=[52], elements=[3, 4, 6, 8, 9, 11, 12, 13, 15, 16, 18, 19, 20, 23, 24, 25, 29, 31, 34, 35, 36, 39, 40, 41, 44, 45, 47, 48, 49, 50, 52, 53, 57, 58, 60, 64, 69, 70, 71, 75, 76, 77, 78, 83, 84, 85, 86, 88, 91, 92, 94, 95]
(Gen. 38) BestSol = Solution: cost=[41717.0], size=[52], elements=[3, 4, 8, 9, 11, 12, 13, 15, 18, 19, 20, 23, 24, 25, 28, 29, 31, 35, 36, 39, 40, 41, 44, 45, 47, 48, 49, 50, 52, 53, 57, 58, 60, 61, 64, 67, 69, 70, 75, 76, 77, 78, 81, 83, 84, 85, 86, 88, 91, 92, 94, 95]
(Gen. 53) BestSol = Solution: cost=[41790.0], size=[52], elements=[3, 4, 6, 8, 9, 11, 12, 13, 15, 18, 19, 20, 23, 24, 25, 29, 31, 32, 34, 35, 36, 39, 40, 41, 44, 45, 47, 48, 49, 50, 52, 53, 57, 58, 60, 64, 69, 70, 71, 75, 76, 77, 78, 83, 84, 85, 86, 88, 91, 92, 94, 95]
Finished after 1053 generations.
Best solution found: Solution: cost=[41790.0], size=[52], elements=[3, 4, 6, 8, 9, 11, 12, 13, 15, 18, 19, 20, 23, 24, 25, 29, 31, 32, 34, 35, 36, 39, 40, 41, 44, 45, 47, 48, 49, 50, 52, 53, 57, 58, 60, 64, 69, 70, 71, 75, 76, 77, 78, 83, 84, 85, 86, 88, 91, 92, 94, 95] in time: 58.186 s.
Stopping criterion: stagnation_1000.
41790.0
