(Gen. 0) BestSol = Solution: cost=[39673.0], size=[48], elements=[2, 5, 7, 8, 9, 11, 17, 20, 21, 22, 23, 25, 27, 30, 31, 32, 36, 40, 41, 42, 44, 45, 47, 50, 51, 53, 54, 56, 58, 61, 62, 64, 66, 67, 68, 69, 70, 71, 72, 74, 76, 77, 82, 83, 86, 87, 88, 91]
(Gen. 1) BestSol = Solution: cost=[43570.0], size=[49], elements=[2, 3, 5, 7, 10, 16, 17, 19, 21, 22, 23, 24, 27, 29, 30, 31, 32, 34, 40, 42, 44, 47, 50, 52, 53, 54, 57, 58, 61, 62, 64, 65, 66, 67, 68, 69, 72, 73, 76, 77, 80, 82, 83, 85, 87, 88, 89, 96, 99]
(Gen. 2) BestSol = Solution: cost=[43665.0], size=[49], elements=[2, 3, 5, 7, 10, 16, 17, 19, 21, 22, 23, 24, 27, 29, 30, 31, 32, 34, 40, 42, 44, 47, 50, 52, 53, 54, 57, 58, 61, 62, 64, 65, 66, 67, 68, 69, 71, 72, 76, 77, 80, 82, 83, 85, 87, 88, 89, 96, 99]
(Gen. 6) BestSol = Solution: cost=[44043.0], size=[51], elements=[2, 3, 5, 7, 8, 10, 16, 17, 19, 21, 23, 24, 25, 29, 31, 32, 34, 37, 40, 41, 42, 44, 47, 50, 53, 54, 57, 58, 61, 62, 64, 65, 66, 67, 68, 69, 72, 73, 76, 77, 80, 82, 83, 85, 86, 87, 88, 89, 91, 96, 99]
(Gen. 7) BestSol = Solution: cost=[44141.0], size=[50], elements=[2, 3, 5, 7, 10, 12, 16, 17, 19, 21, 23, 24, 27, 29, 30, 31, 32, 34, 40, 41, 42, 44, 45, 47, 50, 52, 53, 54, 57, 58, 61, 62, 64, 65, 67, 68, 69, 72, 73, 76, 77, 80, 82, 83, 85, 87, 88, 90, 96, 99]
(Gen. 8) BestSol = Solution: cost=[44311.0], size=[52], elements=[2, 3, 5, 8, 12, 16, 17, 19, 21, 23, 24, 25, 27, 28, 29, 30, 31, 32, 33, 34, 40, 41, 42, 44, 45, 46, 47, 50, 53, 54, 57, 61, 62, 64, 65, 66, 67, 68, 69, 71, 72, 77, 80, 82, 83, 85, 87, 88, 89, 90, 91, 99]
(Gen. 10) BestSol = Solution: cost=[44416.0], size=[51], elements=[2, 3, 5, 7, 10, 12, 16, 17, 19, 21, 23, 24, 25, 27, 28, 29, 30, 31, 32, 33, 34, 40, 41, 42, 44, 45, 46, 47, 50, 52, 53, 57, 58, 61, 62, 64, 65, 66, 68, 69, 72, 77, 80, 82, 83, 85, 87, 88, 89, 96, 99]
(Gen. 11) BestSol = Solution: cost=[44464.0], size=[52], elements=[2, 3, 5, 8, 10, 12, 16, 17, 19, 21, 23, 24, 25, 27, 28, 29, 30, 31, 32, 33, 34, 40, 41, 42, 44, 45, 46, 47, 50, 52, 53, 54, 57, 61, 62, 64, 65, 66, 67, 68, 69, 71, 72, 77, 80, 82, 83, 87, 88, 89, 90, 99]
(Gen. 13) BestSol = Solution: cost=[44514.0], size=[52], elements=[2, 3, 5, 8, 10, 12, 16, 17, 19, 21, 23, 24, 25, 27, 28, 29, 30, 31, 32, 33, 34, 40, 41, 42, 44, 45, 46, 47, 50, 53, 54, 57, 61, 62, 64, 65, 66, 67, 68, 69, 71, 72, 77, 80, 82, 83, 87, 88, 89, 90, 96, 99]
(Gen. 17) BestSol = Solution: cost=[44517.0], size=[53], elements=[2, 3, 5, 7, 8, 10, 16, 17, 19, 21, 23, 24, 25, 27, 28, 29, 31, 33, 34, 40, 41, 42, 44, 45, 46, 47, 50, 52, 53, 54, 57, 61, 62, 64, 65, 66, 67, 68, 69, 71, 72, 73, 77, 80, 82, 83, 85, 87, 88, 89, 90, 96, 99]
(Gen. 18) BestSol = Solution: cost=[44603.0], size=[52], elements=[2, 3, 5, 8, 10, 12, 16, 17, 19, 21, 24, 25, 27, 28, 29, 30, 31, 32, 33, 34, 40, 41, 42, 44, 45, 46, 47, 50, 52, 53, 54, 57, 58, 61, 62, 64, 65, 66, 67, 68, 69, 71, 72, 77, 80, 82, 83, 87, 88, 89, 90, 99]
(Gen. 21) BestSol = Solution: cost=[44635.0], size=[52], elements=[2, 3, 5, 8, 10, 12, 16, 17, 19, 21, 23, 24, 25, 27, 28, 29, 30, 31, 32, 33, 34, 40, 41, 42, 44, 45, 46, 47, 50, 52, 53, 54, 57, 61, 62, 64, 65, 66, 67, 68, 69, 71, 72, 77, 80, 82, 83, 87, 88, 90, 96, 99]
(Gen. 92) BestSol = Solution: cost=[44665.0], size=[53], elements=[2, 3, 5, 8, 10, 12, 16, 17, 21, 23, 24, 25, 27, 28, 29, 30, 31, 32, 33, 34, 40, 41, 42, 44, 45, 46, 47, 50, 52, 53, 54, 57, 61, 62, 64, 65, 66, 67, 68, 69, 71, 72, 73, 77, 80, 82, 83, 87, 88, 89, 90, 96, 99]
(Gen. 151) BestSol = Solution: cost=[44709.0], size=[52], elements=[2, 3, 5, 6, 8, 10, 12, 16, 17, 19, 21, 23, 24, 27, 28, 29, 30, 31, 32, 34, 40, 41, 42, 44, 45, 46, 47, 50, 52, 53, 54, 57, 61, 62, 64, 65, 66, 67, 68, 69, 71, 72, 77, 80, 82, 83, 87, 88, 89, 90, 96, 99]
(Gen. 571) BestSol = Solution: cost=[44731.0], size=[52], elements=[2, 3, 5, 8, 10, 12, 16, 17, 21, 23, 24, 25, 27, 28, 29, 30, 31, 32, 33, 34, 40, 41, 42, 44, 45, 46, 47, 50, 53, 54, 57, 58, 61, 62, 64, 65, 66, 67, 68, 69, 71, 72, 77, 80, 82, 83, 87, 88, 89, 90, 96, 99]
(Gen. 865) BestSol = Solution: cost=[44758.0], size=[52], elements=[2, 3, 5, 8, 10, 12, 16, 17, 19, 21, 23, 24, 25, 27, 29, 30, 31, 32, 33, 34, 40, 41, 42, 44, 45, 46, 47, 50, 53, 54, 57, 58, 61, 62, 64, 65, 66, 67, 68, 69, 71, 72, 77, 79, 80, 82, 83, 87, 88, 89, 96, 99]
Finished after 1865 generations.
Best solution found: Solution: cost=[44758.0], size=[52], elements=[2, 3, 5, 8, 10, 12, 16, 17, 19, 21, 23, 24, 25, 27, 29, 30, 31, 32, 33, 34, 40, 41, 42, 44, 45, 46, 47, 50, 53, 54, 57, 58, 61, 62, 64, 65, 66, 67, 68, 69, 71, 72, 77, 79, 80, 82, 83, 87, 88, 89, 96, 99] in time: 105.008 s.
Stopping criterion: stagnation_1000.
44758.0
