(Gen. 0) BestSol = Solution: cost=[38556.0], size=[50], elements=[0, 2, 3, 5, 7, 9, 10, 11, 15, 16, 17, 19, 23, 24, 25, 26, 27, 28, 29, 31, 32, 34, 35, 36, 38, 40, 41, 43, 44, 45, 50, 55, 57, 59, 65, 67, 71, 74, 76, 79, 80, 87, 88, 89, 91, 92, 94, 95, 96, 98]
(Gen. 1) BestSol = Solution: cost=[39059.0], size=[48], elements=[0, 2, 5, 8, 12, 15, 17, 18, 19, 23, 24, 25, 26, 27, 32, 34, 35, 36, 37, 40, 42, 45, 46, 48, 49, 50, 51, 52, 53, 55, 57, 59, 67, 73, 74, 76, 79, 80, 83, 84, 87, 88, 89, 92, 94, 95, 96, 99]
(Gen. 2) BestSol = Solution: cost=[39792.0], size=[49], elements=[0, 2, 3, 4, 7, 8, 9, 10, 12, 15, 16, 18, 19, 24, 26, 29, 32, 34, 35, 36, 37, 39, 40, 42, 44, 45, 46, 51, 52, 55, 57, 59, 65, 67, 68, 71, 74, 75, 76, 82, 85, 87, 89, 91, 92, 93, 94, 96, 98]
(Gen. 3) BestSol = Solution: cost=[39970.0], size=[51], elements=[0, 2, 3, 4, 7, 8, 9, 10, 12, 15, 16, 18, 19, 24, 25, 27, 29, 31, 32, 34, 35, 36, 40, 43, 44, 45, 49, 50, 51, 52, 53, 55, 57, 59, 67, 68, 69, 71, 74, 76, 79, 80, 82, 85, 87, 89, 91, 92, 93, 94, 98]
(Gen. 4) BestSol = Solution: cost=[40582.0], size=[49], elements=[0, 2, 7, 8, 9, 10, 12, 15, 16, 18, 19, 24, 26, 32, 34, 35, 36, 37, 40, 43, 44, 45, 46, 49, 50, 52, 53, 55, 57, 59, 65, 67, 68, 70, 71, 74, 75, 79, 80, 82, 83, 84, 85, 86, 87, 92, 93, 98, 99]
(Gen. 5) BestSol = Solution: cost=[40696.0], size=[49], elements=[0, 2, 3, 4, 7, 8, 9, 10, 12, 15, 16, 18, 19, 24, 26, 32, 34, 35, 36, 37, 40, 43, 44, 45, 46, 49, 50, 52, 55, 57, 59, 68, 70, 71, 73, 74, 75, 76, 80, 84, 85, 86, 87, 88, 89, 92, 93, 98, 99]
(Gen. 6) BestSol = Solution: cost=[41190.0], size=[50], elements=[0, 2, 3, 7, 8, 9, 10, 12, 17, 18, 19, 25, 26, 27, 32, 34, 35, 36, 37, 40, 43, 44, 45, 46, 49, 50, 52, 53, 55, 57, 59, 65, 67, 68, 70, 71, 74, 75, 76, 79, 80, 82, 83, 84, 85, 86, 87, 92, 93, 98]
(Gen. 7) BestSol = Solution: cost=[41301.0], size=[50], elements=[0, 2, 3, 7, 8, 9, 10, 12, 15, 16, 18, 19, 25, 26, 27, 32, 34, 35, 36, 37, 40, 44, 45, 46, 49, 50, 52, 53, 55, 57, 59, 65, 67, 68, 70, 71, 74, 75, 76, 79, 80, 82, 83, 84, 85, 86, 87, 92, 93, 98]
(Gen. 8) BestSol = Solution: cost=[41342.0], size=[49], elements=[0, 2, 3, 7, 8, 9, 10, 12, 17, 18, 19, 24, 25, 26, 27, 32, 34, 35, 36, 37, 40, 44, 45, 46, 49, 52, 53, 55, 57, 59, 65, 67, 68, 70, 71, 74, 76, 79, 80, 82, 83, 84, 85, 86, 88, 89, 92, 93, 98]
(Gen. 10) BestSol = Solution: cost=[41886.0], size=[50], elements=[0, 2, 3, 7, 8, 9, 10, 12, 17, 18, 19, 24, 25, 26, 27, 32, 34, 35, 36, 37, 40, 44, 45, 46, 49, 50, 52, 53, 55, 57, 59, 65, 67, 68, 70, 71, 74, 75, 76, 79, 80, 82, 83, 84, 85, 86, 87, 92, 93, 98]
(Gen. 12) BestSol = Solution: cost=[41916.0], size=[51], elements=[0, 2, 3, 5, 7, 8, 9, 10, 12, 15, 18, 19, 24, 25, 29, 31, 32, 34, 35, 36, 37, 39, 40, 44, 46, 49, 50, 52, 53, 55, 57, 59, 65, 67, 68, 70, 71, 73, 74, 75, 76, 79, 80, 82, 84, 85, 86, 92, 93, 98, 99]
(Gen. 13) BestSol = Solution: cost=[42035.0], size=[51], elements=[0, 2, 3, 5, 7, 8, 9, 10, 12, 15, 18, 19, 24, 25, 29, 31, 32, 34, 35, 36, 37, 39, 40, 44, 46, 49, 50, 52, 53, 55, 57, 59, 65, 67, 68, 70, 71, 73, 74, 75, 76, 79, 80, 82, 83, 84, 86, 92, 93, 98, 99]
(Gen. 16) BestSol = Solution: cost=[42255.0], size=[51], elements=[0, 2, 3, 7, 8, 9, 10, 12, 17, 18, 19, 24, 25, 26, 27, 32, 34, 35, 36, 37, 39, 40, 44, 45, 46, 49, 50, 52, 53, 55, 57, 59, 65, 67, 68, 70, 71, 73, 74, 75, 76, 79, 80, 82, 83, 84, 86, 92, 93, 98, 99]
(Gen. 20) BestSol = Solution: cost=[42382.0], size=[51], elements=[0, 2, 3, 5, 7, 8, 9, 10, 12, 17, 18, 19, 24, 25, 26, 27, 32, 34, 35, 36, 37, 39, 40, 44, 46, 49, 50, 52, 53, 55, 57, 59, 65, 67, 68, 70, 71, 73, 74, 75, 76, 79, 80, 82, 83, 84, 86, 92, 93, 98, 99]
(Gen. 135) BestSol = Solution: cost=[42500.0], size=[51], elements=[0, 2, 3, 5, 7, 8, 9, 10, 12, 17, 18, 19, 24, 25, 26, 27, 31, 32, 34, 35, 36, 37, 39, 40, 42, 44, 46, 49, 50, 52, 53, 55, 57, 59, 67, 68, 70, 71, 73, 74, 76, 79, 80, 82, 83, 84, 86, 92, 93, 98, 99]
(Gen. 197) BestSol = Solution: cost=[42577.0], size=[51], elements=[0, 2, 3, 5, 7, 8, 9, 10, 12, 17, 18, 19, 24, 25, 26, 27, 31, 32, 34, 35, 36, 37, 39, 40, 44, 46, 49, 50, 52, 53, 55, 57, 59, 67, 68, 70, 71, 73, 74, 76, 79, 80, 82, 83, 84, 86, 88, 92, 93, 98, 99]
Finished after 1197 generations.
Best solution found: Solution: cost=[42577.0], size=[51], elements=[0, 2, 3, 5, 7, 8, 9, 10, 12, 17, 18, 19, 24, 25, 26, 27, 31, 32, 34, 35, 36, 37, 39, 40, 44, 46, 49, 50, 52, 53, 55, 57, 59, 67, 68, 70, 71, 73, 74, 76, 79, 80, 82, 83, 84, 86, 88, 92, 93, 98, 99] in time: 51.224 s.
Stopping criterion: stagnation_1000.
42577.0
