(Gen. 0) BestSol = Solution: cost=[37263.0], size=[51], elements=[1, 3, 4, 5, 6, 7, 10, 14, 15, 16, 17, 18, 19, 22, 23, 27, 28, 29, 31, 33, 37, 38, 39, 40, 44, 45, 47, 49, 50, 51, 52, 53, 54, 55, 56, 57, 59, 60, 62, 63, 64, 66, 67, 72, 74, 75, 77, 89, 90, 91, 94]
(Gen. 1) BestSol = Solution: cost=[37876.0], size=[50], elements=[1, 3, 5, 6, 8, 9, 11, 14, 15, 16, 17, 18, 19, 22, 23, 24, 25, 28, 29, 30, 32, 33, 34, 35, 38, 39, 41, 45, 46, 48, 50, 52, 53, 59, 60, 61, 62, 63, 64, 65, 66, 67, 68, 72, 77, 79, 84, 91, 92, 94]
(Gen. 2) BestSol = Solution: cost=[38503.0], size=[50], elements=[3, 4, 5, 6, 7, 9, 10, 11, 14, 15, 16, 17, 19, 21, 23, 24, 25, 27, 28, 29, 32, 34, 35, 38, 40, 41, 44, 45, 46, 48, 50, 52, 53, 56, 59, 61, 64, 66, 67, 68, 75, 82, 84, 85, 86, 89, 91, 92, 94, 98]
(Gen. 3) BestSol = Solution: cost=[39121.0], size=[52], elements=[3, 4, 5, 6, 7, 9, 10, 11, 14, 15, 16, 17, 19, 21, 23, 24, 25, 27, 28, 29, 32, 34, 35, 38, 40, 41, 44, 45, 46, 48, 50, 52, 53, 56, 59, 61, 64, 67, 68, 72, 75, 77, 79, 82, 84, 85, 86, 89, 91, 92, 94, 98]
(Gen. 4) BestSol = Solution: cost=[39455.0], size=[52], elements=[1, 3, 5, 6, 7, 8, 9, 11, 14, 15, 16, 17, 18, 19, 22, 23, 24, 25, 28, 29, 30, 32, 33, 34, 35, 38, 39, 41, 45, 46, 48, 50, 52, 53, 59, 60, 61, 62, 63, 64, 65, 66, 67, 68, 75, 77, 79, 84, 91, 92, 94, 98]
(Gen. 5) BestSol = Solution: cost=[40030.0], size=[52], elements=[3, 4, 5, 6, 7, 9, 10, 11, 14, 16, 17, 19, 21, 23, 24, 25, 27, 28, 29, 33, 35, 38, 39, 40, 41, 44, 45, 46, 49, 52, 53, 54, 55, 57, 59, 60, 61, 62, 63, 64, 65, 66, 67, 68, 72, 75, 79, 84, 85, 86, 92, 98]
(Gen. 7) BestSol = Solution: cost=[40187.0], size=[53], elements=[3, 4, 5, 6, 7, 9, 10, 11, 14, 16, 17, 19, 21, 23, 24, 25, 27, 28, 29, 33, 35, 38, 39, 40, 41, 42, 44, 45, 46, 49, 52, 53, 54, 55, 57, 59, 60, 61, 62, 63, 64, 65, 66, 67, 68, 72, 75, 79, 84, 86, 89, 92, 98]
(Gen. 8) BestSol = Solution: cost=[40302.0], size=[52], elements=[4, 5, 6, 7, 9, 10, 11, 14, 16, 17, 19, 21, 23, 24, 25, 27, 28, 29, 33, 35, 38, 39, 40, 41, 44, 45, 46, 48, 50, 52, 53, 55, 57, 59, 60, 61, 62, 63, 64, 65, 66, 67, 68, 72, 75, 79, 84, 85, 86, 92, 97, 98]
(Gen. 9) BestSol = Solution: cost=[40560.0], size=[54], elements=[1, 3, 5, 6, 7, 8, 9, 11, 14, 16, 17, 18, 19, 23, 24, 25, 28, 29, 33, 35, 38, 39, 40, 44, 45, 46, 48, 49, 50, 52, 53, 54, 55, 57, 59, 60, 61, 62, 63, 64, 65, 66, 67, 68, 75, 79, 84, 85, 86, 89, 92, 97, 98, 99]
(Gen. 10) BestSol = Solution: cost=[40571.0], size=[54], elements=[1, 3, 5, 6, 7, 8, 9, 11, 14, 16, 17, 18, 19, 21, 23, 24, 25, 28, 29, 33, 35, 38, 39, 40, 44, 45, 46, 48, 49, 50, 52, 53, 54, 55, 57, 59, 60, 61, 62, 63, 64, 65, 66, 67, 68, 72, 75, 79, 84, 86, 89, 92, 97, 98]
(Gen. 11) BestSol = Solution: cost=[41121.0], size=[54], elements=[1, 3, 5, 6, 7, 8, 9, 11, 14, 16, 17, 18, 19, 20, 21, 23, 24, 25, 28, 29, 33, 35, 38, 39, 40, 44, 45, 46, 48, 49, 50, 52, 53, 54, 55, 57, 59, 60, 61, 62, 63, 64, 65, 66, 67, 68, 72, 75, 79, 84, 86, 92, 97, 98]
(Gen. 15) BestSol = Solution: cost=[41351.0], size=[53], elements=[4, 5, 6, 7, 8, 9, 11, 14, 16, 18, 19, 20, 21, 23, 24, 25, 28, 29, 33, 35, 38, 39, 40, 41, 44, 45, 46, 48, 49, 50, 52, 53, 54, 55, 57, 59, 60, 61, 62, 63, 64, 65, 66, 67, 68, 75, 79, 84, 85, 86, 92, 97, 98]
(Gen. 18) BestSol = Solution: cost=[41612.0], size=[53], elements=[4, 5, 6, 7, 8, 9, 11, 14, 16, 17, 18, 19, 20, 21, 23, 24, 25, 27, 28, 29, 33, 35, 38, 39, 40, 41, 45, 46, 48, 49, 50, 52, 53, 54, 57, 59, 60, 61, 62, 63, 64, 65, 66, 67, 68, 75, 79, 84, 85, 86, 92, 97, 98]
(Gen. 32) BestSol = Solution: cost=[41619.0], size=[52], elements=[3, 4, 5, 6, 7, 8, 9, 11, 14, 16, 18, 19, 20, 21, 23, 24, 25, 27, 28, 29, 33, 35, 38, 39, 40, 41, 45, 46, 48, 49, 50, 52, 53, 54, 57, 59, 60, 61, 62, 63, 64, 65, 66, 67, 68, 75, 84, 85, 86, 92, 97, 98]
(Gen. 96) BestSol = Solution: cost=[41693.0], size=[53], elements=[1, 3, 4, 5, 6, 7, 8, 9, 11, 14, 16, 18, 19, 20, 21, 23, 24, 25, 27, 28, 29, 33, 35, 38, 39, 40, 41, 42, 45, 46, 48, 49, 50, 52, 53, 54, 57, 60, 61, 62, 63, 64, 65, 66, 67, 68, 75, 84, 85, 86, 92, 97, 98]
(Gen. 120) BestSol = Solution: cost=[41760.0], size=[53], elements=[1, 3, 4, 5, 6, 7, 8, 9, 11, 14, 16, 18, 19, 20, 21, 23, 24, 25, 27, 28, 29, 33, 35, 38, 39, 40, 41, 42, 45, 46, 48, 49, 50, 52, 53, 54, 57, 59, 60, 61, 62, 63, 64, 65, 66, 67, 68, 75, 85, 86, 92, 97, 98]
Finished after 1120 generations.
Best solution found: Solution: cost=[41760.0], size=[53], elements=[1, 3, 4, 5, 6, 7, 8, 9, 11, 14, 16, 18, 19, 20, 21, 23, 24, 25, 27, 28, 29, 33, 35, 38, 39, 40, 41, 42, 45, 46, 48, 49, 50, 52, 53, 54, 57, 59, 60, 61, 62, 63, 64, 65, 66, 67, 68, 75, 85, 86, 92, 97, 98] in time: 51.694 s.
Stopping criterion: stagnation_1000.
41760.0
