(Gen. 0) BestSol = Solution: cost=[21362.0], size=[26], elements=[14, 15, 16, 18, 19, 20, 21, 24, 26, 32, 40, 41, 42, 45, 46, 47, 52, 53, 55, 64, 69, 70, 77, 86, 87, 94]
(Gen. 1) BestSol = Solution: cost=[21564.0], size=[25], elements=[14, 16, 19, 20, 24, 31, 32, 35, 39, 41, 42, 43, 47, 52, 55, 59, 65, 69, 70, 77, 86, 87, 92, 94, 98]
(Gen. 2) BestSol = Solution: cost=[22001.0], size=[26], elements=[6, 13, 14, 15, 16, 18, 20, 26, 29, 32, 40, 41, 43, 45, 47, 52, 53, 55, 59, 64, 69, 76, 77, 87, 90, 94]
(Gen. 3) BestSol = Solution: cost=[22498.0], size=[27], elements=[6, 13, 14, 15, 16, 18, 20, 29, 31, 39, 42, 43, 45, 47, 52, 53, 55, 59, 69, 70, 76, 77, 79, 86, 87, 94, 98]
(Gen. 5) BestSol = Solution: cost=[22588.0], size=[27], elements=[6, 13, 14, 15, 16, 18, 20, 21, 24, 26, 29, 40, 43, 47, 52, 53, 55, 59, 65, 69, 70, 77, 79, 82, 86, 94, 98]
(Gen. 6) BestSol = Solution: cost=[22606.0], size=[27], elements=[6, 13, 14, 15, 16, 18, 20, 29, 31, 39, 40, 42, 43, 45, 47, 52, 53, 55, 59, 69, 70, 77, 79, 82, 86, 94, 98]
(Gen. 7) BestSol = Solution: cost=[22653.0], size=[27], elements=[13, 14, 16, 19, 20, 21, 24, 26, 29, 31, 39, 40, 43, 47, 52, 53, 55, 59, 69, 70, 77, 82, 84, 86, 90, 94, 98]
(Gen. 9) BestSol = Solution: cost=[22857.0], size=[27], elements=[6, 13, 14, 15, 16, 18, 20, 21, 29, 31, 42, 43, 45, 47, 52, 53, 55, 59, 69, 77, 82, 84, 86, 87, 90, 94, 98]
(Gen. 10) BestSol = Solution: cost=[22870.0], size=[27], elements=[13, 16, 19, 20, 21, 24, 26, 29, 31, 40, 43, 47, 52, 53, 55, 59, 69, 70, 77, 82, 84, 86, 87, 90, 92, 94, 98]
(Gen. 12) BestSol = Solution: cost=[22908.0], size=[27], elements=[13, 14, 16, 19, 20, 21, 24, 26, 29, 31, 39, 40, 43, 47, 52, 53, 55, 59, 65, 69, 70, 76, 77, 82, 90, 94, 98]
(Gen. 13) BestSol = Solution: cost=[22922.0], size=[28], elements=[16, 19, 20, 21, 24, 26, 29, 31, 32, 40, 41, 43, 45, 47, 52, 53, 55, 59, 69, 77, 82, 84, 86, 87, 90, 92, 94, 98]
(Gen. 15) BestSol = Solution: cost=[22964.0], size=[28], elements=[13, 16, 19, 20, 21, 24, 26, 29, 31, 40, 42, 43, 45, 47, 52, 53, 55, 59, 69, 76, 77, 82, 84, 86, 87, 90, 94, 98]
(Gen. 19) BestSol = Solution: cost=[23118.0], size=[27], elements=[6, 14, 15, 16, 19, 20, 21, 24, 26, 29, 31, 40, 42, 43, 45, 47, 52, 55, 59, 65, 69, 70, 77, 82, 84, 90, 94]
(Gen. 21) BestSol = Solution: cost=[23141.0], size=[28], elements=[13, 16, 19, 20, 21, 24, 26, 29, 31, 40, 42, 43, 45, 47, 52, 53, 55, 59, 69, 70, 76, 77, 79, 82, 84, 90, 94, 98]
(Gen. 25) BestSol = Solution: cost=[23252.0], size=[28], elements=[13, 16, 18, 20, 21, 24, 26, 29, 31, 40, 42, 43, 45, 47, 52, 53, 55, 59, 69, 70, 76, 77, 79, 82, 84, 90, 94, 98]
(Gen. 39) BestSol = Solution: cost=[23291.0], size=[28], elements=[13, 14, 16, 20, 21, 24, 26, 29, 31, 40, 42, 43, 45, 47, 52, 53, 55, 59, 65, 69, 76, 77, 79, 82, 84, 90, 94, 98]
Finished after 1039 generations.
Best solution found: Solution: cost=[23291.0], size=[28], elements=[13, 14, 16, 20, 21, 24, 26, 29, 31, 40, 42, 43, 45, 47, 52, 53, 55, 59, 65, 69, 76, 77, 79, 82, 84, 90, 94, 98] in time: 50.389 s.
Stopping criterion: stagnation_1000.
23291.0
