(Gen. 0) BestSol = Solution: cost=[38062.0], size=[49], elements=[2, 3, 6, 9, 11, 13, 18, 19, 20, 23, 24, 28, 29, 32, 33, 34, 35, 36, 40, 42, 45, 46, 48, 49, 50, 52, 53, 55, 57, 58, 59, 60, 61, 64, 67, 68, 69, 70, 71, 72, 75, 76, 77, 78, 79, 83, 88, 92, 99]
(Gen. 1) BestSol = Solution: cost=[38468.0], size=[50], elements=[2, 4, 5, 6, 9, 11, 17, 19, 20, 23, 24, 26, 27, 28, 29, 33, 35, 40, 42, 45, 46, 48, 49, 50, 52, 53, 57, 58, 60, 61, 64, 67, 68, 69, 70, 71, 75, 76, 77, 78, 79, 81, 83, 84, 86, 91, 92, 94, 95, 99]
(Gen. 2) BestSol = Solution: cost=[38774.0], size=[49], elements=[3, 5, 8, 11, 13, 18, 19, 23, 24, 25, 26, 27, 31, 34, 35, 36, 40, 42, 46, 47, 50, 52, 53, 54, 55, 57, 58, 60, 61, 63, 64, 65, 67, 71, 72, 75, 76, 77, 78, 81, 83, 84, 85, 88, 91, 92, 94, 95, 99]
(Gen. 3) BestSol = Solution: cost=[39295.0], size=[52], elements=[2, 4, 5, 8, 9, 12, 13, 15, 16, 18, 19, 20, 23, 24, 25, 27, 28, 29, 31, 34, 35, 36, 39, 42, 44, 45, 46, 48, 49, 50, 52, 53, 55, 57, 60, 63, 64, 67, 68, 69, 70, 76, 78, 81, 83, 85, 86, 88, 91, 94, 95, 99]
(Gen. 4) BestSol = Solution: cost=[39555.0], size=[50], elements=[2, 4, 5, 8, 9, 12, 13, 15, 16, 18, 19, 20, 23, 24, 25, 27, 28, 29, 31, 34, 35, 36, 39, 44, 45, 46, 48, 49, 50, 52, 53, 57, 60, 64, 67, 68, 71, 75, 76, 77, 78, 79, 83, 85, 86, 88, 91, 94, 95, 99]
(Gen. 5) BestSol = Solution: cost=[40045.0], size=[50], elements=[3, 4, 8, 11, 12, 13, 15, 17, 18, 19, 20, 23, 24, 27, 28, 29, 31, 33, 34, 35, 36, 40, 44, 45, 46, 48, 49, 52, 53, 57, 58, 60, 64, 65, 67, 69, 70, 75, 76, 77, 78, 84, 85, 86, 88, 91, 92, 94, 95, 99]
(Gen. 6) BestSol = Solution: cost=[40496.0], size=[51], elements=[2, 3, 4, 8, 9, 11, 12, 13, 18, 19, 20, 23, 24, 27, 28, 29, 32, 33, 34, 35, 36, 39, 40, 41, 44, 45, 46, 48, 49, 50, 52, 53, 54, 57, 60, 68, 69, 70, 71, 75, 76, 83, 84, 85, 86, 88, 91, 92, 94, 95, 99]
(Gen. 7) BestSol = Solution: cost=[40688.0], size=[52], elements=[3, 4, 8, 9, 12, 15, 16, 18, 19, 20, 23, 24, 28, 29, 33, 34, 35, 36, 39, 40, 41, 42, 44, 45, 46, 48, 49, 50, 52, 53, 54, 57, 58, 60, 64, 65, 67, 69, 70, 75, 76, 77, 78, 84, 85, 86, 88, 91, 92, 94, 95, 99]
(Gen. 8) BestSol = Solution: cost=[40889.0], size=[52], elements=[3, 4, 6, 8, 9, 11, 12, 13, 18, 19, 20, 23, 24, 27, 28, 29, 31, 34, 35, 36, 39, 40, 41, 44, 45, 46, 48, 49, 50, 52, 53, 57, 58, 60, 61, 64, 65, 67, 69, 70, 71, 75, 76, 78, 85, 86, 88, 91, 92, 94, 95, 99]
(Gen. 9) BestSol = Solution: cost=[41039.0], size=[52], elements=[3, 4, 8, 9, 11, 12, 13, 15, 18, 19, 20, 23, 24, 25, 27, 28, 29, 31, 32, 34, 35, 36, 39, 40, 44, 45, 46, 48, 49, 50, 52, 53, 54, 57, 58, 60, 61, 67, 69, 70, 71, 75, 76, 78, 84, 85, 88, 91, 92, 94, 95, 99]
(Gen. 12) BestSol = Solution: cost=[41119.0], size=[51], elements=[3, 4, 8, 9, 11, 12, 13, 15, 18, 19, 20, 23, 24, 25, 28, 29, 31, 34, 35, 36, 39, 40, 41, 44, 45, 46, 48, 49, 50, 52, 53, 57, 58, 60, 64, 65, 69, 71, 75, 76, 77, 78, 83, 84, 85, 86, 88, 91, 92, 94, 95]
(Gen. 13) BestSol = Solution: cost=[41199.0], size=[53], elements=[2, 3, 4, 8, 9, 11, 12, 13, 15, 16, 18, 19, 20, 23, 24, 25, 28, 29, 32, 33, 34, 35, 36, 39, 40, 41, 42, 44, 45, 48, 50, 53, 57, 58, 60, 63, 64, 65, 67, 68, 69, 70, 75, 76, 78, 84, 85, 88, 91, 92, 94, 95, 99]
(Gen. 16) BestSol = Solution: cost=[41223.0], size=[52], elements=[3, 4, 8, 9, 11, 12, 13, 15, 16, 18, 19, 20, 23, 24, 25, 27, 28, 29, 31, 32, 34, 35, 39, 40, 41, 44, 45, 46, 48, 49, 50, 53, 54, 57, 58, 60, 64, 65, 69, 70, 71, 75, 76, 77, 78, 84, 85, 88, 91, 92, 94, 95]
(Gen. 17) BestSol = Solution: cost=[41495.0], size=[54], elements=[2, 3, 4, 8, 9, 11, 12, 13, 15, 16, 18, 19, 20, 23, 24, 25, 28, 29, 32, 33, 34, 35, 36, 39, 40, 41, 42, 44, 45, 48, 50, 53, 55, 57, 58, 60, 63, 64, 65, 67, 68, 69, 70, 75, 76, 78, 81, 84, 85, 88, 91, 92, 94, 95]
(Gen. 22) BestSol = Solution: cost=[41519.0], size=[52], elements=[2, 3, 4, 8, 9, 11, 12, 13, 15, 18, 19, 20, 23, 24, 25, 29, 31, 34, 35, 36, 39, 40, 44, 45, 46, 47, 48, 49, 50, 52, 53, 54, 57, 58, 60, 64, 69, 70, 71, 75, 76, 77, 78, 84, 85, 86, 88, 91, 92, 94, 95, 99]
(Gen. 24) BestSol = Solution: cost=[41613.0], size=[53], elements=[3, 4, 8, 9, 11, 12, 13, 15, 16, 18, 19, 20, 23, 24, 25, 29, 31, 34, 35, 36, 39, 40, 41, 44, 45, 46, 47, 48, 49, 50, 52, 53, 57, 58, 60, 64, 65, 67, 68, 69, 70, 75, 76, 78, 84, 85, 86, 88, 91, 92, 94, 95, 99]
(Gen. 25) BestSol = Solution: cost=[41622.0], size=[53], elements=[3, 4, 8, 9, 11, 12, 13, 15, 16, 18, 19, 20, 23, 24, 25, 28, 29, 31, 34, 35, 36, 39, 40, 41, 42, 44, 45, 46, 48, 49, 50, 52, 53, 57, 58, 60, 64, 65, 67, 68, 69, 70, 75, 76, 78, 84, 85, 86, 88, 91, 92, 94, 95]
(Gen. 30) BestSol = Solution: cost=[41694.0], size=[52], elements=[3, 4, 8, 9, 11, 12, 13, 15, 16, 18, 19, 20, 23, 24, 25, 28, 29, 31, 34, 35, 36, 39, 40, 41, 44, 45, 46, 48, 49, 50, 52, 53, 57, 58, 60, 64, 67, 69, 70, 71, 75, 76, 77, 78, 84, 85, 86, 88, 91, 92, 94, 95]
(Gen. 289) BestSol = Solution: cost=[41744.0], size=[53], elements=[3, 4, 5, 8, 9, 11, 12, 13, 15, 16, 18, 19, 20, 23, 24, 25, 28, 29, 31, 34, 35, 36, 39, 40, 41, 42, 44, 45, 46, 48, 49, 50, 52, 57, 58, 60, 64, 67, 69, 70, 75, 76, 77, 78, 81, 84, 85, 86, 88, 91, 92, 94, 95]
Finished after 1289 generations.
Best solution found: Solution: cost=[41744.0], size=[53], elements=[3, 4, 5, 8, 9, 11, 12, 13, 15, 16, 18, 19, 20, 23, 24, 25, 28, 29, 31, 34, 35, 36, 39, 40, 41, 42, 44, 45, 46, 48, 49, 50, 52, 57, 58, 60, 64, 67, 69, 70, 75, 76, 77, 78, 81, 84, 85, 86, 88, 91, 92, 94, 95] in time: 43.748 s.
Stopping criterion: stagnation_1000.
41744.0
