(Gen. 0) BestSol = Solution: cost=[38224.0], size=[48], elements=[0, 2, 5, 10, 11, 14, 17, 19, 20, 21, 23, 24, 26, 27, 28, 29, 33, 35, 39, 41, 44, 48, 56, 57, 60, 63, 64, 67, 68, 69, 72, 73, 76, 78, 79, 80, 81, 83, 87, 90, 91, 92, 94, 95, 96, 97, 98, 99]
(Gen. 1) BestSol = Solution: cost=[39232.0], size=[46], elements=[1, 2, 3, 5, 7, 10, 14, 18, 20, 21, 23, 24, 27, 28, 32, 33, 34, 40, 41, 43, 48, 49, 50, 51, 52, 58, 59, 60, 61, 64, 66, 67, 69, 70, 72, 73, 75, 76, 77, 78, 81, 83, 93, 96, 97, 98]
(Gen. 2) BestSol = Solution: cost=[39583.0], size=[48], elements=[1, 2, 3, 5, 7, 14, 15, 19, 21, 23, 27, 28, 29, 30, 31, 34, 40, 42, 43, 44, 46, 48, 50, 54, 57, 58, 60, 61, 62, 63, 64, 65, 66, 67, 68, 69, 73, 76, 77, 81, 90, 91, 93, 95, 96, 97, 98, 99]
(Gen. 3) BestSol = Solution: cost=[40737.0], size=[48], elements=[1, 2, 3, 5, 7, 10, 14, 15, 17, 18, 20, 21, 23, 24, 26, 27, 31, 34, 40, 42, 43, 46, 50, 51, 52, 54, 57, 58, 60, 61, 64, 65, 67, 69, 70, 73, 75, 76, 78, 80, 81, 83, 93, 94, 95, 96, 98, 99]
(Gen. 4) BestSol = Solution: cost=[40758.0], size=[48], elements=[1, 2, 3, 5, 7, 10, 14, 15, 17, 18, 20, 21, 23, 24, 26, 27, 31, 34, 40, 42, 43, 46, 50, 51, 52, 54, 57, 58, 60, 63, 64, 65, 67, 69, 70, 73, 75, 76, 78, 80, 81, 83, 93, 94, 95, 96, 98, 99]
(Gen. 5) BestSol = Solution: cost=[41063.0], size=[48], elements=[1, 2, 3, 7, 10, 14, 15, 18, 20, 21, 23, 24, 26, 27, 29, 31, 32, 33, 34, 40, 41, 43, 48, 49, 50, 51, 52, 54, 57, 58, 60, 61, 64, 66, 67, 69, 72, 73, 76, 78, 80, 81, 83, 91, 93, 95, 98, 99]
(Gen. 6) BestSol = Solution: cost=[41095.0], size=[48], elements=[1, 2, 3, 5, 7, 10, 14, 15, 17, 18, 20, 21, 23, 24, 26, 27, 31, 34, 40, 42, 43, 46, 50, 51, 52, 54, 57, 58, 60, 61, 62, 64, 65, 67, 69, 70, 73, 75, 76, 80, 81, 83, 91, 93, 95, 96, 98, 99]
(Gen. 7) BestSol = Solution: cost=[41399.0], size=[48], elements=[1, 2, 3, 5, 7, 10, 14, 15, 17, 18, 20, 21, 23, 24, 26, 27, 31, 34, 40, 42, 43, 46, 50, 51, 52, 54, 57, 58, 60, 61, 62, 63, 64, 65, 67, 69, 70, 73, 75, 76, 80, 81, 83, 93, 95, 96, 98, 99]
(Gen. 8) BestSol = Solution: cost=[41520.0], size=[49], elements=[1, 3, 10, 14, 15, 18, 19, 20, 21, 22, 23, 24, 26, 27, 29, 31, 33, 34, 40, 41, 43, 44, 49, 50, 51, 52, 56, 58, 60, 61, 64, 65, 66, 68, 70, 72, 75, 76, 77, 78, 80, 81, 83, 91, 94, 96, 97, 98, 99]
(Gen. 9) BestSol = Solution: cost=[41752.0], size=[49], elements=[1, 3, 5, 7, 10, 14, 15, 18, 19, 20, 21, 22, 23, 24, 26, 27, 31, 34, 40, 41, 43, 44, 49, 50, 51, 52, 54, 56, 57, 58, 60, 61, 64, 65, 66, 67, 68, 69, 73, 76, 78, 80, 81, 83, 85, 93, 95, 98, 99]
(Gen. 10) BestSol = Solution: cost=[41835.0], size=[50], elements=[1, 3, 5, 7, 10, 14, 15, 18, 19, 20, 21, 23, 24, 26, 27, 31, 32, 34, 40, 41, 43, 44, 48, 50, 54, 57, 58, 60, 61, 64, 65, 66, 67, 68, 69, 70, 72, 76, 77, 78, 80, 81, 83, 85, 91, 95, 96, 97, 98, 99]
(Gen. 11) BestSol = Solution: cost=[41865.0], size=[50], elements=[1, 3, 5, 10, 14, 15, 18, 19, 20, 21, 22, 23, 24, 26, 27, 31, 32, 34, 40, 41, 43, 44, 49, 50, 51, 52, 54, 56, 57, 58, 60, 61, 64, 65, 66, 68, 69, 72, 76, 77, 78, 80, 81, 83, 85, 94, 96, 97, 98, 99]
(Gen. 12) BestSol = Solution: cost=[41966.0], size=[50], elements=[1, 3, 5, 7, 10, 14, 15, 18, 19, 20, 21, 22, 23, 24, 26, 27, 31, 34, 40, 41, 43, 44, 49, 50, 51, 52, 54, 57, 58, 60, 61, 64, 65, 66, 67, 68, 69, 70, 72, 76, 78, 80, 81, 83, 91, 93, 96, 97, 98, 99]
(Gen. 13) BestSol = Solution: cost=[42217.0], size=[50], elements=[1, 3, 5, 7, 10, 14, 15, 18, 19, 20, 21, 22, 23, 24, 26, 27, 31, 34, 40, 41, 43, 44, 49, 50, 51, 52, 54, 56, 57, 58, 60, 61, 64, 65, 66, 67, 68, 70, 72, 76, 78, 80, 81, 83, 91, 94, 96, 97, 98, 99]
(Gen. 14) BestSol = Solution: cost=[42374.0], size=[51], elements=[1, 3, 5, 7, 10, 14, 15, 18, 19, 20, 21, 22, 23, 24, 26, 27, 31, 34, 40, 41, 43, 44, 49, 50, 51, 52, 54, 56, 57, 58, 60, 61, 64, 65, 66, 67, 68, 69, 72, 76, 78, 80, 81, 83, 85, 91, 94, 96, 97, 98, 99]
(Gen. 19) BestSol = Solution: cost=[42429.0], size=[51], elements=[1, 3, 5, 7, 10, 14, 15, 18, 19, 20, 21, 22, 23, 24, 26, 27, 31, 34, 40, 41, 43, 44, 49, 50, 51, 52, 54, 56, 58, 60, 61, 64, 65, 66, 67, 68, 69, 70, 72, 76, 78, 80, 81, 83, 85, 91, 94, 96, 97, 98, 99]
(Gen. 20) BestSol = Solution: cost=[42638.0], size=[51], elements=[1, 3, 5, 7, 10, 14, 15, 18, 19, 20, 21, 22, 23, 24, 26, 27, 31, 32, 34, 40, 44, 48, 49, 50, 51, 52, 54, 56, 57, 58, 60, 61, 64, 65, 66, 68, 69, 73, 75, 76, 78, 80, 81, 83, 85, 91, 94, 96, 97, 98, 99]
(Gen. 21) BestSol = Solution: cost=[42711.0], size=[51], elements=[1, 3, 5, 10, 14, 15, 18, 19, 20, 21, 22, 23, 24, 26, 27, 31, 32, 34, 40, 44, 48, 49, 50, 51, 52, 54, 56, 57, 58, 60, 61, 64, 65, 66, 68, 69, 70, 72, 73, 76, 78, 80, 81, 83, 85, 91, 94, 96, 97, 98, 99]
(Gen. 31) BestSol = Solution: cost=[42713.0], size=[51], elements=[1, 3, 5, 10, 14, 15, 18, 19, 20, 21, 22, 23, 24, 26, 27, 31, 32, 34, 40, 48, 49, 50, 51, 52, 54, 56, 57, 58, 60, 61, 64, 65, 66, 67, 68, 69, 70, 72, 73, 76, 78, 80, 81, 83, 85, 91, 94, 96, 97, 98, 99]
(Gen. 32) BestSol = Solution: cost=[42802.0], size=[51], elements=[1, 3, 5, 10, 14, 15, 18, 19, 20, 21, 22, 23, 24, 26, 27, 29, 31, 32, 34, 40, 44, 49, 50, 51, 52, 54, 56, 57, 58, 60, 61, 64, 65, 66, 67, 68, 70, 72, 73, 76, 78, 80, 81, 83, 85, 91, 94, 96, 97, 98, 99]
(Gen. 33) BestSol = Solution: cost=[42854.0], size=[51], elements=[1, 3, 5, 10, 14, 15, 18, 19, 20, 21, 22, 23, 24, 26, 27, 31, 32, 34, 40, 44, 48, 49, 50, 51, 52, 54, 56, 57, 58, 60, 61, 64, 65, 66, 67, 68, 70, 72, 73, 76, 78, 80, 81, 83, 85, 91, 94, 96, 97, 98, 99]
(Gen. 34) BestSol = Solution: cost=[42908.0], size=[51], elements=[1, 3, 5, 7, 10, 14, 15, 18, 19, 20, 21, 22, 23, 24, 26, 27, 31, 32, 34, 40, 44, 48, 49, 50, 51, 52, 54, 56, 57, 58, 60, 61, 64, 65, 66, 68, 70, 72, 73, 76, 78, 80, 81, 83, 85, 91, 94, 96, 97, 98, 99]
(Gen. 46) BestSol = Solution: cost=[42975.0], size=[51], elements=[1, 3, 5, 7, 10, 14, 15, 18, 19, 20, 21, 22, 23, 24, 26, 27, 31, 32, 33, 34, 44, 48, 49, 50, 51, 52, 54, 56, 57, 58, 60, 61, 64, 65, 66, 68, 70, 72, 73, 76, 78, 80, 81, 83, 85, 91, 94, 96, 97, 98, 99]
Finished after 1046 generations.
Best solution found: Solution: cost=[42975.0], size=[51], elements=[1, 3, 5, 7, 10, 14, 15, 18, 19, 20, 21, 22, 23, 24, 26, 27, 31, 32, 33, 34, 44, 48, 49, 50, 51, 52, 54, 56, 57, 58, 60, 61, 64, 65, 66, 68, 70, 72, 73, 76, 78, 80, 81, 83, 85, 91, 94, 96, 97, 98, 99] in time: 41.671 s.
Stopping criterion: stagnation_1000.
42975.0
