(Gen. 0) BestSol = Solution: cost=[40287.0], size=[48], elements=[0, 2, 6, 7, 11, 12, 13, 17, 19, 21, 22, 25, 26, 28, 33, 35, 36, 37, 40, 41, 42, 44, 51, 52, 54, 55, 57, 59, 63, 64, 65, 66, 68, 70, 74, 78, 79, 80, 82, 83, 84, 87, 92, 93, 95, 96, 97, 99]
(Gen. 1) BestSol = Solution: cost=[40601.0], size=[49], elements=[0, 3, 4, 5, 6, 8, 12, 13, 17, 20, 21, 24, 25, 26, 28, 29, 31, 34, 36, 37, 40, 41, 42, 49, 51, 52, 53, 55, 56, 57, 59, 61, 62, 63, 68, 69, 70, 71, 73, 74, 78, 79, 83, 85, 86, 91, 92, 93, 96]
(Gen. 2) BestSol = Solution: cost=[41118.0], size=[49], elements=[0, 3, 4, 5, 6, 8, 12, 13, 17, 20, 21, 24, 25, 26, 28, 29, 31, 36, 37, 40, 41, 42, 49, 51, 52, 53, 55, 56, 57, 59, 61, 62, 63, 68, 70, 71, 74, 75, 78, 79, 80, 82, 83, 84, 87, 91, 92, 93, 96]
(Gen. 3) BestSol = Solution: cost=[41667.0], size=[51], elements=[0, 3, 4, 5, 6, 8, 11, 12, 13, 14, 20, 22, 25, 28, 31, 33, 37, 38, 40, 42, 43, 44, 47, 49, 51, 52, 54, 55, 57, 59, 63, 64, 65, 66, 68, 70, 71, 74, 78, 79, 80, 82, 83, 84, 87, 92, 93, 95, 96, 97, 99]
(Gen. 4) BestSol = Solution: cost=[42463.0], size=[50], elements=[0, 3, 4, 5, 6, 8, 12, 13, 17, 20, 21, 25, 26, 28, 31, 33, 37, 38, 40, 41, 42, 43, 44, 47, 49, 51, 54, 59, 60, 62, 63, 68, 69, 70, 73, 74, 76, 77, 78, 79, 82, 83, 89, 91, 92, 93, 95, 96, 97, 99]
(Gen. 5) BestSol = Solution: cost=[42522.0], size=[50], elements=[0, 2, 6, 7, 8, 11, 12, 13, 17, 19, 21, 22, 25, 26, 28, 33, 36, 37, 38, 40, 41, 42, 44, 47, 49, 51, 53, 54, 59, 60, 62, 63, 65, 70, 73, 74, 76, 77, 78, 79, 80, 82, 83, 87, 92, 93, 95, 96, 97, 99]
(Gen. 6) BestSol = Solution: cost=[43243.0], size=[50], elements=[0, 2, 6, 7, 8, 12, 13, 17, 21, 24, 25, 26, 28, 29, 31, 33, 36, 37, 38, 40, 41, 42, 44, 47, 49, 51, 53, 54, 56, 58, 59, 62, 64, 65, 66, 70, 73, 74, 78, 79, 80, 82, 83, 87, 92, 93, 95, 96, 97, 99]
(Gen. 7) BestSol = Solution: cost=[43262.0], size=[51], elements=[0, 2, 4, 5, 7, 8, 11, 12, 13, 21, 22, 24, 25, 26, 28, 31, 33, 37, 38, 40, 42, 44, 47, 49, 51, 53, 54, 56, 57, 59, 60, 63, 64, 65, 66, 68, 70, 74, 76, 78, 79, 80, 82, 83, 87, 91, 92, 93, 95, 96, 99]
(Gen. 8) BestSol = Solution: cost=[43500.0], size=[51], elements=[0, 3, 4, 5, 6, 8, 12, 13, 17, 19, 22, 25, 26, 28, 29, 31, 33, 36, 37, 38, 40, 41, 42, 44, 47, 49, 51, 53, 54, 56, 58, 59, 62, 64, 66, 68, 70, 73, 74, 76, 78, 79, 83, 87, 91, 92, 93, 95, 96, 97, 99]
(Gen. 9) BestSol = Solution: cost=[43879.0], size=[51], elements=[0, 2, 6, 7, 8, 12, 13, 17, 19, 21, 24, 26, 28, 29, 31, 33, 36, 37, 38, 40, 41, 42, 43, 44, 47, 49, 51, 53, 54, 56, 59, 60, 62, 63, 68, 70, 73, 74, 76, 78, 79, 82, 83, 87, 91, 92, 93, 95, 96, 97, 99]
(Gen. 10) BestSol = Solution: cost=[43901.0], size=[51], elements=[0, 2, 6, 7, 8, 12, 13, 17, 21, 24, 25, 26, 28, 29, 31, 33, 36, 37, 38, 40, 41, 42, 44, 47, 49, 51, 53, 54, 56, 58, 59, 60, 62, 64, 65, 66, 70, 73, 74, 76, 79, 80, 82, 83, 87, 91, 92, 93, 95, 96, 99]
(Gen. 11) BestSol = Solution: cost=[43991.0], size=[52], elements=[0, 2, 6, 7, 8, 12, 13, 17, 19, 21, 22, 24, 25, 26, 28, 29, 31, 36, 37, 38, 40, 42, 44, 47, 49, 50, 51, 52, 53, 54, 59, 60, 62, 63, 65, 68, 70, 73, 74, 76, 78, 79, 82, 83, 84, 87, 91, 92, 93, 95, 96, 99]
(Gen. 12) BestSol = Solution: cost=[44098.0], size=[51], elements=[0, 6, 7, 8, 11, 12, 13, 17, 19, 21, 22, 24, 25, 26, 28, 29, 31, 33, 36, 37, 38, 40, 41, 42, 47, 49, 51, 53, 54, 59, 60, 62, 63, 65, 68, 70, 73, 74, 76, 78, 79, 82, 83, 87, 91, 92, 93, 95, 96, 97, 99]
(Gen. 13) BestSol = Solution: cost=[44293.0], size=[51], elements=[0, 2, 6, 7, 8, 12, 13, 17, 19, 21, 22, 25, 26, 28, 29, 31, 33, 36, 37, 38, 40, 41, 42, 44, 47, 49, 51, 53, 54, 59, 60, 62, 63, 65, 68, 70, 73, 74, 76, 78, 79, 82, 83, 84, 87, 91, 92, 93, 95, 96, 99]
(Gen. 15) BestSol = Solution: cost=[44488.0], size=[52], elements=[0, 4, 6, 7, 8, 11, 12, 13, 17, 19, 21, 22, 24, 25, 26, 28, 29, 31, 33, 36, 37, 38, 40, 41, 42, 44, 47, 49, 51, 53, 54, 56, 59, 60, 62, 68, 70, 73, 74, 76, 78, 79, 80, 83, 87, 91, 92, 93, 95, 96, 97, 99]
(Gen. 16) BestSol = Solution: cost=[44752.0], size=[52], elements=[0, 2, 3, 6, 7, 8, 11, 12, 13, 17, 19, 22, 25, 26, 28, 29, 31, 33, 36, 37, 38, 40, 41, 42, 44, 47, 49, 51, 53, 54, 56, 58, 59, 60, 62, 63, 66, 68, 70, 73, 74, 76, 78, 79, 83, 87, 91, 92, 93, 95, 96, 99]
(Gen. 20) BestSol = Solution: cost=[44782.0], size=[51], elements=[0, 2, 4, 6, 7, 8, 12, 13, 17, 19, 21, 22, 25, 26, 28, 29, 31, 33, 36, 37, 38, 40, 41, 42, 47, 49, 51, 53, 54, 56, 58, 59, 60, 62, 63, 66, 68, 70, 73, 74, 76, 78, 79, 83, 87, 91, 92, 93, 95, 96, 99]
(Gen. 22) BestSol = Solution: cost=[45008.0], size=[52], elements=[0, 2, 3, 6, 7, 8, 11, 12, 13, 17, 19, 21, 22, 25, 26, 28, 29, 31, 33, 36, 37, 38, 40, 41, 42, 44, 47, 49, 51, 53, 54, 56, 58, 59, 60, 62, 63, 66, 68, 70, 73, 74, 76, 79, 83, 87, 91, 92, 93, 95, 96, 99]
Finished after 1022 generations.
Best solution found: Solution: cost=[45008.0], size=[52], elements=[0, 2, 3, 6, 7, 8, 11, 12, 13, 17, 19, 21, 22, 25, 26, 28, 29, 31, 33, 36, 37, 38, 40, 41, 42, 44, 47, 49, 51, 53, 54, 56, 58, 59, 60, 62, 63, 66, 68, 70, 73, 74, 76, 79, 83, 87, 91, 92, 93, 95, 96, 99] in time: 47.847 s.
Stopping criterion: stagnation_1000.
45008.0
