(Gen. 0) BestSol = Solution: cost=[39106.0], size=[50], elements=[0, 2, 7, 11, 12, 13, 14, 18, 19, 22, 26, 27, 28, 32, 35, 36, 37, 40, 42, 44, 45, 51, 54, 55, 57, 59, 63, 64, 65, 66, 67, 68, 70, 71, 72, 74, 75, 78, 80, 82, 83, 84, 87, 90, 92, 93, 95, 96, 98, 99]
(Gen. 2) BestSol = Solution: cost=[39843.0], size=[49], elements=[0, 2, 5, 10, 11, 14, 19, 20, 23, 24, 26, 27, 28, 29, 30, 32, 36, 40, 44, 47, 49, 51, 54, 55, 56, 57, 59, 62, 64, 65, 66, 67, 68, 71, 72, 74, 75, 77, 78, 80, 83, 84, 86, 87, 92, 94, 95, 98, 99]
(Gen. 3) BestSol = Solution: cost=[40221.0], size=[50], elements=[0, 2, 7, 11, 12, 13, 14, 19, 22, 23, 24, 26, 28, 32, 35, 38, 40, 44, 50, 54, 55, 56, 57, 59, 61, 62, 64, 65, 66, 67, 68, 70, 71, 72, 74, 75, 78, 80, 82, 83, 84, 86, 87, 90, 92, 93, 95, 96, 98, 99]
(Gen. 4) BestSol = Solution: cost=[40486.0], size=[49], elements=[0, 2, 7, 11, 12, 13, 14, 19, 22, 23, 24, 26, 28, 32, 35, 36, 40, 42, 44, 47, 49, 50, 51, 54, 55, 57, 59, 60, 64, 65, 66, 67, 68, 70, 71, 72, 74, 75, 78, 82, 83, 84, 86, 87, 92, 93, 95, 98, 99]
(Gen. 5) BestSol = Solution: cost=[40591.0], size=[50], elements=[0, 2, 7, 11, 12, 13, 14, 19, 22, 24, 27, 28, 29, 30, 32, 36, 40, 44, 47, 49, 51, 54, 55, 56, 57, 59, 62, 64, 65, 66, 67, 68, 71, 72, 74, 75, 77, 78, 83, 84, 86, 87, 90, 92, 93, 94, 95, 96, 98, 99]
(Gen. 6) BestSol = Solution: cost=[40897.0], size=[50], elements=[0, 2, 7, 11, 12, 13, 14, 19, 22, 23, 24, 26, 28, 30, 32, 36, 40, 42, 43, 44, 47, 49, 50, 51, 54, 55, 56, 57, 59, 62, 64, 65, 66, 67, 68, 71, 72, 74, 75, 78, 80, 82, 83, 84, 86, 87, 92, 93, 98, 99]
(Gen. 7) BestSol = Solution: cost=[41138.0], size=[49], elements=[0, 2, 5, 7, 8, 10, 11, 12, 13, 14, 19, 22, 24, 26, 28, 32, 35, 36, 40, 42, 44, 47, 49, 51, 54, 55, 56, 57, 59, 62, 64, 65, 66, 67, 68, 71, 72, 74, 75, 78, 80, 82, 83, 84, 86, 87, 93, 98, 99]
(Gen. 8) BestSol = Solution: cost=[41642.0], size=[50], elements=[0, 2, 5, 7, 8, 11, 12, 13, 14, 19, 22, 24, 26, 28, 32, 35, 36, 38, 40, 42, 44, 47, 49, 50, 51, 54, 55, 56, 57, 59, 62, 65, 66, 67, 68, 71, 72, 74, 75, 77, 80, 82, 83, 84, 86, 87, 93, 94, 98, 99]
(Gen. 9) BestSol = Solution: cost=[41775.0], size=[50], elements=[0, 2, 5, 7, 8, 11, 12, 13, 14, 19, 22, 24, 26, 28, 32, 35, 36, 40, 42, 44, 47, 49, 51, 54, 55, 56, 57, 59, 60, 62, 64, 65, 66, 67, 68, 71, 72, 74, 75, 77, 78, 80, 82, 83, 84, 87, 92, 93, 98, 99]
(Gen. 11) BestSol = Solution: cost=[42062.0], size=[51], elements=[0, 2, 7, 8, 11, 12, 13, 14, 19, 20, 22, 24, 26, 28, 32, 35, 36, 40, 42, 43, 44, 47, 49, 50, 51, 54, 55, 56, 57, 59, 60, 62, 65, 66, 67, 68, 71, 72, 74, 75, 77, 82, 83, 84, 86, 87, 92, 93, 94, 98, 99]
(Gen. 13) BestSol = Solution: cost=[42125.0], size=[51], elements=[0, 2, 5, 7, 10, 11, 12, 13, 14, 19, 20, 22, 24, 26, 28, 32, 35, 36, 40, 42, 44, 47, 49, 50, 51, 54, 55, 56, 57, 59, 60, 62, 65, 66, 67, 68, 71, 72, 74, 75, 77, 78, 83, 84, 86, 87, 92, 93, 94, 98, 99]
(Gen. 14) BestSol = Solution: cost=[42164.0], size=[51], elements=[0, 2, 7, 10, 11, 12, 13, 14, 19, 20, 22, 24, 26, 27, 28, 32, 35, 36, 40, 42, 44, 47, 49, 50, 51, 54, 55, 56, 57, 59, 60, 62, 65, 66, 67, 68, 71, 72, 74, 75, 77, 82, 83, 84, 86, 87, 92, 93, 94, 98, 99]
(Gen. 15) BestSol = Solution: cost=[42230.0], size=[51], elements=[0, 2, 5, 7, 8, 10, 11, 12, 13, 14, 19, 20, 22, 24, 26, 28, 32, 35, 36, 40, 42, 43, 44, 47, 49, 50, 51, 54, 55, 56, 57, 59, 60, 62, 66, 67, 68, 71, 72, 74, 75, 77, 83, 84, 85, 86, 87, 92, 93, 98, 99]
(Gen. 16) BestSol = Solution: cost=[42239.0], size=[51], elements=[0, 2, 5, 7, 8, 10, 11, 12, 13, 14, 19, 20, 22, 24, 26, 27, 28, 32, 35, 36, 40, 42, 44, 47, 49, 51, 54, 55, 56, 57, 59, 62, 64, 65, 66, 67, 68, 71, 72, 74, 75, 77, 82, 83, 84, 87, 88, 92, 93, 98, 99]
(Gen. 18) BestSol = Solution: cost=[42564.0], size=[51], elements=[0, 2, 5, 7, 8, 10, 11, 12, 13, 14, 19, 20, 22, 24, 26, 27, 28, 32, 35, 36, 40, 42, 44, 47, 49, 51, 54, 55, 56, 57, 59, 60, 62, 64, 65, 66, 67, 68, 71, 72, 74, 75, 77, 82, 83, 84, 87, 92, 93, 98, 99]
(Gen. 29) BestSol = Solution: cost=[42625.0], size=[52], elements=[0, 2, 5, 7, 11, 12, 13, 14, 19, 20, 22, 24, 26, 27, 28, 32, 35, 36, 38, 40, 42, 44, 47, 49, 51, 54, 55, 56, 57, 59, 60, 62, 65, 66, 67, 68, 71, 72, 74, 75, 77, 82, 83, 84, 85, 86, 87, 92, 93, 94, 98, 99]
(Gen. 30) BestSol = Solution: cost=[42764.0], size=[52], elements=[0, 2, 5, 7, 8, 10, 11, 12, 13, 14, 19, 22, 24, 26, 27, 28, 30, 32, 35, 36, 38, 40, 42, 44, 47, 49, 51, 54, 55, 56, 57, 59, 60, 62, 65, 66, 67, 68, 71, 72, 74, 75, 77, 82, 83, 84, 85, 87, 92, 93, 98, 99]
Finished after 1030 generations.
Best solution found: Solution: cost=[42764.0], size=[52], elements=[0, 2, 5, 7, 8, 10, 11, 12, 13, 14, 19, 22, 24, 26, 27, 28, 30, 32, 35, 36, 38, 40, 42, 44, 47, 49, 51, 54, 55, 56, 57, 59, 60, 62, 65, 66, 67, 68, 71, 72, 74, 75, 77, 82, 83, 84, 85, 87, 92, 93, 98, 99] in time: 49.328 s.
Stopping criterion: stagnation_1000.
42764.0
