(Gen. 0) BestSol = Solution: cost=[21742.0], size=[25], elements=[0, 3, 8, 11, 12, 13, 24, 27, 28, 31, 36, 49, 53, 55, 58, 61, 62, 63, 79, 86, 90, 91, 93, 94, 95]
(Gen. 1) BestSol = Solution: cost=[22026.0], size=[26], elements=[0, 11, 12, 13, 18, 22, 26, 28, 34, 35, 36, 42, 54, 55, 58, 61, 63, 65, 68, 70, 74, 78, 79, 87, 93, 95]
(Gen. 2) BestSol = Solution: cost=[22282.0], size=[26], elements=[0, 3, 5, 8, 11, 12, 13, 24, 27, 28, 30, 34, 35, 55, 56, 58, 61, 63, 64, 78, 79, 86, 90, 91, 93, 95]
(Gen. 4) BestSol = Solution: cost=[22409.0], size=[27], elements=[0, 1, 5, 11, 12, 13, 22, 24, 27, 34, 35, 36, 42, 55, 56, 58, 61, 63, 64, 78, 79, 86, 90, 91, 93, 94, 95]
(Gen. 6) BestSol = Solution: cost=[22550.0], size=[26], elements=[3, 4, 10, 11, 15, 22, 24, 27, 28, 30, 35, 53, 55, 56, 58, 61, 63, 64, 65, 78, 79, 87, 90, 91, 93, 95]
(Gen. 8) BestSol = Solution: cost=[22652.0], size=[27], elements=[0, 3, 5, 8, 11, 12, 13, 22, 24, 27, 28, 30, 34, 35, 36, 53, 55, 58, 61, 62, 63, 64, 78, 90, 91, 93, 95]
(Gen. 15) BestSol = Solution: cost=[22705.0], size=[27], elements=[0, 1, 11, 15, 22, 24, 27, 28, 30, 34, 35, 36, 49, 53, 54, 55, 56, 58, 61, 62, 63, 78, 79, 91, 93, 94, 95]
(Gen. 20) BestSol = Solution: cost=[22743.0], size=[27], elements=[0, 1, 11, 15, 22, 24, 27, 28, 30, 34, 35, 36, 49, 53, 54, 55, 56, 58, 61, 63, 78, 79, 90, 91, 93, 94, 95]
(Gen. 23) BestSol = Solution: cost=[22865.0], size=[27], elements=[0, 1, 3, 5, 11, 12, 13, 22, 27, 28, 30, 35, 49, 53, 54, 55, 56, 61, 63, 70, 74, 78, 79, 91, 93, 94, 95]
(Gen. 25) BestSol = Solution: cost=[22880.0], size=[27], elements=[0, 1, 3, 5, 8, 11, 13, 22, 27, 28, 30, 35, 49, 53, 54, 55, 56, 61, 63, 70, 74, 78, 79, 91, 93, 94, 95]
(Gen. 33) BestSol = Solution: cost=[22924.0], size=[28], elements=[0, 1, 3, 5, 11, 13, 18, 22, 27, 28, 30, 35, 36, 42, 49, 53, 54, 55, 56, 61, 63, 68, 74, 78, 79, 91, 93, 95]
(Gen. 35) BestSol = Solution: cost=[22948.0], size=[27], elements=[0, 1, 3, 11, 15, 22, 24, 27, 28, 30, 34, 35, 36, 49, 53, 54, 55, 56, 58, 61, 63, 74, 78, 79, 90, 93, 95]
(Gen. 36) BestSol = Solution: cost=[22951.0], size=[27], elements=[0, 1, 3, 5, 8, 11, 13, 22, 24, 27, 28, 30, 34, 35, 53, 54, 55, 56, 58, 61, 63, 78, 79, 91, 93, 94, 95]
(Gen. 41) BestSol = Solution: cost=[22994.0], size=[27], elements=[0, 1, 3, 5, 8, 11, 13, 22, 27, 28, 30, 34, 35, 53, 54, 55, 56, 61, 63, 70, 74, 78, 79, 91, 93, 94, 95]
(Gen. 43) BestSol = Solution: cost=[23041.0], size=[27], elements=[0, 1, 3, 5, 8, 11, 13, 15, 22, 24, 27, 28, 30, 34, 35, 53, 55, 56, 58, 61, 63, 78, 79, 91, 93, 94, 95]
(Gen. 45) BestSol = Solution: cost=[23082.0], size=[27], elements=[0, 1, 5, 11, 15, 22, 24, 27, 28, 30, 34, 35, 36, 49, 53, 54, 55, 56, 61, 63, 74, 78, 79, 91, 93, 94, 95]
(Gen. 341) BestSol = Solution: cost=[23088.0], size=[27], elements=[1, 5, 11, 15, 22, 24, 27, 28, 30, 34, 35, 36, 49, 53, 54, 55, 56, 61, 63, 74, 78, 79, 87, 91, 93, 94, 95]
(Gen. 599) BestSol = Solution: cost=[23111.0], size=[27], elements=[1, 5, 6, 11, 15, 22, 24, 27, 28, 30, 34, 35, 36, 53, 54, 55, 56, 61, 63, 74, 78, 79, 87, 90, 93, 94, 95]
(Gen. 1414) BestSol = Solution: cost=[23156.0], size=[28], elements=[1, 5, 6, 11, 12, 15, 22, 27, 28, 30, 34, 35, 36, 49, 53, 54, 55, 56, 61, 63, 64, 74, 78, 79, 91, 93, 94, 95]
Finished after 2414 generations.
Best solution found: Solution: cost=[23156.0], size=[28], elements=[1, 5, 6, 11, 12, 15, 22, 27, 28, 30, 34, 35, 36, 49, 53, 54, 55, 56, 61, 63, 64, 74, 78, 79, 91, 93, 94, 95] in time: 90.305 s.
Stopping criterion: stagnation_1000.
23156.0
