(Gen. 0) BestSol = Solution: cost=[38224.0], size=[48], elements=[0, 2, 5, 10, 11, 14, 17, 19, 20, 21, 23, 24, 26, 27, 28, 29, 33, 35, 39, 41, 44, 48, 56, 57, 60, 63, 64, 67, 68, 69, 72, 73, 76, 78, 79, 80, 81, 83, 87, 90, 91, 92, 94, 95, 96, 97, 98, 99]
(Gen. 1) BestSol = Solution: cost=[39230.0], size=[49], elements=[0, 2, 3, 13, 15, 18, 19, 20, 21, 22, 23, 24, 26, 29, 32, 34, 35, 39, 40, 42, 44, 48, 51, 52, 58, 60, 61, 62, 63, 65, 66, 68, 70, 72, 73, 74, 75, 76, 77, 78, 80, 81, 88, 91, 92, 93, 94, 98, 99]
(Gen. 2) BestSol = Solution: cost=[40491.0], size=[50], elements=[2, 5, 10, 14, 17, 19, 20, 21, 23, 24, 26, 27, 28, 29, 33, 35, 39, 40, 42, 44, 46, 48, 50, 52, 54, 57, 60, 61, 65, 66, 67, 68, 69, 72, 73, 76, 78, 80, 81, 83, 87, 90, 91, 92, 94, 95, 96, 97, 98, 99]
(Gen. 8) BestSol = Solution: cost=[40771.0], size=[49], elements=[2, 5, 10, 14, 15, 18, 19, 21, 23, 26, 27, 28, 29, 31, 34, 37, 40, 42, 43, 44, 46, 48, 50, 51, 52, 58, 60, 61, 62, 64, 65, 66, 67, 68, 69, 72, 73, 76, 78, 80, 81, 83, 91, 94, 95, 96, 97, 98, 99]
(Gen. 10) BestSol = Solution: cost=[40943.0], size=[49], elements=[1, 2, 3, 5, 7, 10, 14, 15, 18, 19, 21, 23, 24, 26, 27, 28, 29, 31, 32, 33, 34, 40, 41, 43, 49, 50, 51, 52, 56, 57, 58, 60, 64, 65, 66, 67, 70, 72, 73, 75, 76, 78, 80, 91, 94, 95, 96, 97, 98]
(Gen. 11) BestSol = Solution: cost=[40990.0], size=[51], elements=[2, 5, 10, 14, 18, 19, 20, 21, 23, 24, 26, 27, 28, 29, 31, 32, 34, 35, 40, 41, 43, 44, 46, 50, 51, 52, 56, 57, 60, 61, 62, 64, 65, 67, 68, 69, 72, 74, 75, 76, 77, 78, 80, 81, 87, 91, 94, 96, 97, 98, 99]
(Gen. 12) BestSol = Solution: cost=[41518.0], size=[49], elements=[1, 2, 3, 10, 14, 15, 18, 20, 21, 24, 26, 27, 28, 29, 31, 32, 34, 40, 42, 43, 46, 50, 51, 52, 54, 56, 57, 58, 60, 63, 64, 65, 66, 68, 72, 73, 74, 76, 78, 80, 81, 83, 91, 94, 95, 96, 97, 98, 99]
(Gen. 21) BestSol = Solution: cost=[42120.0], size=[50], elements=[1, 2, 3, 7, 10, 14, 15, 18, 20, 21, 22, 23, 24, 27, 28, 29, 31, 32, 34, 40, 41, 42, 43, 44, 46, 50, 51, 52, 54, 57, 58, 60, 61, 64, 65, 67, 68, 70, 72, 76, 78, 80, 81, 83, 91, 94, 96, 97, 98, 99]
(Gen. 33) BestSol = Solution: cost=[42160.0], size=[50], elements=[1, 2, 3, 5, 7, 10, 14, 15, 18, 20, 21, 22, 23, 24, 26, 27, 28, 29, 31, 32, 34, 40, 43, 44, 48, 49, 50, 51, 52, 54, 56, 60, 61, 64, 65, 66, 70, 72, 73, 75, 76, 80, 81, 83, 91, 94, 96, 97, 98, 99]
(Gen. 35) BestSol = Solution: cost=[42383.0], size=[50], elements=[1, 2, 3, 5, 7, 10, 14, 15, 18, 20, 21, 22, 23, 24, 26, 29, 31, 32, 33, 34, 40, 43, 44, 48, 49, 50, 51, 52, 54, 56, 57, 60, 61, 65, 66, 68, 70, 72, 73, 76, 78, 80, 81, 83, 91, 94, 96, 97, 98, 99]
(Gen. 38) BestSol = Solution: cost=[42416.0], size=[50], elements=[1, 5, 7, 10, 14, 15, 18, 19, 20, 21, 22, 23, 24, 26, 27, 31, 32, 34, 40, 43, 48, 49, 50, 51, 52, 54, 56, 57, 58, 60, 61, 64, 65, 66, 68, 70, 72, 73, 75, 76, 78, 80, 81, 83, 91, 94, 96, 97, 98, 99]
(Gen. 40) BestSol = Solution: cost=[42711.0], size=[51], elements=[1, 2, 3, 5, 7, 10, 14, 15, 18, 20, 21, 22, 23, 24, 26, 29, 31, 32, 33, 34, 43, 44, 48, 49, 50, 51, 52, 54, 56, 58, 59, 60, 64, 65, 66, 67, 68, 69, 70, 72, 73, 75, 76, 80, 81, 83, 91, 96, 97, 98, 99]
(Gen. 45) BestSol = Solution: cost=[42781.0], size=[51], elements=[2, 3, 5, 7, 10, 14, 15, 18, 19, 20, 21, 22, 23, 24, 26, 27, 28, 29, 31, 32, 34, 40, 43, 44, 48, 49, 50, 52, 54, 56, 58, 60, 61, 64, 65, 66, 68, 70, 72, 73, 76, 78, 80, 81, 83, 85, 91, 94, 97, 98, 99]
(Gen. 56) BestSol = Solution: cost=[42785.0], size=[50], elements=[1, 3, 5, 7, 10, 14, 15, 18, 19, 20, 21, 22, 24, 26, 27, 29, 31, 32, 34, 43, 44, 48, 49, 50, 51, 52, 54, 56, 58, 59, 60, 61, 64, 65, 66, 68, 70, 72, 73, 76, 78, 80, 81, 83, 91, 95, 96, 97, 98, 99]
(Gen. 66) BestSol = Solution: cost=[42879.0], size=[51], elements=[1, 2, 3, 5, 7, 10, 14, 15, 18, 19, 20, 21, 22, 24, 26, 27, 31, 32, 34, 41, 43, 44, 48, 49, 50, 51, 52, 54, 56, 58, 60, 61, 64, 65, 66, 68, 69, 70, 72, 73, 76, 78, 80, 81, 83, 91, 94, 96, 97, 98, 99]
(Gen. 67) BestSol = Solution: cost=[42967.0], size=[51], elements=[1, 3, 5, 7, 10, 14, 15, 18, 19, 20, 21, 22, 23, 24, 26, 27, 29, 31, 32, 34, 43, 44, 48, 49, 50, 51, 52, 54, 56, 58, 59, 60, 61, 64, 65, 66, 67, 68, 70, 72, 73, 76, 77, 78, 80, 81, 83, 91, 96, 98, 99]
(Gen. 85) BestSol = Solution: cost=[43078.0], size=[51], elements=[1, 3, 5, 7, 10, 14, 15, 18, 19, 20, 21, 22, 24, 26, 27, 29, 31, 32, 34, 40, 43, 44, 48, 49, 50, 51, 52, 54, 56, 58, 60, 61, 64, 65, 66, 68, 70, 72, 73, 76, 78, 80, 81, 83, 85, 91, 94, 96, 97, 98, 99]
(Gen. 169) BestSol = Solution: cost=[43196.0], size=[51], elements=[1, 3, 5, 10, 14, 15, 18, 19, 20, 21, 22, 24, 26, 27, 29, 31, 32, 34, 40, 43, 44, 48, 49, 50, 51, 52, 54, 56, 58, 60, 61, 64, 65, 66, 67, 68, 70, 72, 73, 75, 76, 78, 80, 81, 83, 91, 94, 96, 97, 98, 99]
Finished after 1169 generations.
Best solution found: Solution: cost=[43196.0], size=[51], elements=[1, 3, 5, 10, 14, 15, 18, 19, 20, 21, 22, 24, 26, 27, 29, 31, 32, 34, 40, 43, 44, 48, 49, 50, 51, 52, 54, 56, 58, 60, 61, 64, 65, 66, 67, 68, 70, 72, 73, 75, 76, 78, 80, 81, 83, 91, 94, 96, 97, 98, 99] in time: 25.384 s.
Stopping criterion: stagnation_1000.
43196.0
