(Gen. 0) BestSol = Solution: cost=[38556.0], size=[50], elements=[0, 2, 3, 5, 7, 9, 10, 11, 15, 16, 17, 19, 23, 24, 25, 26, 27, 28, 29, 31, 32, 34, 35, 36, 38, 40, 41, 43, 44, 45, 50, 55, 57, 59, 65, 67, 71, 74, 76, 79, 80, 87, 88, 89, 91, 92, 94, 95, 96, 98]
(Gen. 1) BestSol = Solution: cost=[38638.0], size=[50], elements=[0, 2, 3, 5, 7, 9, 10, 11, 15, 16, 17, 19, 23, 24, 25, 26, 27, 29, 31, 32, 34, 35, 36, 38, 40, 41, 43, 44, 45, 50, 55, 57, 59, 67, 68, 69, 71, 74, 76, 79, 80, 87, 88, 89, 91, 92, 94, 95, 96, 98]
(Gen. 3) BestSol = Solution: cost=[39356.0], size=[48], elements=[0, 2, 3, 5, 7, 9, 10, 15, 16, 17, 18, 24, 25, 26, 27, 29, 31, 32, 34, 36, 37, 40, 42, 44, 46, 49, 52, 53, 55, 56, 57, 67, 68, 71, 74, 76, 79, 80, 82, 83, 84, 87, 88, 89, 91, 92, 94, 98]
(Gen. 4) BestSol = Solution: cost=[39393.0], size=[50], elements=[0, 3, 7, 8, 10, 15, 18, 19, 20, 23, 25, 26, 27, 29, 30, 31, 34, 35, 37, 38, 40, 42, 43, 44, 45, 46, 49, 55, 57, 59, 64, 65, 67, 71, 74, 76, 79, 80, 83, 86, 88, 90, 91, 92, 93, 94, 95, 96, 98, 99]
(Gen. 5) BestSol = Solution: cost=[39911.0], size=[49], elements=[0, 2, 3, 5, 7, 9, 10, 15, 16, 17, 18, 24, 25, 26, 27, 29, 31, 32, 34, 36, 37, 40, 42, 44, 46, 49, 50, 52, 53, 55, 57, 59, 67, 68, 71, 74, 76, 79, 80, 82, 83, 84, 87, 88, 89, 91, 92, 94, 98]
(Gen. 7) BestSol = Solution: cost=[40145.0], size=[48], elements=[0, 2, 3, 5, 7, 9, 10, 15, 17, 18, 24, 25, 26, 27, 29, 31, 32, 34, 36, 37, 40, 42, 44, 45, 46, 49, 50, 52, 53, 55, 57, 59, 67, 68, 71, 74, 76, 79, 80, 82, 83, 86, 88, 91, 92, 93, 98, 99]
(Gen. 8) BestSol = Solution: cost=[40269.0], size=[50], elements=[0, 2, 3, 5, 7, 9, 10, 15, 16, 17, 18, 24, 26, 27, 29, 31, 32, 34, 36, 37, 40, 42, 44, 45, 46, 49, 50, 51, 52, 53, 55, 57, 59, 67, 69, 71, 74, 76, 79, 80, 83, 84, 87, 88, 89, 91, 92, 94, 96, 98]
(Gen. 9) BestSol = Solution: cost=[40537.0], size=[52], elements=[2, 3, 5, 7, 8, 9, 10, 12, 15, 17, 18, 19, 20, 25, 26, 27, 29, 31, 34, 36, 40, 42, 43, 44, 45, 46, 49, 50, 51, 53, 55, 57, 59, 65, 67, 71, 73, 74, 75, 76, 79, 83, 84, 85, 87, 89, 91, 93, 94, 96, 98, 99]
(Gen. 11) BestSol = Solution: cost=[40886.0], size=[51], elements=[0, 2, 3, 5, 7, 9, 10, 15, 16, 17, 18, 24, 26, 27, 29, 31, 32, 34, 35, 36, 37, 40, 42, 43, 44, 45, 46, 49, 50, 52, 53, 55, 57, 59, 67, 69, 71, 73, 74, 76, 79, 80, 83, 84, 85, 87, 89, 91, 93, 94, 98]
(Gen. 12) BestSol = Solution: cost=[41510.0], size=[49], elements=[0, 2, 3, 5, 7, 8, 9, 10, 12, 15, 17, 18, 24, 25, 26, 27, 29, 32, 34, 36, 37, 40, 42, 44, 45, 46, 49, 50, 52, 53, 55, 57, 59, 67, 68, 71, 74, 76, 79, 80, 82, 83, 84, 86, 88, 91, 92, 98, 99]
(Gen. 13) BestSol = Solution: cost=[41587.0], size=[49], elements=[0, 2, 3, 5, 7, 8, 10, 12, 15, 17, 18, 24, 25, 26, 27, 29, 31, 32, 34, 36, 37, 40, 42, 44, 45, 46, 49, 50, 52, 53, 55, 57, 59, 67, 71, 73, 74, 76, 79, 80, 82, 83, 84, 85, 88, 91, 93, 98, 99]
(Gen. 19) BestSol = Solution: cost=[41664.0], size=[50], elements=[0, 2, 3, 5, 7, 8, 9, 10, 12, 15, 17, 18, 19, 24, 25, 26, 27, 29, 31, 32, 34, 36, 40, 42, 45, 46, 49, 50, 52, 53, 55, 57, 59, 65, 67, 71, 74, 76, 79, 80, 82, 83, 84, 86, 88, 91, 92, 93, 94, 98]
(Gen. 21) BestSol = Solution: cost=[41788.0], size=[50], elements=[0, 2, 3, 5, 7, 8, 10, 12, 15, 18, 19, 24, 25, 26, 27, 29, 31, 32, 35, 36, 37, 40, 42, 44, 46, 49, 50, 52, 53, 55, 57, 59, 65, 67, 70, 71, 74, 76, 79, 80, 82, 83, 84, 86, 88, 91, 92, 93, 98, 99]
(Gen. 26) BestSol = Solution: cost=[41910.0], size=[51], elements=[0, 2, 3, 5, 7, 8, 10, 12, 15, 17, 18, 19, 24, 25, 26, 27, 29, 31, 32, 34, 35, 36, 37, 40, 42, 44, 46, 49, 50, 52, 53, 55, 57, 59, 67, 68, 70, 71, 73, 74, 76, 79, 80, 82, 83, 84, 86, 89, 92, 93, 98]
(Gen. 29) BestSol = Solution: cost=[42257.0], size=[51], elements=[0, 2, 3, 5, 7, 8, 10, 12, 15, 17, 18, 19, 24, 25, 26, 27, 29, 31, 32, 34, 35, 36, 37, 40, 42, 44, 46, 49, 50, 52, 53, 55, 57, 59, 67, 70, 71, 73, 74, 76, 79, 80, 82, 83, 84, 86, 88, 89, 92, 93, 98]
(Gen. 41) BestSol = Solution: cost=[42360.0], size=[51], elements=[0, 2, 3, 5, 7, 8, 10, 12, 15, 17, 18, 19, 24, 25, 26, 27, 29, 31, 32, 34, 35, 36, 37, 40, 44, 46, 49, 50, 52, 53, 55, 57, 59, 67, 70, 71, 73, 74, 76, 79, 80, 82, 83, 84, 85, 86, 88, 89, 92, 93, 98]
(Gen. 56) BestSol = Solution: cost=[42396.0], size=[51], elements=[0, 2, 3, 5, 7, 8, 10, 12, 15, 17, 18, 19, 24, 25, 26, 27, 29, 31, 32, 34, 35, 36, 37, 40, 42, 44, 46, 49, 50, 52, 53, 55, 57, 59, 65, 67, 70, 71, 73, 74, 76, 79, 80, 82, 83, 84, 85, 86, 92, 93, 98]
(Gen. 74) BestSol = Solution: cost=[42405.0], size=[50], elements=[0, 2, 3, 5, 7, 8, 10, 12, 15, 17, 18, 19, 24, 25, 26, 27, 29, 31, 32, 34, 35, 36, 37, 42, 44, 46, 49, 50, 52, 53, 55, 57, 59, 67, 70, 71, 73, 74, 76, 79, 80, 82, 83, 84, 85, 86, 88, 92, 93, 98]
(Gen. 120) BestSol = Solution: cost=[42437.0], size=[51], elements=[0, 2, 3, 5, 7, 8, 9, 10, 12, 15, 17, 18, 19, 24, 25, 26, 29, 31, 32, 34, 35, 36, 37, 40, 42, 44, 46, 49, 50, 52, 53, 55, 57, 59, 67, 70, 71, 73, 74, 76, 79, 80, 82, 83, 84, 85, 86, 91, 92, 93, 98]
(Gen. 130) BestSol = Solution: cost=[42530.0], size=[50], elements=[0, 2, 3, 5, 7, 8, 9, 10, 12, 15, 17, 18, 19, 24, 25, 26, 29, 31, 32, 34, 35, 36, 37, 39, 42, 44, 46, 49, 50, 52, 53, 55, 57, 59, 67, 70, 71, 73, 74, 76, 80, 82, 83, 84, 85, 86, 92, 93, 98, 99]
(Gen. 186) BestSol = Solution: cost=[42656.0], size=[51], elements=[0, 2, 3, 5, 7, 8, 9, 10, 12, 15, 17, 18, 19, 24, 25, 26, 29, 31, 32, 34, 35, 36, 37, 40, 42, 44, 46, 49, 50, 52, 53, 55, 57, 59, 67, 68, 70, 71, 73, 74, 76, 79, 80, 82, 83, 84, 86, 92, 93, 98, 99]
Finished after 1186 generations.
Best solution found: Solution: cost=[42656.0], size=[51], elements=[0, 2, 3, 5, 7, 8, 9, 10, 12, 15, 17, 18, 19, 24, 25, 26, 29, 31, 32, 34, 35, 36, 37, 40, 42, 44, 46, 49, 50, 52, 53, 55, 57, 59, 67, 68, 70, 71, 73, 74, 76, 79, 80, 82, 83, 84, 86, 92, 93, 98, 99] in time: 16.515 s.
Stopping criterion: stagnation_1000.
42656.0
