(Gen. 0) BestSol = Solution: cost=[38090.0], size=[48], elements=[1, 4, 6, 8, 9, 24, 25, 27, 28, 30, 32, 33, 34, 38, 39, 40, 41, 42, 43, 48, 49, 50, 51, 53, 58, 61, 64, 67, 69, 70, 73, 75, 76, 77, 78, 79, 81, 82, 83, 84, 86, 87, 89, 90, 93, 96, 97, 98]
(Gen. 1) BestSol = Solution: cost=[38260.0], size=[49], elements=[1, 4, 5, 7, 9, 10, 12, 15, 19, 23, 25, 26, 27, 28, 30, 31, 33, 35, 36, 38, 39, 40, 41, 42, 43, 44, 46, 49, 51, 53, 54, 55, 57, 58, 59, 61, 64, 65, 70, 73, 75, 77, 81, 86, 89, 93, 96, 97, 98]
(Gen. 2) BestSol = Solution: cost=[38332.0], size=[47], elements=[1, 4, 6, 8, 9, 11, 12, 13, 15, 22, 23, 24, 25, 26, 27, 28, 31, 32, 34, 37, 40, 41, 42, 44, 46, 49, 51, 53, 55, 57, 61, 64, 65, 68, 69, 70, 73, 78, 85, 86, 87, 89, 93, 96, 97, 98, 99]
(Gen. 3) BestSol = Solution: cost=[38644.0], size=[48], elements=[5, 9, 15, 19, 20, 24, 26, 27, 28, 30, 31, 32, 33, 35, 37, 39, 42, 43, 44, 46, 47, 49, 51, 53, 54, 55, 58, 67, 68, 69, 70, 71, 73, 75, 76, 78, 79, 81, 83, 84, 85, 86, 87, 89, 90, 96, 97, 98]
(Gen. 4) BestSol = Solution: cost=[39518.0], size=[47], elements=[6, 7, 11, 20, 22, 23, 24, 27, 28, 30, 32, 33, 34, 38, 39, 40, 42, 43, 46, 47, 49, 50, 51, 54, 55, 57, 58, 61, 64, 70, 73, 75, 76, 77, 78, 79, 81, 83, 84, 86, 87, 89, 90, 93, 96, 97, 98]
(Gen. 8) BestSol = Solution: cost=[40040.0], size=[48], elements=[4, 9, 11, 12, 13, 20, 22, 24, 25, 27, 30, 31, 32, 33, 34, 37, 38, 39, 40, 41, 42, 43, 46, 49, 51, 54, 55, 57, 58, 61, 64, 65, 70, 73, 76, 77, 78, 81, 84, 85, 86, 87, 89, 93, 96, 97, 98, 99]
(Gen. 10) BestSol = Solution: cost=[40376.0], size=[48], elements=[6, 7, 11, 20, 22, 23, 24, 27, 28, 30, 32, 33, 34, 38, 39, 40, 42, 43, 46, 47, 48, 49, 50, 51, 55, 57, 58, 64, 65, 68, 69, 70, 73, 75, 76, 77, 78, 81, 83, 85, 86, 87, 89, 90, 93, 96, 97, 98]
(Gen. 11) BestSol = Solution: cost=[40452.0], size=[48], elements=[7, 8, 11, 15, 20, 22, 23, 24, 27, 28, 30, 32, 33, 34, 39, 40, 42, 43, 46, 47, 49, 50, 54, 55, 57, 58, 64, 65, 68, 69, 70, 71, 73, 75, 76, 77, 78, 81, 83, 85, 86, 87, 89, 90, 96, 97, 98, 99]
(Gen. 13) BestSol = Solution: cost=[40600.0], size=[49], elements=[4, 9, 11, 12, 20, 22, 23, 24, 25, 27, 30, 32, 33, 34, 35, 37, 38, 39, 40, 41, 42, 43, 46, 48, 49, 55, 57, 58, 61, 64, 68, 69, 70, 73, 75, 76, 77, 78, 81, 84, 85, 86, 87, 89, 93, 96, 97, 98, 99]
(Gen. 14) BestSol = Solution: cost=[40951.0], size=[49], elements=[6, 11, 12, 13, 20, 22, 23, 24, 25, 27, 30, 32, 33, 34, 35, 37, 38, 39, 40, 42, 43, 46, 48, 49, 54, 55, 57, 58, 68, 69, 70, 73, 75, 76, 77, 78, 79, 81, 83, 85, 86, 87, 89, 90, 93, 96, 97, 98, 99]
(Gen. 18) BestSol = Solution: cost=[41032.0], size=[49], elements=[4, 6, 11, 12, 13, 20, 22, 23, 25, 28, 30, 32, 33, 34, 37, 38, 39, 40, 42, 43, 46, 47, 48, 49, 50, 51, 57, 58, 61, 68, 69, 70, 73, 75, 76, 78, 79, 81, 83, 85, 86, 87, 89, 90, 93, 96, 97, 98, 99]
(Gen. 19) BestSol = Solution: cost=[41450.0], size=[50], elements=[6, 11, 12, 13, 20, 22, 23, 24, 26, 27, 28, 30, 32, 33, 34, 37, 38, 39, 40, 42, 43, 46, 47, 48, 49, 50, 51, 57, 58, 61, 68, 69, 70, 73, 75, 76, 78, 79, 81, 83, 85, 86, 87, 89, 90, 93, 96, 97, 98, 99]
(Gen. 22) BestSol = Solution: cost=[41626.0], size=[49], elements=[6, 11, 12, 13, 20, 22, 23, 24, 25, 27, 28, 30, 32, 33, 34, 35, 37, 38, 39, 40, 42, 43, 46, 47, 48, 49, 50, 51, 54, 57, 58, 61, 69, 70, 73, 76, 78, 81, 83, 85, 86, 87, 89, 90, 93, 96, 97, 98, 99]
(Gen. 24) BestSol = Solution: cost=[41731.0], size=[50], elements=[6, 11, 12, 13, 20, 22, 23, 24, 26, 27, 28, 30, 32, 33, 35, 37, 38, 39, 40, 42, 43, 46, 47, 48, 49, 50, 51, 54, 55, 57, 58, 61, 64, 68, 69, 70, 73, 76, 79, 81, 83, 85, 86, 87, 89, 93, 96, 97, 98, 99]
(Gen. 28) BestSol = Solution: cost=[42009.0], size=[50], elements=[6, 11, 12, 13, 20, 22, 23, 24, 26, 27, 28, 30, 32, 33, 35, 37, 38, 39, 40, 42, 43, 46, 47, 48, 49, 50, 51, 54, 55, 57, 58, 61, 64, 68, 69, 70, 73, 75, 76, 81, 83, 85, 86, 87, 89, 93, 96, 97, 98, 99]
(Gen. 32) BestSol = Solution: cost=[42106.0], size=[50], elements=[6, 11, 12, 13, 20, 22, 23, 24, 25, 26, 27, 28, 30, 32, 33, 34, 37, 38, 39, 40, 42, 43, 46, 47, 48, 49, 50, 51, 54, 55, 57, 58, 61, 64, 68, 69, 70, 73, 76, 81, 83, 85, 86, 87, 89, 93, 96, 97, 98, 99]
(Gen. 45) BestSol = Solution: cost=[42158.0], size=[50], elements=[6, 11, 12, 13, 20, 22, 23, 24, 25, 26, 27, 28, 30, 32, 33, 35, 37, 38, 39, 40, 42, 43, 46, 47, 48, 49, 50, 51, 54, 55, 57, 58, 61, 64, 68, 69, 70, 73, 76, 81, 83, 85, 86, 87, 89, 93, 96, 97, 98, 99]
(Gen. 47) BestSol = Solution: cost=[42179.0], size=[50], elements=[11, 12, 13, 20, 22, 23, 24, 25, 26, 27, 28, 30, 32, 33, 35, 37, 38, 39, 40, 42, 43, 46, 47, 48, 49, 50, 51, 54, 55, 57, 58, 61, 64, 68, 69, 70, 73, 76, 78, 81, 83, 85, 86, 87, 89, 93, 96, 97, 98, 99]
(Gen. 52) BestSol = Solution: cost=[42253.0], size=[51], elements=[6, 11, 12, 13, 20, 22, 23, 24, 26, 27, 28, 30, 32, 33, 34, 35, 37, 38, 39, 40, 42, 43, 45, 46, 47, 48, 49, 50, 54, 55, 57, 58, 61, 68, 69, 70, 73, 76, 77, 78, 81, 83, 85, 86, 87, 89, 93, 96, 97, 98, 99]
(Gen. 82) BestSol = Solution: cost=[42273.0], size=[51], elements=[4, 6, 9, 11, 12, 13, 20, 22, 23, 24, 26, 27, 28, 30, 32, 33, 35, 37, 38, 39, 40, 42, 43, 45, 46, 47, 48, 49, 50, 54, 55, 57, 58, 61, 68, 69, 70, 73, 76, 78, 81, 83, 85, 86, 87, 89, 93, 96, 97, 98, 99]
(Gen. 106) BestSol = Solution: cost=[42393.0], size=[51], elements=[4, 6, 7, 9, 11, 12, 13, 20, 22, 23, 24, 26, 27, 28, 30, 32, 33, 35, 37, 39, 40, 42, 43, 46, 47, 48, 49, 50, 54, 55, 57, 58, 61, 68, 69, 73, 76, 77, 78, 79, 81, 83, 85, 86, 87, 89, 93, 96, 97, 98, 99]
Finished after 1106 generations.
Best solution found: Solution: cost=[42393.0], size=[51], elements=[4, 6, 7, 9, 11, 12, 13, 20, 22, 23, 24, 26, 27, 28, 30, 32, 33, 35, 37, 39, 40, 42, 43, 46, 47, 48, 49, 50, 54, 55, 57, 58, 61, 68, 69, 73, 76, 77, 78, 79, 81, 83, 85, 86, 87, 89, 93, 96, 97, 98, 99] in time: 17.194 s.
Stopping criterion: stagnation_1000.
42393.0
