(Gen. 0) BestSol = Solution: cost=[38062.0], size=[49], elements=[2, 3, 6, 9, 11, 13, 18, 19, 20, 23, 24, 28, 29, 32, 33, 34, 35, 36, 40, 42, 45, 46, 48, 49, 50, 52, 53, 55, 57, 58, 59, 60, 61, 64, 67, 68, 69, 70, 71, 72, 75, 76, 77, 78, 79, 83, 88, 92, 99]
(Gen. 2) BestSol = Solution: cost=[38237.0], size=[51], elements=[2, 3, 5, 6, 7, 11, 13, 15, 16, 17, 19, 23, 24, 25, 26, 27, 28, 29, 39, 40, 41, 42, 44, 46, 48, 49, 54, 57, 58, 60, 61, 62, 63, 64, 65, 67, 68, 69, 70, 71, 72, 75, 78, 83, 84, 85, 86, 88, 91, 92, 96]
(Gen. 3) BestSol = Solution: cost=[38786.0], size=[50], elements=[2, 3, 6, 9, 11, 13, 18, 19, 20, 23, 24, 28, 29, 32, 33, 34, 35, 36, 40, 42, 45, 46, 48, 49, 50, 52, 53, 55, 57, 58, 59, 60, 61, 64, 67, 68, 69, 70, 71, 72, 75, 76, 77, 78, 79, 83, 88, 92, 96, 99]
(Gen. 5) BestSol = Solution: cost=[38998.0], size=[49], elements=[2, 3, 5, 6, 9, 11, 12, 13, 18, 19, 20, 23, 24, 28, 29, 31, 32, 33, 34, 35, 36, 40, 45, 46, 48, 49, 52, 53, 54, 57, 58, 60, 61, 64, 67, 68, 69, 70, 71, 75, 76, 77, 78, 79, 85, 86, 88, 92, 94]
(Gen. 6) BestSol = Solution: cost=[39111.0], size=[49], elements=[3, 4, 5, 6, 8, 11, 12, 13, 17, 20, 24, 25, 27, 28, 29, 31, 32, 34, 35, 36, 40, 41, 44, 45, 48, 50, 54, 57, 58, 60, 61, 64, 65, 67, 68, 69, 70, 71, 75, 76, 77, 83, 84, 85, 88, 91, 92, 94, 95]
(Gen. 7) BestSol = Solution: cost=[39392.0], size=[51], elements=[2, 3, 6, 9, 11, 13, 20, 23, 24, 28, 29, 32, 33, 34, 35, 36, 40, 42, 45, 46, 48, 49, 50, 52, 53, 55, 57, 58, 59, 60, 61, 64, 65, 67, 68, 69, 70, 71, 72, 75, 76, 77, 79, 81, 85, 86, 88, 91, 92, 94, 95]
(Gen. 8) BestSol = Solution: cost=[39907.0], size=[50], elements=[2, 5, 6, 8, 9, 11, 12, 18, 19, 20, 23, 24, 27, 28, 29, 31, 32, 34, 35, 36, 40, 41, 44, 45, 48, 50, 54, 57, 58, 60, 61, 64, 65, 67, 68, 69, 70, 71, 75, 76, 77, 83, 84, 85, 88, 91, 92, 94, 95, 99]
(Gen. 9) BestSol = Solution: cost=[40048.0], size=[51], elements=[2, 3, 5, 6, 11, 13, 15, 16, 17, 18, 19, 20, 23, 24, 29, 33, 35, 36, 40, 42, 45, 46, 47, 48, 49, 50, 52, 53, 57, 58, 60, 61, 64, 67, 69, 71, 75, 76, 77, 78, 79, 83, 84, 85, 86, 88, 91, 92, 94, 95, 99]
(Gen. 10) BestSol = Solution: cost=[40154.0], size=[51], elements=[3, 4, 5, 6, 8, 11, 12, 13, 18, 19, 20, 23, 24, 29, 31, 32, 33, 34, 35, 36, 40, 42, 45, 46, 48, 49, 50, 52, 53, 57, 58, 60, 61, 64, 67, 68, 69, 70, 71, 75, 76, 77, 78, 79, 81, 84, 85, 88, 91, 92, 94]
(Gen. 11) BestSol = Solution: cost=[40271.0], size=[51], elements=[2, 3, 4, 9, 11, 13, 15, 16, 17, 18, 19, 20, 23, 24, 26, 27, 28, 29, 32, 34, 35, 36, 39, 40, 41, 44, 45, 48, 50, 57, 58, 60, 61, 64, 65, 67, 69, 70, 71, 75, 76, 77, 78, 79, 84, 85, 88, 91, 92, 94, 95]
(Gen. 12) BestSol = Solution: cost=[40570.0], size=[51], elements=[3, 4, 6, 9, 11, 12, 13, 15, 18, 19, 20, 23, 24, 28, 29, 31, 32, 33, 34, 35, 36, 40, 45, 46, 47, 48, 49, 50, 54, 57, 58, 60, 64, 67, 68, 69, 70, 71, 75, 76, 77, 78, 79, 83, 85, 86, 88, 91, 92, 94, 95]
(Gen. 17) BestSol = Solution: cost=[40683.0], size=[51], elements=[2, 3, 4, 9, 11, 13, 15, 16, 18, 19, 20, 23, 24, 25, 28, 29, 32, 33, 34, 35, 36, 39, 40, 45, 48, 49, 50, 53, 54, 58, 60, 61, 64, 67, 68, 69, 70, 71, 75, 76, 77, 78, 79, 84, 85, 86, 88, 91, 92, 94, 95]
(Gen. 19) BestSol = Solution: cost=[41114.0], size=[52], elements=[2, 3, 4, 6, 8, 9, 11, 13, 18, 19, 20, 23, 24, 28, 29, 31, 32, 33, 34, 35, 36, 40, 42, 45, 47, 48, 49, 52, 54, 57, 58, 59, 60, 61, 64, 67, 68, 69, 70, 71, 75, 76, 77, 78, 81, 84, 85, 88, 91, 92, 94, 95]
(Gen. 31) BestSol = Solution: cost=[41258.0], size=[52], elements=[3, 4, 6, 8, 9, 11, 12, 13, 18, 20, 23, 24, 25, 26, 27, 29, 31, 32, 33, 35, 36, 40, 41, 45, 47, 48, 49, 50, 52, 53, 54, 57, 58, 60, 64, 67, 68, 69, 70, 71, 75, 76, 77, 78, 79, 84, 85, 88, 91, 92, 94, 95]
(Gen. 41) BestSol = Solution: cost=[41319.0], size=[52], elements=[2, 3, 4, 9, 11, 15, 16, 18, 19, 20, 23, 24, 25, 26, 27, 29, 31, 32, 33, 35, 36, 40, 41, 45, 47, 48, 49, 50, 52, 53, 54, 57, 58, 60, 64, 65, 67, 69, 70, 71, 75, 76, 77, 78, 79, 84, 85, 88, 91, 92, 94, 95]
(Gen. 46) BestSol = Solution: cost=[41443.0], size=[53], elements=[2, 3, 4, 6, 8, 9, 11, 13, 15, 18, 19, 20, 23, 24, 28, 29, 31, 32, 33, 35, 36, 40, 41, 42, 44, 45, 47, 48, 49, 50, 52, 54, 57, 58, 60, 63, 64, 69, 70, 71, 75, 76, 77, 78, 79, 81, 84, 85, 88, 91, 92, 94, 95]
(Gen. 56) BestSol = Solution: cost=[41462.0], size=[52], elements=[3, 4, 6, 8, 9, 11, 12, 13, 16, 18, 19, 20, 23, 24, 25, 29, 31, 32, 33, 35, 36, 40, 41, 44, 45, 46, 47, 48, 49, 50, 52, 53, 57, 58, 60, 64, 67, 69, 70, 71, 75, 76, 77, 78, 84, 85, 86, 88, 91, 92, 94, 95]
(Gen. 62) BestSol = Solution: cost=[41523.0], size=[53], elements=[3, 4, 6, 8, 9, 11, 13, 15, 16, 17, 18, 19, 20, 23, 24, 25, 26, 27, 29, 32, 33, 35, 36, 40, 41, 44, 45, 47, 48, 49, 50, 52, 53, 57, 58, 60, 64, 67, 69, 70, 71, 75, 76, 77, 78, 84, 85, 86, 88, 91, 92, 94, 95]
(Gen. 67) BestSol = Solution: cost=[41686.0], size=[53], elements=[3, 4, 6, 8, 9, 11, 12, 13, 15, 18, 20, 23, 24, 25, 27, 28, 29, 31, 32, 33, 35, 36, 40, 41, 45, 47, 48, 49, 50, 52, 53, 54, 57, 58, 60, 64, 67, 68, 69, 70, 71, 75, 76, 77, 78, 84, 85, 86, 88, 91, 92, 94, 95]
(Gen. 71) BestSol = Solution: cost=[41745.0], size=[53], elements=[3, 4, 6, 8, 9, 11, 12, 13, 15, 16, 18, 19, 20, 23, 24, 27, 28, 29, 31, 32, 33, 36, 40, 41, 42, 45, 47, 48, 49, 50, 52, 53, 54, 57, 58, 60, 64, 67, 69, 70, 71, 75, 76, 77, 78, 79, 84, 85, 88, 91, 92, 94, 95]
(Gen. 94) BestSol = Solution: cost=[41756.0], size=[52], elements=[3, 4, 6, 8, 9, 11, 12, 13, 15, 16, 18, 19, 20, 23, 24, 25, 29, 31, 32, 33, 35, 36, 40, 41, 44, 45, 47, 48, 49, 50, 52, 53, 57, 58, 60, 64, 67, 70, 71, 75, 76, 77, 78, 79, 84, 85, 86, 88, 91, 92, 94, 95]
(Gen. 118) BestSol = Solution: cost=[41840.0], size=[52], elements=[3, 4, 8, 9, 11, 12, 13, 15, 16, 18, 19, 20, 23, 24, 25, 29, 31, 32, 33, 35, 36, 39, 40, 41, 44, 45, 47, 48, 49, 50, 52, 53, 57, 58, 60, 64, 67, 70, 71, 75, 76, 77, 78, 79, 84, 85, 86, 88, 91, 92, 94, 95]
(Gen. 408) BestSol = Solution: cost=[41897.0], size=[53], elements=[3, 4, 8, 9, 11, 12, 13, 15, 16, 18, 19, 20, 23, 24, 25, 29, 31, 32, 33, 35, 36, 39, 40, 41, 44, 45, 47, 48, 49, 50, 52, 53, 57, 58, 60, 63, 64, 67, 69, 70, 75, 76, 77, 78, 79, 81, 84, 85, 88, 91, 92, 94, 95]
(Gen. 446) BestSol = Solution: cost=[41959.0], size=[53], elements=[3, 4, 8, 9, 11, 12, 13, 15, 16, 18, 19, 20, 23, 24, 25, 29, 31, 32, 33, 35, 36, 39, 40, 41, 44, 45, 47, 48, 49, 50, 52, 53, 57, 58, 60, 64, 65, 67, 69, 70, 75, 76, 77, 78, 79, 81, 84, 85, 88, 91, 92, 94, 95]
Finished after 1446 generations.
Best solution found: Solution: cost=[41959.0], size=[53], elements=[3, 4, 8, 9, 11, 12, 13, 15, 16, 18, 19, 20, 23, 24, 25, 29, 31, 32, 33, 35, 36, 39, 40, 41, 44, 45, 47, 48, 49, 50, 52, 53, 57, 58, 60, 64, 65, 67, 69, 70, 75, 76, 77, 78, 79, 81, 84, 85, 88, 91, 92, 94, 95] in time: 18.532 s.
Stopping criterion: stagnation_1000.
41959.0
