(Gen. 0) BestSol = Solution: cost=[39950.0], size=[52], elements=[0, 2, 3, 5, 6, 7, 9, 11, 13, 14, 15, 16, 17, 21, 23, 25, 26, 27, 28, 29, 31, 32, 34, 35, 36, 38, 41, 43, 45, 48, 50, 54, 55, 57, 59, 60, 61, 64, 65, 67, 74, 76, 77, 79, 87, 88, 89, 91, 94, 95, 96, 98]
(Gen. 1) BestSol = Solution: cost=[40343.0], size=[52], elements=[0, 2, 3, 5, 6, 7, 9, 11, 13, 14, 15, 16, 17, 21, 23, 25, 26, 27, 28, 29, 31, 32, 34, 35, 36, 38, 40, 41, 42, 43, 46, 50, 51, 52, 57, 60, 64, 66, 68, 72, 74, 76, 77, 79, 87, 88, 89, 91, 94, 95, 96, 98]
(Gen. 2) BestSol = Solution: cost=[41408.0], size=[50], elements=[0, 3, 5, 6, 7, 9, 13, 14, 15, 16, 17, 21, 23, 25, 26, 27, 28, 29, 31, 32, 34, 35, 38, 42, 48, 50, 53, 59, 61, 64, 66, 69, 70, 72, 73, 75, 76, 77, 78, 79, 81, 83, 84, 86, 87, 90, 91, 94, 95, 98]
(Gen. 4) BestSol = Solution: cost=[41741.0], size=[51], elements=[0, 3, 5, 6, 7, 9, 13, 14, 15, 16, 17, 21, 23, 25, 26, 27, 28, 29, 31, 32, 34, 35, 38, 42, 48, 50, 54, 55, 59, 61, 64, 66, 69, 70, 72, 73, 75, 76, 77, 78, 79, 81, 83, 84, 86, 87, 90, 91, 94, 95, 98]
(Gen. 5) BestSol = Solution: cost=[42230.0], size=[52], elements=[0, 3, 4, 5, 6, 7, 9, 12, 13, 14, 15, 16, 17, 21, 23, 25, 26, 27, 28, 29, 31, 32, 34, 35, 38, 42, 48, 50, 54, 55, 59, 61, 65, 68, 69, 70, 72, 73, 75, 77, 78, 79, 81, 83, 84, 86, 87, 90, 91, 94, 95, 98]
(Gen. 7) BestSol = Solution: cost=[42278.0], size=[52], elements=[0, 3, 4, 5, 6, 7, 9, 12, 13, 14, 15, 16, 17, 21, 23, 25, 26, 27, 28, 29, 31, 32, 34, 35, 38, 42, 48, 50, 54, 55, 59, 61, 64, 65, 68, 69, 70, 72, 73, 75, 77, 78, 79, 81, 83, 84, 86, 87, 88, 94, 95, 98]
(Gen. 9) BestSol = Solution: cost=[42360.0], size=[52], elements=[0, 3, 5, 6, 7, 9, 13, 14, 15, 16, 17, 21, 23, 25, 26, 27, 28, 29, 31, 32, 34, 35, 38, 42, 46, 48, 50, 53, 55, 59, 64, 65, 69, 70, 72, 73, 75, 76, 77, 78, 79, 81, 83, 84, 86, 87, 90, 91, 93, 94, 95, 98]
(Gen. 11) BestSol = Solution: cost=[42491.0], size=[52], elements=[0, 3, 4, 5, 6, 7, 9, 12, 13, 14, 15, 16, 17, 21, 23, 25, 26, 27, 28, 29, 31, 32, 34, 35, 38, 42, 48, 50, 54, 55, 59, 65, 68, 69, 70, 72, 73, 75, 76, 77, 78, 79, 81, 83, 84, 87, 90, 91, 93, 94, 95, 98]
(Gen. 12) BestSol = Solution: cost=[42529.0], size=[52], elements=[0, 3, 5, 6, 7, 8, 9, 12, 13, 14, 15, 16, 17, 21, 23, 25, 26, 27, 28, 29, 31, 32, 34, 35, 38, 39, 42, 45, 46, 48, 50, 53, 55, 59, 64, 65, 69, 70, 73, 75, 76, 77, 78, 79, 81, 83, 87, 91, 93, 94, 95, 98]
(Gen. 13) BestSol = Solution: cost=[42540.0], size=[52], elements=[0, 3, 4, 5, 6, 7, 9, 12, 13, 14, 15, 16, 17, 21, 23, 26, 27, 28, 29, 31, 32, 34, 35, 38, 39, 46, 48, 50, 53, 59, 64, 65, 66, 68, 70, 72, 73, 75, 77, 78, 79, 81, 83, 84, 86, 87, 88, 90, 93, 94, 95, 98]
(Gen. 14) BestSol = Solution: cost=[42945.0], size=[52], elements=[0, 3, 4, 5, 6, 7, 9, 12, 13, 14, 15, 16, 17, 21, 23, 25, 26, 27, 29, 31, 32, 34, 35, 38, 39, 42, 48, 50, 54, 55, 59, 61, 64, 65, 68, 69, 70, 72, 73, 75, 76, 77, 78, 79, 81, 83, 87, 88, 93, 94, 95, 98]
(Gen. 16) BestSol = Solution: cost=[43203.0], size=[53], elements=[0, 3, 4, 5, 6, 7, 9, 12, 13, 14, 15, 16, 17, 21, 23, 25, 26, 27, 28, 29, 31, 32, 34, 35, 37, 38, 42, 45, 46, 48, 50, 55, 59, 61, 64, 65, 68, 69, 70, 72, 75, 76, 77, 78, 79, 81, 83, 87, 88, 93, 94, 95, 98]
(Gen. 17) BestSol = Solution: cost=[43279.0], size=[52], elements=[0, 3, 4, 5, 6, 7, 8, 9, 12, 13, 14, 15, 16, 17, 21, 23, 25, 26, 27, 28, 29, 31, 32, 34, 35, 38, 39, 42, 47, 48, 50, 55, 59, 61, 65, 68, 69, 70, 74, 75, 77, 78, 81, 83, 87, 88, 91, 93, 94, 95, 98, 99]
(Gen. 18) BestSol = Solution: cost=[43716.0], size=[53], elements=[0, 3, 4, 5, 6, 7, 8, 9, 12, 13, 14, 16, 17, 20, 21, 23, 25, 26, 27, 28, 29, 31, 32, 34, 35, 38, 39, 42, 45, 46, 48, 50, 53, 55, 59, 61, 64, 66, 68, 69, 70, 75, 77, 78, 81, 83, 87, 88, 91, 93, 94, 95, 98]
(Gen. 20) BestSol = Solution: cost=[43821.0], size=[53], elements=[0, 3, 4, 5, 6, 7, 8, 9, 12, 13, 14, 16, 17, 20, 21, 23, 25, 26, 27, 28, 29, 31, 32, 34, 35, 38, 39, 42, 46, 48, 50, 55, 59, 64, 65, 68, 69, 70, 74, 75, 76, 77, 78, 79, 81, 83, 87, 88, 91, 93, 94, 95, 98]
(Gen. 23) BestSol = Solution: cost=[43829.0], size=[53], elements=[0, 3, 4, 5, 6, 7, 9, 12, 13, 14, 15, 16, 17, 18, 20, 21, 23, 25, 26, 27, 28, 29, 31, 32, 35, 38, 39, 42, 48, 50, 55, 59, 64, 65, 68, 69, 70, 74, 75, 76, 77, 78, 79, 81, 83, 87, 88, 91, 93, 94, 95, 98, 99]
(Gen. 26) BestSol = Solution: cost=[43944.0], size=[53], elements=[0, 3, 4, 5, 6, 7, 9, 12, 13, 14, 15, 16, 17, 21, 23, 25, 26, 27, 28, 29, 31, 32, 34, 35, 37, 38, 39, 42, 46, 48, 50, 55, 59, 64, 65, 68, 69, 70, 74, 75, 76, 77, 78, 79, 81, 83, 87, 88, 91, 93, 94, 95, 98]
(Gen. 33) BestSol = Solution: cost=[44270.0], size=[54], elements=[0, 3, 4, 5, 6, 7, 12, 13, 14, 15, 16, 17, 18, 20, 21, 23, 25, 26, 27, 28, 29, 31, 32, 34, 35, 38, 39, 42, 46, 48, 50, 55, 59, 64, 65, 68, 69, 70, 74, 75, 76, 77, 78, 79, 81, 83, 87, 88, 91, 93, 94, 95, 98, 99]
(Gen. 660) BestSol = Solution: cost=[44310.0], size=[54], elements=[0, 3, 4, 5, 6, 7, 8, 12, 13, 14, 15, 16, 17, 18, 20, 21, 23, 25, 27, 28, 29, 31, 32, 34, 35, 38, 39, 42, 46, 48, 50, 55, 59, 64, 65, 66, 69, 70, 74, 75, 76, 77, 78, 79, 81, 83, 87, 88, 91, 93, 94, 95, 98, 99]
(Gen. 677) BestSol = Solution: cost=[44370.0], size=[54], elements=[0, 3, 4, 5, 6, 7, 8, 12, 13, 14, 15, 16, 17, 18, 20, 21, 23, 25, 27, 28, 29, 31, 32, 35, 38, 39, 42, 46, 48, 50, 55, 59, 64, 65, 66, 68, 69, 70, 74, 75, 76, 77, 78, 79, 81, 83, 87, 88, 91, 93, 94, 95, 98, 99]
(Gen. 705) BestSol = Solution: cost=[44399.0], size=[54], elements=[0, 3, 4, 5, 6, 7, 8, 12, 13, 14, 15, 16, 18, 20, 21, 23, 25, 27, 28, 29, 31, 32, 34, 35, 38, 39, 42, 46, 48, 50, 55, 59, 61, 64, 65, 66, 68, 69, 70, 74, 75, 76, 77, 78, 81, 83, 87, 88, 91, 93, 94, 95, 98, 99]
(Gen. 755) BestSol = Solution: cost=[44407.0], size=[54], elements=[0, 3, 4, 5, 6, 7, 8, 12, 13, 14, 15, 16, 18, 20, 21, 23, 25, 27, 28, 29, 31, 32, 34, 35, 38, 39, 42, 46, 48, 50, 55, 59, 61, 64, 65, 66, 68, 69, 70, 72, 74, 75, 76, 77, 78, 81, 83, 87, 88, 91, 93, 94, 98, 99]
Finished after 1755 generations.
Best solution found: Solution: cost=[44407.0], size=[54], elements=[0, 3, 4, 5, 6, 7, 8, 12, 13, 14, 15, 16, 18, 20, 21, 23, 25, 27, 28, 29, 31, 32, 34, 35, 38, 39, 42, 46, 48, 50, 55, 59, 61, 64, 65, 66, 68, 69, 70, 72, 74, 75, 76, 77, 78, 81, 83, 87, 88, 91, 93, 94, 98, 99] in time: 38.874 s.
Stopping criterion: stagnation_1000.
44407.0
