(Gen. 0) BestSol = Solution: cost=[37959.0], size=[48], elements=[0, 1, 3, 4, 5, 6, 8, 10, 13, 17, 20, 21, 24, 25, 26, 27, 28, 31, 32, 34, 36, 37, 40, 41, 42, 46, 49, 51, 52, 53, 55, 56, 57, 62, 63, 65, 67, 73, 75, 76, 77, 78, 80, 84, 94, 95, 96, 98]
(Gen. 1) BestSol = Solution: cost=[38562.0], size=[49], elements=[0, 1, 3, 4, 5, 6, 8, 10, 13, 16, 17, 20, 21, 24, 25, 26, 27, 28, 31, 32, 34, 36, 37, 40, 41, 42, 46, 49, 51, 52, 53, 55, 56, 57, 62, 63, 65, 67, 70, 73, 75, 76, 77, 78, 80, 94, 95, 96, 98]
(Gen. 2) BestSol = Solution: cost=[39142.0], size=[51], elements=[0, 2, 3, 5, 6, 9, 10, 11, 13, 15, 16, 17, 21, 23, 24, 25, 26, 27, 28, 31, 32, 34, 35, 36, 38, 40, 42, 43, 52, 53, 56, 57, 59, 62, 63, 65, 66, 73, 78, 79, 80, 82, 83, 86, 88, 91, 92, 94, 95, 96, 98]
(Gen. 7) BestSol = Solution: cost=[39761.0], size=[49], elements=[2, 3, 6, 9, 10, 15, 16, 20, 21, 23, 24, 25, 26, 27, 28, 31, 32, 34, 36, 37, 40, 41, 49, 51, 52, 53, 55, 56, 59, 62, 63, 65, 66, 67, 75, 76, 77, 78, 80, 82, 83, 84, 85, 86, 91, 92, 94, 95, 98]
(Gen. 8) BestSol = Solution: cost=[39772.0], size=[50], elements=[2, 3, 6, 9, 10, 15, 16, 17, 20, 21, 23, 24, 25, 26, 27, 28, 31, 32, 34, 36, 37, 40, 41, 49, 51, 52, 53, 55, 56, 59, 62, 63, 65, 67, 73, 75, 76, 77, 78, 80, 82, 83, 84, 85, 86, 91, 92, 94, 95, 98]
(Gen. 9) BestSol = Solution: cost=[39908.0], size=[50], elements=[1, 2, 3, 6, 9, 10, 11, 15, 16, 17, 20, 21, 24, 25, 26, 27, 28, 31, 32, 34, 36, 37, 40, 41, 46, 49, 51, 52, 53, 55, 56, 57, 63, 65, 66, 67, 73, 77, 78, 80, 82, 83, 84, 85, 86, 91, 92, 94, 95, 98]
(Gen. 10) BestSol = Solution: cost=[40164.0], size=[50], elements=[1, 2, 3, 6, 9, 10, 11, 15, 16, 17, 20, 21, 23, 24, 25, 26, 27, 28, 31, 32, 34, 36, 37, 39, 40, 41, 46, 49, 51, 52, 53, 55, 56, 57, 63, 66, 67, 73, 77, 78, 80, 82, 83, 84, 85, 86, 92, 94, 95, 98]
(Gen. 11) BestSol = Solution: cost=[40187.0], size=[51], elements=[1, 2, 3, 4, 5, 6, 10, 16, 17, 18, 21, 23, 24, 25, 26, 27, 28, 31, 32, 34, 35, 36, 38, 40, 41, 43, 48, 50, 55, 57, 59, 63, 65, 67, 75, 76, 77, 78, 80, 82, 83, 84, 85, 86, 88, 91, 92, 94, 95, 96, 98]
(Gen. 12) BestSol = Solution: cost=[40647.0], size=[52], elements=[1, 2, 3, 4, 5, 6, 10, 16, 18, 21, 23, 24, 26, 27, 28, 30, 31, 32, 34, 35, 36, 37, 38, 39, 40, 41, 43, 46, 49, 51, 55, 59, 62, 65, 66, 67, 73, 75, 76, 77, 78, 80, 82, 83, 84, 85, 86, 91, 92, 94, 95, 98]
(Gen. 14) BestSol = Solution: cost=[40806.0], size=[53], elements=[2, 3, 5, 6, 9, 10, 15, 16, 20, 21, 23, 24, 25, 26, 27, 28, 30, 31, 32, 34, 35, 36, 37, 38, 39, 40, 41, 43, 49, 51, 52, 53, 55, 59, 63, 65, 66, 67, 73, 75, 76, 77, 78, 80, 82, 83, 85, 88, 91, 92, 94, 95, 98]
(Gen. 17) BestSol = Solution: cost=[40941.0], size=[53], elements=[0, 1, 2, 3, 4, 5, 6, 10, 16, 18, 20, 21, 23, 24, 25, 26, 27, 28, 31, 32, 34, 35, 36, 38, 40, 41, 43, 48, 49, 51, 52, 53, 55, 57, 59, 63, 65, 66, 67, 72, 73, 76, 77, 80, 82, 83, 85, 88, 91, 92, 94, 95, 98]
(Gen. 18) BestSol = Solution: cost=[41054.0], size=[54], elements=[1, 2, 5, 6, 9, 10, 15, 16, 17, 20, 21, 23, 24, 25, 26, 27, 28, 30, 31, 32, 34, 35, 36, 37, 38, 39, 40, 41, 43, 49, 51, 52, 53, 55, 59, 63, 65, 66, 67, 73, 75, 76, 77, 78, 80, 82, 83, 85, 88, 91, 92, 94, 95, 98]
(Gen. 19) BestSol = Solution: cost=[41355.0], size=[53], elements=[0, 1, 2, 3, 4, 5, 6, 10, 16, 18, 20, 21, 23, 24, 25, 26, 27, 28, 31, 32, 34, 35, 36, 38, 40, 41, 43, 48, 49, 51, 52, 53, 55, 57, 63, 65, 66, 67, 72, 73, 76, 77, 80, 82, 83, 85, 86, 91, 92, 94, 95, 96, 98]
(Gen. 21) BestSol = Solution: cost=[41555.0], size=[53], elements=[0, 1, 2, 3, 4, 5, 6, 16, 18, 20, 21, 23, 24, 25, 26, 27, 28, 31, 32, 34, 35, 36, 38, 40, 41, 43, 46, 48, 49, 51, 52, 53, 55, 57, 63, 65, 66, 67, 72, 73, 76, 77, 80, 82, 83, 85, 86, 91, 92, 94, 95, 96, 98]
(Gen. 30) BestSol = Solution: cost=[41727.0], size=[53], elements=[0, 1, 2, 3, 4, 5, 6, 9, 16, 20, 21, 23, 24, 25, 26, 27, 28, 31, 32, 34, 36, 37, 38, 40, 41, 43, 46, 48, 49, 51, 52, 53, 55, 57, 63, 65, 66, 67, 72, 73, 76, 77, 78, 80, 82, 83, 85, 91, 92, 94, 95, 96, 98]
(Gen. 35) BestSol = Solution: cost=[41889.0], size=[53], elements=[0, 1, 2, 3, 4, 5, 6, 9, 16, 20, 21, 23, 25, 26, 27, 28, 30, 31, 32, 34, 35, 38, 39, 40, 41, 43, 46, 48, 49, 51, 52, 53, 55, 56, 57, 63, 65, 66, 67, 72, 76, 77, 78, 80, 82, 83, 85, 86, 91, 92, 95, 96, 98]
(Gen. 38) BestSol = Solution: cost=[41896.0], size=[53], elements=[1, 2, 3, 4, 5, 6, 9, 16, 20, 21, 23, 24, 25, 26, 27, 28, 30, 31, 32, 34, 36, 37, 38, 40, 41, 43, 46, 48, 49, 51, 52, 53, 55, 56, 63, 65, 66, 67, 72, 73, 76, 77, 78, 80, 82, 83, 85, 86, 91, 92, 95, 96, 98]
(Gen. 43) BestSol = Solution: cost=[41982.0], size=[53], elements=[0, 1, 2, 3, 4, 5, 6, 9, 16, 20, 21, 23, 24, 25, 26, 27, 28, 30, 31, 32, 34, 36, 37, 38, 40, 41, 43, 46, 48, 49, 51, 52, 53, 55, 56, 57, 63, 65, 66, 67, 72, 76, 77, 78, 80, 82, 83, 85, 86, 91, 95, 96, 98]
(Gen. 117) BestSol = Solution: cost=[42053.0], size=[53], elements=[1, 2, 3, 4, 5, 6, 9, 16, 18, 20, 21, 23, 24, 25, 26, 27, 28, 30, 31, 32, 34, 36, 38, 40, 41, 43, 46, 48, 51, 52, 53, 55, 56, 57, 63, 65, 66, 67, 72, 73, 76, 77, 78, 80, 82, 83, 85, 86, 91, 92, 95, 96, 98]
(Gen. 143) BestSol = Solution: cost=[42065.0], size=[53], elements=[1, 2, 3, 4, 6, 9, 16, 18, 20, 21, 23, 24, 25, 26, 27, 28, 30, 31, 32, 34, 36, 37, 38, 40, 41, 43, 46, 48, 51, 52, 53, 55, 56, 57, 63, 65, 66, 67, 72, 73, 76, 77, 78, 80, 82, 83, 85, 86, 91, 92, 95, 96, 98]
(Gen. 222) BestSol = Solution: cost=[42123.0], size=[53], elements=[1, 2, 3, 4, 6, 9, 16, 18, 20, 21, 23, 24, 25, 26, 27, 28, 30, 31, 32, 34, 36, 37, 38, 39, 40, 41, 43, 46, 48, 51, 52, 55, 56, 57, 63, 65, 66, 67, 72, 73, 76, 77, 78, 80, 82, 83, 85, 86, 91, 92, 95, 96, 98]
Finished after 1222 generations.
Best solution found: Solution: cost=[42123.0], size=[53], elements=[1, 2, 3, 4, 6, 9, 16, 18, 20, 21, 23, 24, 25, 26, 27, 28, 30, 31, 32, 34, 36, 37, 38, 39, 40, 41, 43, 46, 48, 51, 52, 55, 56, 57, 63, 65, 66, 67, 72, 73, 76, 77, 78, 80, 82, 83, 85, 86, 91, 92, 95, 96, 98] in time: 24.497 s.
Stopping criterion: stagnation_1000.
42123.0
